{"/opt/Enterprise-Deployment-Suite/backend/debug/customers.e2e-sspec.ts": {"path":"/opt/Enterprise-Deployment-Suite/backend/debug/customers.e2e-sspec.ts","statementMap":{"0":{"start":{"line":1,"column":0},"end":{"line":1,"column":37}},"1":{"start":{"line":4,"column":0},"end":{"line":4,"column":54}},"2":{"start":{"line":6,"column":0},"end":{"line":6,"column":46}},"3":{"start":{"line":8,"column":0},"end":{"line":33,"column":3}},"4":{"start":{"line":11,"column":2},"end":{"line":18,"column":5}},"5":{"start":{"line":12,"column":41},"end":{"line":14,"column":16}},"6":{"start":{"line":16,"column":4},"end":{"line":16,"column":48}},"7":{"start":{"line":17,"column":4},"end":{"line":17,"column":21}},"8":{"start":{"line":20,"column":2},"end":{"line":22,"column":5}},"9":{"start":{"line":21,"column":4},"end":{"line":21,"column":22}},"10":{"start":{"line":24,"column":2},"end":{"line":27,"column":5}},"11":{"start":{"line":25,"column":16},"end":{"line":25,"column":68}},"12":{"start":{"line":26,"column":4},"end":{"line":26,"column":45}},"13":{"start":{"line":29,"column":2},"end":{"line":32,"column":5}},"14":{"start":{"line":30,"column":16},"end":{"line":30,"column":70}},"15":{"start":{"line":31,"column":4},"end":{"line":31,"column":45}}},"fnMap":{"0":{"name":"(anonymous_0)","decl":{"start":{"line":8,"column":38},"end":{"line":8,"column":41}},"loc":{"start":{"line":8,"column":43},"end":{"line":33,"column":1}}},"1":{"name":"(anonymous_1)","decl":{"start":{"line":11,"column":12},"end":{"line":11,"column":17}},"loc":{"start":{"line":11,"column":23},"end":{"line":18,"column":3}}},"2":{"name":"(anonymous_2)","decl":{"start":{"line":20,"column":11},"end":{"line":20,"column":16}},"loc":{"start":{"line":20,"column":22},"end":{"line":22,"column":3}}},"3":{"name":"(anonymous_3)","decl":{"start":{"line":24,"column":43},"end":{"line":24,"column":48}},"loc":{"start":{"line":24,"column":54},"end":{"line":27,"column":3}}},"4":{"name":"(anonymous_4)","decl":{"start":{"line":29,"column":54},"end":{"line":29,"column":59}},"loc":{"start":{"line":29,"column":65},"end":{"line":32,"column":3}}}},"branchMap":{},"s":{"0":0,"1":0,"2":0,"3":0,"4":0,"5":0,"6":0,"7":0,"8":0,"9":0,"10":0,"11":0,"12":0,"13":0,"14":0,"15":0},"f":{"0":0,"1":0,"2":0,"3":0,"4":0},"b":{}}
,"/opt/Enterprise-Deployment-Suite/backend/debug/devices.e2e-sspec.ts": {"path":"/opt/Enterprise-Deployment-Suite/backend/debug/devices.e2e-sspec.ts","statementMap":{"0":{"start":{"line":1,"column":0},"end":{"line":1,"column":37}},"1":{"start":{"line":4,"column":0},"end":{"line":4,"column":54}},"2":{"start":{"line":6,"column":0},"end":{"line":6,"column":46}},"3":{"start":{"line":8,"column":0},"end":{"line":35,"column":3}},"4":{"start":{"line":11,"column":2},"end":{"line":18,"column":5}},"5":{"start":{"line":12,"column":41},"end":{"line":14,"column":16}},"6":{"start":{"line":16,"column":4},"end":{"line":16,"column":48}},"7":{"start":{"line":17,"column":4},"end":{"line":17,"column":21}},"8":{"start":{"line":20,"column":2},"end":{"line":22,"column":5}},"9":{"start":{"line":21,"column":4},"end":{"line":21,"column":22}},"10":{"start":{"line":24,"column":2},"end":{"line":28,"column":5}},"11":{"start":{"line":25,"column":16},"end":{"line":25,"column":66}},"12":{"start":{"line":26,"column":4},"end":{"line":26,"column":33}},"13":{"start":{"line":30,"column":2},"end":{"line":34,"column":5}},"14":{"start":{"line":31,"column":16},"end":{"line":31,"column":68}},"15":{"start":{"line":33,"column":4},"end":{"line":33,"column":45}}},"fnMap":{"0":{"name":"(anonymous_0)","decl":{"start":{"line":8,"column":36},"end":{"line":8,"column":39}},"loc":{"start":{"line":8,"column":41},"end":{"line":35,"column":1}}},"1":{"name":"(anonymous_1)","decl":{"start":{"line":11,"column":12},"end":{"line":11,"column":17}},"loc":{"start":{"line":11,"column":23},"end":{"line":18,"column":3}}},"2":{"name":"(anonymous_2)","decl":{"start":{"line":20,"column":11},"end":{"line":20,"column":16}},"loc":{"start":{"line":20,"column":22},"end":{"line":22,"column":3}}},"3":{"name":"(anonymous_3)","decl":{"start":{"line":24,"column":41},"end":{"line":24,"column":46}},"loc":{"start":{"line":24,"column":52},"end":{"line":28,"column":3}}},"4":{"name":"(anonymous_4)","decl":{"start":{"line":30,"column":52},"end":{"line":30,"column":57}},"loc":{"start":{"line":30,"column":63},"end":{"line":34,"column":3}}}},"branchMap":{},"s":{"0":0,"1":0,"2":0,"3":0,"4":0,"5":0,"6":0,"7":0,"8":0,"9":0,"10":0,"11":0,"12":0,"13":0,"14":0,"15":0},"f":{"0":0,"1":0,"2":0,"3":0,"4":0},"b":{}}
,"/opt/Enterprise-Deployment-Suite/backend/debug/images.e2e-sspec.ts": {"path":"/opt/Enterprise-Deployment-Suite/backend/debug/images.e2e-sspec.ts","statementMap":{"0":{"start":{"line":1,"column":0},"end":{"line":1,"column":37}},"1":{"start":{"line":4,"column":0},"end":{"line":4,"column":54}},"2":{"start":{"line":6,"column":0},"end":{"line":6,"column":46}},"3":{"start":{"line":8,"column":0},"end":{"line":33,"column":3}},"4":{"start":{"line":11,"column":2},"end":{"line":18,"column":5}},"5":{"start":{"line":12,"column":41},"end":{"line":14,"column":16}},"6":{"start":{"line":16,"column":4},"end":{"line":16,"column":48}},"7":{"start":{"line":17,"column":4},"end":{"line":17,"column":21}},"8":{"start":{"line":20,"column":2},"end":{"line":22,"column":5}},"9":{"start":{"line":21,"column":4},"end":{"line":21,"column":22}},"10":{"start":{"line":24,"column":2},"end":{"line":27,"column":5}},"11":{"start":{"line":25,"column":16},"end":{"line":25,"column":65}},"12":{"start":{"line":26,"column":4},"end":{"line":26,"column":45}},"13":{"start":{"line":29,"column":2},"end":{"line":32,"column":5}},"14":{"start":{"line":30,"column":16},"end":{"line":30,"column":67}},"15":{"start":{"line":31,"column":4},"end":{"line":31,"column":45}}},"fnMap":{"0":{"name":"(anonymous_0)","decl":{"start":{"line":8,"column":35},"end":{"line":8,"column":38}},"loc":{"start":{"line":8,"column":40},"end":{"line":33,"column":1}}},"1":{"name":"(anonymous_1)","decl":{"start":{"line":11,"column":12},"end":{"line":11,"column":17}},"loc":{"start":{"line":11,"column":23},"end":{"line":18,"column":3}}},"2":{"name":"(anonymous_2)","decl":{"start":{"line":20,"column":11},"end":{"line":20,"column":16}},"loc":{"start":{"line":20,"column":22},"end":{"line":22,"column":3}}},"3":{"name":"(anonymous_3)","decl":{"start":{"line":24,"column":40},"end":{"line":24,"column":45}},"loc":{"start":{"line":24,"column":51},"end":{"line":27,"column":3}}},"4":{"name":"(anonymous_4)","decl":{"start":{"line":29,"column":51},"end":{"line":29,"column":56}},"loc":{"start":{"line":29,"column":62},"end":{"line":32,"column":3}}}},"branchMap":{},"s":{"0":0,"1":0,"2":0,"3":0,"4":0,"5":0,"6":0,"7":0,"8":0,"9":0,"10":0,"11":0,"12":0,"13":0,"14":0,"15":0},"f":{"0":0,"1":0,"2":0,"3":0,"4":0},"b":{}}
,"/opt/Enterprise-Deployment-Suite/backend/debug/jobs.e2e-sspec.ts": {"path":"/opt/Enterprise-Deployment-Suite/backend/debug/jobs.e2e-sspec.ts","statementMap":{"0":{"start":{"line":1,"column":0},"end":{"line":1,"column":37}},"1":{"start":{"line":4,"column":0},"end":{"line":4,"column":54}},"2":{"start":{"line":6,"column":0},"end":{"line":6,"column":46}},"3":{"start":{"line":8,"column":0},"end":{"line":38,"column":3}},"4":{"start":{"line":11,"column":2},"end":{"line":18,"column":5}},"5":{"start":{"line":12,"column":41},"end":{"line":14,"column":16}},"6":{"start":{"line":16,"column":4},"end":{"line":16,"column":48}},"7":{"start":{"line":17,"column":4},"end":{"line":17,"column":21}},"8":{"start":{"line":20,"column":2},"end":{"line":22,"column":5}},"9":{"start":{"line":21,"column":4},"end":{"line":21,"column":22}},"10":{"start":{"line":24,"column":2},"end":{"line":27,"column":5}},"11":{"start":{"line":25,"column":16},"end":{"line":25,"column":63}},"12":{"start":{"line":26,"column":4},"end":{"line":26,"column":45}},"13":{"start":{"line":29,"column":2},"end":{"line":32,"column":5}},"14":{"start":{"line":30,"column":16},"end":{"line":30,"column":65}},"15":{"start":{"line":31,"column":4},"end":{"line":31,"column":45}},"16":{"start":{"line":34,"column":2},"end":{"line":37,"column":5}},"17":{"start":{"line":35,"column":16},"end":{"line":35,"column":73}},"18":{"start":{"line":36,"column":4},"end":{"line":36,"column":45}}},"fnMap":{"0":{"name":"(anonymous_0)","decl":{"start":{"line":8,"column":33},"end":{"line":8,"column":36}},"loc":{"start":{"line":8,"column":38},"end":{"line":38,"column":1}}},"1":{"name":"(anonymous_1)","decl":{"start":{"line":11,"column":12},"end":{"line":11,"column":17}},"loc":{"start":{"line":11,"column":23},"end":{"line":18,"column":3}}},"2":{"name":"(anonymous_2)","decl":{"start":{"line":20,"column":11},"end":{"line":20,"column":16}},"loc":{"start":{"line":20,"column":22},"end":{"line":22,"column":3}}},"3":{"name":"(anonymous_3)","decl":{"start":{"line":24,"column":38},"end":{"line":24,"column":43}},"loc":{"start":{"line":24,"column":49},"end":{"line":27,"column":3}}},"4":{"name":"(anonymous_4)","decl":{"start":{"line":29,"column":49},"end":{"line":29,"column":54}},"loc":{"start":{"line":29,"column":60},"end":{"line":32,"column":3}}},"5":{"name":"(anonymous_5)","decl":{"start":{"line":34,"column":46},"end":{"line":34,"column":51}},"loc":{"start":{"line":34,"column":57},"end":{"line":37,"column":3}}}},"branchMap":{},"s":{"0":0,"1":0,"2":0,"3":0,"4":0,"5":0,"6":0,"7":0,"8":0,"9":0,"10":0,"11":0,"12":0,"13":0,"14":0,"15":0,"16":0,"17":0,"18":0},"f":{"0":0,"1":0,"2":0,"3":0,"4":0,"5":0},"b":{}}
,"/opt/Enterprise-Deployment-Suite/backend/debug/network.e2e-sspec.ts": {"path":"/opt/Enterprise-Deployment-Suite/backend/debug/network.e2e-sspec.ts","statementMap":{"0":{"start":{"line":1,"column":0},"end":{"line":1,"column":37}},"1":{"start":{"line":4,"column":0},"end":{"line":4,"column":54}},"2":{"start":{"line":6,"column":0},"end":{"line":6,"column":46}},"3":{"start":{"line":8,"column":0},"end":{"line":33,"column":3}},"4":{"start":{"line":11,"column":2},"end":{"line":18,"column":5}},"5":{"start":{"line":12,"column":41},"end":{"line":14,"column":16}},"6":{"start":{"line":16,"column":4},"end":{"line":16,"column":48}},"7":{"start":{"line":17,"column":4},"end":{"line":17,"column":21}},"8":{"start":{"line":20,"column":2},"end":{"line":22,"column":5}},"9":{"start":{"line":21,"column":4},"end":{"line":21,"column":22}},"10":{"start":{"line":24,"column":2},"end":{"line":27,"column":5}},"11":{"start":{"line":25,"column":16},"end":{"line":25,"column":66}},"12":{"start":{"line":26,"column":4},"end":{"line":26,"column":45}},"13":{"start":{"line":29,"column":2},"end":{"line":32,"column":5}},"14":{"start":{"line":30,"column":16},"end":{"line":30,"column":68}},"15":{"start":{"line":31,"column":4},"end":{"line":31,"column":45}}},"fnMap":{"0":{"name":"(anonymous_0)","decl":{"start":{"line":8,"column":36},"end":{"line":8,"column":39}},"loc":{"start":{"line":8,"column":41},"end":{"line":33,"column":1}}},"1":{"name":"(anonymous_1)","decl":{"start":{"line":11,"column":12},"end":{"line":11,"column":17}},"loc":{"start":{"line":11,"column":23},"end":{"line":18,"column":3}}},"2":{"name":"(anonymous_2)","decl":{"start":{"line":20,"column":11},"end":{"line":20,"column":16}},"loc":{"start":{"line":20,"column":22},"end":{"line":22,"column":3}}},"3":{"name":"(anonymous_3)","decl":{"start":{"line":24,"column":41},"end":{"line":24,"column":46}},"loc":{"start":{"line":24,"column":52},"end":{"line":27,"column":3}}},"4":{"name":"(anonymous_4)","decl":{"start":{"line":29,"column":52},"end":{"line":29,"column":57}},"loc":{"start":{"line":29,"column":63},"end":{"line":32,"column":3}}}},"branchMap":{},"s":{"0":0,"1":0,"2":0,"3":0,"4":0,"5":0,"6":0,"7":0,"8":0,"9":0,"10":0,"11":0,"12":0,"13":0,"14":0,"15":0},"f":{"0":0,"1":0,"2":0,"3":0,"4":0},"b":{}}
,"/opt/Enterprise-Deployment-Suite/backend/debug/system.e2e-sspec.ts": {"path":"/opt/Enterprise-Deployment-Suite/backend/debug/system.e2e-sspec.ts","statementMap":{"0":{"start":{"line":1,"column":0},"end":{"line":1,"column":37}},"1":{"start":{"line":4,"column":0},"end":{"line":4,"column":54}},"2":{"start":{"line":6,"column":0},"end":{"line":6,"column":46}},"3":{"start":{"line":8,"column":0},"end":{"line":28,"column":3}},"4":{"start":{"line":11,"column":2},"end":{"line":18,"column":5}},"5":{"start":{"line":12,"column":41},"end":{"line":14,"column":16}},"6":{"start":{"line":16,"column":4},"end":{"line":16,"column":48}},"7":{"start":{"line":17,"column":4},"end":{"line":17,"column":21}},"8":{"start":{"line":20,"column":2},"end":{"line":22,"column":5}},"9":{"start":{"line":21,"column":4},"end":{"line":21,"column":22}},"10":{"start":{"line":24,"column":2},"end":{"line":27,"column":5}},"11":{"start":{"line":25,"column":16},"end":{"line":25,"column":72}},"12":{"start":{"line":26,"column":4},"end":{"line":26,"column":45}}},"fnMap":{"0":{"name":"(anonymous_0)","decl":{"start":{"line":8,"column":35},"end":{"line":8,"column":38}},"loc":{"start":{"line":8,"column":40},"end":{"line":28,"column":1}}},"1":{"name":"(anonymous_1)","decl":{"start":{"line":11,"column":12},"end":{"line":11,"column":17}},"loc":{"start":{"line":11,"column":23},"end":{"line":18,"column":3}}},"2":{"name":"(anonymous_2)","decl":{"start":{"line":20,"column":11},"end":{"line":20,"column":16}},"loc":{"start":{"line":20,"column":22},"end":{"line":22,"column":3}}},"3":{"name":"(anonymous_3)","decl":{"start":{"line":24,"column":47},"end":{"line":24,"column":52}},"loc":{"start":{"line":24,"column":58},"end":{"line":27,"column":3}}}},"branchMap":{},"s":{"0":0,"1":0,"2":0,"3":0,"4":0,"5":0,"6":0,"7":0,"8":0,"9":0,"10":0,"11":0,"12":0},"f":{"0":0,"1":0,"2":0,"3":0},"b":{}}
,"/opt/Enterprise-Deployment-Suite/backend/debug/vpn.e2e-sspec.ts": {"path":"/opt/Enterprise-Deployment-Suite/backend/debug/vpn.e2e-sspec.ts","statementMap":{"0":{"start":{"line":1,"column":0},"end":{"line":1,"column":37}},"1":{"start":{"line":4,"column":0},"end":{"line":4,"column":54}},"2":{"start":{"line":6,"column":0},"end":{"line":6,"column":46}},"3":{"start":{"line":8,"column":0},"end":{"line":38,"column":3}},"4":{"start":{"line":11,"column":2},"end":{"line":18,"column":5}},"5":{"start":{"line":12,"column":41},"end":{"line":14,"column":16}},"6":{"start":{"line":16,"column":4},"end":{"line":16,"column":48}},"7":{"start":{"line":17,"column":4},"end":{"line":17,"column":21}},"8":{"start":{"line":20,"column":2},"end":{"line":22,"column":5}},"9":{"start":{"line":21,"column":4},"end":{"line":21,"column":22}},"10":{"start":{"line":24,"column":2},"end":{"line":27,"column":5}},"11":{"start":{"line":25,"column":16},"end":{"line":25,"column":62}},"12":{"start":{"line":26,"column":4},"end":{"line":26,"column":45}},"13":{"start":{"line":29,"column":2},"end":{"line":32,"column":5}},"14":{"start":{"line":30,"column":16},"end":{"line":30,"column":64}},"15":{"start":{"line":31,"column":4},"end":{"line":31,"column":45}},"16":{"start":{"line":34,"column":2},"end":{"line":37,"column":5}},"17":{"start":{"line":35,"column":16},"end":{"line":35,"column":69}},"18":{"start":{"line":36,"column":4},"end":{"line":36,"column":45}}},"fnMap":{"0":{"name":"(anonymous_0)","decl":{"start":{"line":8,"column":32},"end":{"line":8,"column":35}},"loc":{"start":{"line":8,"column":37},"end":{"line":38,"column":1}}},"1":{"name":"(anonymous_1)","decl":{"start":{"line":11,"column":12},"end":{"line":11,"column":17}},"loc":{"start":{"line":11,"column":23},"end":{"line":18,"column":3}}},"2":{"name":"(anonymous_2)","decl":{"start":{"line":20,"column":11},"end":{"line":20,"column":16}},"loc":{"start":{"line":20,"column":22},"end":{"line":22,"column":3}}},"3":{"name":"(anonymous_3)","decl":{"start":{"line":24,"column":37},"end":{"line":24,"column":42}},"loc":{"start":{"line":24,"column":48},"end":{"line":27,"column":3}}},"4":{"name":"(anonymous_4)","decl":{"start":{"line":29,"column":48},"end":{"line":29,"column":53}},"loc":{"start":{"line":29,"column":59},"end":{"line":32,"column":3}}},"5":{"name":"(anonymous_5)","decl":{"start":{"line":34,"column":53},"end":{"line":34,"column":58}},"loc":{"start":{"line":34,"column":64},"end":{"line":37,"column":3}}}},"branchMap":{},"s":{"0":0,"1":0,"2":0,"3":0,"4":0,"5":0,"6":0,"7":0,"8":0,"9":0,"10":0,"11":0,"12":0,"13":0,"14":0,"15":0,"16":0,"17":0,"18":0},"f":{"0":0,"1":0,"2":0,"3":0,"4":0,"5":0},"b":{}}
,"/opt/Enterprise-Deployment-Suite/backend/src/auth/auth.config.service.ts": {"path":"/opt/Enterprise-Deployment-Suite/backend/src/auth/auth.config.service.ts","statementMap":{"0":{"start":{"line":2,"column":0},"end":{"line":2,"column":59}},"1":{"start":{"line":3,"column":0},"end":{"line":3,"column":72}},"2":{"start":{"line":5,"column":0},"end":{"line":5,"column":44}},"3":{"start":{"line":9,"column":7},"end":{"line":51,"column":null}},"4":{"start":{"line":10,"column":31},"end":{"line":10,"column":39}},"5":{"start":{"line":35,"column":9},"end":{"line":43,"column":5}},"6":{"start":{"line":35,"column":53},"end":{"line":43,"column":4}},"7":{"start":{"line":45,"column":9},"end":{"line":50,"column":5}},"8":{"start":{"line":45,"column":60},"end":{"line":50,"column":4}},"9":{"start":{"line":13,"column":19},"end":{"line":13,"column":56}},"10":{"start":{"line":14,"column":4},"end":{"line":16,"column":5}},"11":{"start":{"line":15,"column":6},"end":{"line":15,"column":47}},"12":{"start":{"line":17,"column":4},"end":{"line":17,"column":18}},"13":{"start":{"line":20,"column":4},"end":{"line":20,"column":64}},"14":{"start":{"line":24,"column":4},"end":{"line":24,"column":73}},"15":{"start":{"line":28,"column":4},"end":{"line":28,"column":56}},"16":{"start":{"line":32,"column":4},"end":{"line":32,"column":59}},"17":{"start":{"line":9,"column":13},"end":{"line":9,"column":30}},"18":{"start":{"line":9,"column":13},"end":{"line":51,"column":null}}},"fnMap":{"0":{"name":"(anonymous_2)","decl":{"start":{"line":10,"column":2},"end":{"line":10,"column":31}},"loc":{"start":{"line":10,"column":56},"end":{"line":10,"column":60}}},"1":{"name":"(anonymous_3)","decl":{"start":{"line":35,"column":28},"end":{"line":35,"column":49}},"loc":{"start":{"line":35,"column":53},"end":{"line":43,"column":4}}},"2":{"name":"(anonymous_4)","decl":{"start":{"line":45,"column":36},"end":{"line":45,"column":56}},"loc":{"start":{"line":45,"column":60},"end":{"line":50,"column":4}}},"3":{"name":"(anonymous_5)","decl":{"start":{"line":12,"column":2},"end":{"line":12,"column":14}},"loc":{"start":{"line":12,"column":23},"end":{"line":18,"column":3}}},"4":{"name":"(anonymous_6)","decl":{"start":{"line":19,"column":2},"end":{"line":19,"column":14}},"loc":{"start":{"line":19,"column":26},"end":{"line":21,"column":3}}},"5":{"name":"(anonymous_7)","decl":{"start":{"line":23,"column":2},"end":{"line":23,"column":14}},"loc":{"start":{"line":23,"column":25},"end":{"line":25,"column":3}}},"6":{"name":"(anonymous_8)","decl":{"start":{"line":27,"column":2},"end":{"line":27,"column":14}},"loc":{"start":{"line":27,"column":23},"end":{"line":29,"column":3}}},"7":{"name":"(anonymous_9)","decl":{"start":{"line":31,"column":2},"end":{"line":31,"column":14}},"loc":{"start":{"line":31,"column":27},"end":{"line":33,"column":3}}}},"branchMap":{"0":{"loc":{"start":{"line":14,"column":4},"end":{"line":16,"column":5}},"type":"if","locations":[{"start":{"line":14,"column":4},"end":{"line":16,"column":5}}]}},"s":{"0":1,"1":1,"2":1,"3":1,"4":4,"5":4,"6":2,"7":4,"8":2,"9":4,"10":4,"11":0,"12":4,"13":2,"14":4,"15":4,"16":2,"17":1,"18":1},"f":{"0":4,"1":2,"2":2,"3":4,"4":2,"5":4,"6":4,"7":2},"b":{"0":[0]}}
,"/opt/Enterprise-Deployment-Suite/backend/src/auth/auth.controller.ts": {"path":"/opt/Enterprise-Deployment-Suite/backend/src/auth/auth.controller.ts","statementMap":{"0":{"start":{"line":1,"column":0},"end":{"line":1,"column":78}},"1":{"start":{"line":3,"column":0},"end":{"line":3,"column":70}},"2":{"start":{"line":4,"column":0},"end":{"line":4,"column":62}},"3":{"start":{"line":5,"column":0},"end":{"line":5,"column":45}},"4":{"start":{"line":6,"column":0},"end":{"line":6,"column":55}},"5":{"start":{"line":10,"column":0},"end":{"line":10,"column":null}},"6":{"start":{"line":14,"column":0},"end":{"line":14,"column":85}},"7":{"start":{"line":17,"column":7},"end":{"line":68,"column":null}},"8":{"start":{"line":20,"column":21},"end":{"line":20,"column":34}},"9":{"start":{"line":21,"column":21},"end":{"line":21,"column":42}},"10":{"start":{"line":18,"column":19},"end":{"line":18,"column":57}},"11":{"start":{"line":26,"column":4},"end":{"line":26,"column":42}},"12":{"start":{"line":31,"column":4},"end":{"line":31,"column":59}},"13":{"start":{"line":38,"column":4},"end":{"line":38,"column":47}},"14":{"start":{"line":40,"column":4},"end":{"line":40,"column":70}},"15":{"start":{"line":48,"column":4},"end":{"line":48,"column":47}},"16":{"start":{"line":50,"column":4},"end":{"line":50,"column":54}},"17":{"start":{"line":58,"column":4},"end":{"line":58,"column":74}},"18":{"start":{"line":66,"column":4},"end":{"line":66,"column":84}},"19":{"start":{"line":17,"column":13},"end":{"line":17,"column":27}},"20":{"start":{"line":25,"column":15},"end":{"line":27,"column":null}},"21":{"start":{"line":30,"column":15},"end":{"line":32,"column":null}},"22":{"start":{"line":35,"column":15},"end":{"line":41,"column":null}},"23":{"start":{"line":45,"column":15},"end":{"line":51,"column":null}},"24":{"start":{"line":54,"column":15},"end":{"line":54,"column":null}},"25":{"start":{"line":57,"column":15},"end":{"line":59,"column":null}},"26":{"start":{"line":62,"column":15},"end":{"line":67,"column":null}},"27":{"start":{"line":17,"column":13},"end":{"line":68,"column":null}}},"fnMap":{"0":{"name":"(anonymous_4)","decl":{"start":{"line":19,"column":2},"end":{"line":19,"column":null}},"loc":{"start":{"line":21,"column":61},"end":{"line":22,"column":6}}},"1":{"name":"(anonymous_5)","decl":{"start":{"line":25,"column":9},"end":{"line":25,"column":14}},"loc":{"start":{"line":25,"column":26},"end":{"line":27,"column":3}}},"2":{"name":"(anonymous_6)","decl":{"start":{"line":30,"column":9},"end":{"line":30,"column":14}},"loc":{"start":{"line":30,"column":73},"end":{"line":32,"column":3}}},"3":{"name":"(anonymous_7)","decl":{"start":{"line":35,"column":9},"end":{"line":35,"column":14}},"loc":{"start":{"line":36,"column":48},"end":{"line":41,"column":3}}},"4":{"name":"(anonymous_8)","decl":{"start":{"line":45,"column":9},"end":{"line":45,"column":14}},"loc":{"start":{"line":46,"column":52},"end":{"line":51,"column":3}}},"5":{"name":"(anonymous_9)","decl":{"start":{"line":54,"column":9},"end":{"line":54,"column":14}},"loc":{"start":{"line":54,"column":28},"end":{"line":54,"column":48}}},"6":{"name":"(anonymous_10)","decl":{"start":{"line":57,"column":9},"end":{"line":57,"column":14}},"loc":{"start":{"line":57,"column":82},"end":{"line":59,"column":3}}},"7":{"name":"(anonymous_11)","decl":{"start":{"line":62,"column":9},"end":{"line":62,"column":14}},"loc":{"start":{"line":64,"column":32},"end":{"line":67,"column":3}}}},"branchMap":{},"s":{"0":1,"1":1,"2":1,"3":1,"4":1,"5":1,"6":1,"7":1,"8":2,"9":2,"10":2,"11":0,"12":0,"13":0,"14":0,"15":0,"16":0,"17":0,"18":0,"19":1,"20":1,"21":1,"22":1,"23":1,"24":1,"25":1,"26":1,"27":1},"f":{"0":2,"1":0,"2":0,"3":0,"4":0,"5":0,"6":0,"7":0},"b":{}}
,"/opt/Enterprise-Deployment-Suite/backend/src/auth/auth.module.ts": {"path":"/opt/Enterprise-Deployment-Suite/backend/src/auth/auth.module.ts","statementMap":{"0":{"start":{"line":1,"column":0},"end":{"line":1,"column":48}},"1":{"start":{"line":2,"column":0},"end":{"line":2,"column":41}},"2":{"start":{"line":3,"column":0},"end":{"line":3,"column":40}},"3":{"start":{"line":5,"column":0},"end":{"line":5,"column":51}},"4":{"start":{"line":7,"column":0},"end":{"line":7,"column":58}},"5":{"start":{"line":8,"column":0},"end":{"line":8,"column":51}},"6":{"start":{"line":9,"column":0},"end":{"line":9,"column":45}},"7":{"start":{"line":10,"column":0},"end":{"line":10,"column":58}},"8":{"start":{"line":11,"column":0},"end":{"line":11,"column":83}},"9":{"start":{"line":12,"column":0},"end":{"line":12,"column":76}},"10":{"start":{"line":13,"column":0},"end":{"line":13,"column":70}},"11":{"start":{"line":14,"column":0},"end":{"line":14,"column":72}},"12":{"start":{"line":15,"column":0},"end":{"line":15,"column":63}},"13":{"start":{"line":16,"column":0},"end":{"line":16,"column":62}},"14":{"start":{"line":17,"column":0},"end":{"line":17,"column":60}},"15":{"start":{"line":18,"column":0},"end":{"line":18,"column":83}},"16":{"start":{"line":44,"column":7},"end":{"line":44,"column":null}},"17":{"start":{"line":44,"column":13},"end":{"line":44,"column":23}},"18":{"start":{"line":44,"column":13},"end":{"line":44,"column":null}}},"fnMap":{},"branchMap":{},"s":{"0":1,"1":1,"2":1,"3":1,"4":1,"5":1,"6":1,"7":1,"8":1,"9":1,"10":1,"11":1,"12":1,"13":1,"14":1,"15":1,"16":1,"17":1,"18":1},"f":{},"b":{}}
,"/opt/Enterprise-Deployment-Suite/backend/src/auth/auth.service.ts": {"path":"/opt/Enterprise-Deployment-Suite/backend/src/auth/auth.service.ts","statementMap":{"0":{"start":{"line":1,"column":0},"end":{"line":1,"column":52}},"1":{"start":{"line":3,"column":0},"end":{"line":3,"column":66}},"2":{"start":{"line":4,"column":0},"end":{"line":4,"column":53}},"3":{"start":{"line":7,"column":0},"end":{"line":7,"column":68}},"4":{"start":{"line":9,"column":0},"end":{"line":9,"column":62}},"5":{"start":{"line":10,"column":0},"end":{"line":10,"column":85}},"6":{"start":{"line":13,"column":7},"end":{"line":79,"column":null}},"7":{"start":{"line":18,"column":21},"end":{"line":18,"column":40}},"8":{"start":{"line":19,"column":21},"end":{"line":19,"column":25}},"9":{"start":{"line":20,"column":21},"end":{"line":20,"column":33}},"10":{"start":{"line":21,"column":21},"end":{"line":21,"column":42}},"11":{"start":{"line":14,"column":19},"end":{"line":14,"column":54}},"12":{"start":{"line":25,"column":18},"end":{"line":25,"column":87}},"13":{"start":{"line":27,"column":4},"end":{"line":35,"column":5}},"14":{"start":{"line":28,"column":6},"end":{"line":28,"column":86}},"15":{"start":{"line":29,"column":6},"end":{"line":34,"column":9}},"16":{"start":{"line":37,"column":4},"end":{"line":37,"column":35}},"17":{"start":{"line":38,"column":4},"end":{"line":38,"column":43}},"18":{"start":{"line":40,"column":4},"end":{"line":40,"column":45}},"19":{"start":{"line":44,"column":4},"end":{"line":44,"column":65}},"20":{"start":{"line":46,"column":20},"end":{"line":46,"column":73}},"21":{"start":{"line":48,"column":4},"end":{"line":48,"column":35}},"22":{"start":{"line":49,"column":4},"end":{"line":49,"column":43}},"23":{"start":{"line":51,"column":4},"end":{"line":51,"column":45}},"24":{"start":{"line":55,"column":4},"end":{"line":55,"column":70}},"25":{"start":{"line":57,"column":4},"end":{"line":57,"column":61}},"26":{"start":{"line":61,"column":4},"end":{"line":61,"column":64}},"27":{"start":{"line":63,"column":4},"end":{"line":63,"column":61}},"28":{"start":{"line":67,"column":4},"end":{"line":67,"column":44}},"29":{"start":{"line":71,"column":20},"end":{"line":71,"column":82}},"30":{"start":{"line":72,"column":4},"end":{"line":72,"column":34}},"31":{"start":{"line":76,"column":4},"end":{"line":76,"column":79}},"32":{"start":{"line":77,"column":4},"end":{"line":77,"column":61}},"33":{"start":{"line":13,"column":13},"end":{"line":13,"column":24}},"34":{"start":{"line":13,"column":13},"end":{"line":79,"column":null}}},"fnMap":{"0":{"name":"(anonymous_4)","decl":{"start":{"line":16,"column":2},"end":{"line":16,"column":null}},"loc":{"start":{"line":21,"column":61},"end":{"line":22,"column":6}}},"1":{"name":"(anonymous_5)","decl":{"start":{"line":24,"column":2},"end":{"line":24,"column":7}},"loc":{"start":{"line":24,"column":52},"end":{"line":41,"column":3}}},"2":{"name":"(anonymous_6)","decl":{"start":{"line":43,"column":2},"end":{"line":43,"column":7}},"loc":{"start":{"line":43,"column":31},"end":{"line":52,"column":3}}},"3":{"name":"(anonymous_7)","decl":{"start":{"line":54,"column":2},"end":{"line":54,"column":7}},"loc":{"start":{"line":54,"column":49},"end":{"line":58,"column":3}}},"4":{"name":"(anonymous_8)","decl":{"start":{"line":60,"column":2},"end":{"line":60,"column":7}},"loc":{"start":{"line":60,"column":37},"end":{"line":64,"column":3}}},"5":{"name":"(anonymous_9)","decl":{"start":{"line":66,"column":2},"end":{"line":66,"column":7}},"loc":{"start":{"line":66,"column":19},"end":{"line":68,"column":3}}},"6":{"name":"(anonymous_10)","decl":{"start":{"line":70,"column":9},"end":{"line":70,"column":14}},"loc":{"start":{"line":70,"column":54},"end":{"line":73,"column":3}}},"7":{"name":"(anonymous_11)","decl":{"start":{"line":75,"column":2},"end":{"line":75,"column":7}},"loc":{"start":{"line":75,"column":39},"end":{"line":78,"column":3}}}},"branchMap":{"0":{"loc":{"start":{"line":27,"column":4},"end":{"line":35,"column":5}},"type":"if","locations":[{"start":{"line":27,"column":4},"end":{"line":35,"column":5}}]}},"s":{"0":1,"1":1,"2":1,"3":1,"4":1,"5":1,"6":1,"7":2,"8":2,"9":2,"10":2,"11":2,"12":0,"13":0,"14":0,"15":0,"16":0,"17":0,"18":0,"19":0,"20":0,"21":0,"22":0,"23":0,"24":0,"25":0,"26":0,"27":0,"28":0,"29":0,"30":0,"31":0,"32":0,"33":1,"34":1},"f":{"0":2,"1":0,"2":0,"3":0,"4":0,"5":0,"6":0,"7":0},"b":{"0":[0]}}
,"/opt/Enterprise-Deployment-Suite/backend/src/auth/decorators/device-token.decorator.ts": {"path":"/opt/Enterprise-Deployment-Suite/backend/src/auth/decorators/device-token.decorator.ts","statementMap":{"0":{"start":{"line":2,"column":0},"end":{"line":2,"column":73}},"1":{"start":{"line":4,"column":0},"end":{"line":4,"column":66}},"2":{"start":{"line":5,"column":0},"end":{"line":5,"column":51}},"3":{"start":{"line":7,"column":13},"end":{"line":7,"column":59}},"4":{"start":{"line":9,"column":35},"end":{"line":13,"column":null}},"5":{"start":{"line":10,"column":2},"end":{"line":13,"column":null}},"6":{"start":{"line":9,"column":13},"end":{"line":9,"column":35}}},"fnMap":{"0":{"name":"(anonymous_0)","decl":{"start":{"line":9,"column":35},"end":{"line":9,"column":38}},"loc":{"start":{"line":10,"column":2},"end":{"line":13,"column":null}}}},"branchMap":{},"s":{"0":1,"1":1,"2":1,"3":1,"4":1,"5":2,"6":1},"f":{"0":2},"b":{}}
,"/opt/Enterprise-Deployment-Suite/backend/src/auth/decorators/device.decorator.ts": {"path":"/opt/Enterprise-Deployment-Suite/backend/src/auth/decorators/device.decorator.ts","statementMap":{"0":{"start":{"line":1,"column":0},"end":{"line":1,"column":72}},"1":{"start":{"line":3,"column":13},"end":{"line":6,"column":3}},"2":{"start":{"line":4,"column":18},"end":{"line":4,"column":49}},"3":{"start":{"line":5,"column":2},"end":{"line":5,"column":24}}},"fnMap":{"0":{"name":"(anonymous_0)","decl":{"start":{"line":3,"column":43},"end":{"line":3,"column":44}},"loc":{"start":{"line":3,"column":84},"end":{"line":6,"column":1}}}},"branchMap":{},"s":{"0":1,"1":1,"2":0,"3":0},"f":{"0":0},"b":{}}
,"/opt/Enterprise-Deployment-Suite/backend/src/auth/decorators/public.decorator.ts": {"path":"/opt/Enterprise-Deployment-Suite/backend/src/auth/decorators/public.decorator.ts","statementMap":{"0":{"start":{"line":1,"column":0},"end":{"line":1,"column":45}},"1":{"start":{"line":3,"column":13},"end":{"line":3,"column":40}},"2":{"start":{"line":4,"column":22},"end":{"line":4,"column":60}},"3":{"start":{"line":4,"column":28},"end":{"line":4,"column":60}},"4":{"start":{"line":4,"column":13},"end":{"line":4,"column":22}}},"fnMap":{"0":{"name":"(anonymous_0)","decl":{"start":{"line":4,"column":22},"end":{"line":4,"column":25}},"loc":{"start":{"line":4,"column":28},"end":{"line":4,"column":60}}}},"branchMap":{},"s":{"0":1,"1":1,"2":1,"3":3,"4":1},"f":{"0":3},"b":{}}
,"/opt/Enterprise-Deployment-Suite/backend/src/auth/dto/login.result.dto.ts": {"path":"/opt/Enterprise-Deployment-Suite/backend/src/auth/dto/login.result.dto.ts","statementMap":{"0":{"start":{"line":8,"column":4},"end":{"line":8,"column":23}},"1":{"start":{"line":9,"column":4},"end":{"line":9,"column":33}},"2":{"start":{"line":6,"column":0},"end":{"line":6,"column":13}}},"fnMap":{"0":{"name":"(anonymous_0)","decl":{"start":{"line":7,"column":2},"end":{"line":7,"column":14}},"loc":{"start":{"line":7,"column":54},"end":{"line":10,"column":3}}}},"branchMap":{},"s":{"0":0,"1":0,"2":0},"f":{"0":0},"b":{}}
,"/opt/Enterprise-Deployment-Suite/backend/src/auth/entities/account.entity.ts": {"path":"/opt/Enterprise-Deployment-Suite/backend/src/auth/entities/account.entity.ts","statementMap":{"0":{"start":{"line":1,"column":0},"end":{"line":1,"column":66}},"1":{"start":{"line":3,"column":0},"end":{"line":3,"column":57}},"2":{"start":{"line":5,"column":0},"end":{"line":5,"column":null}},"3":{"start":{"line":6,"column":2},"end":{"line":6,"column":null}},"4":{"start":{"line":7,"column":2},"end":{"line":7,"column":null}},"5":{"start":{"line":8,"column":2},"end":{"line":8,"column":null}},"6":{"start":{"line":12,"column":7},"end":{"line":27,"column":null}},"7":{"start":{"line":12,"column":13},"end":{"line":12,"column":26}},"8":{"start":{"line":14,"column":2},"end":{"line":14,"column":null}},"9":{"start":{"line":13,"column":14},"end":{"line":13,"column":22}},"10":{"start":{"line":17,"column":2},"end":{"line":17,"column":null}},"11":{"start":{"line":20,"column":2},"end":{"line":20,"column":null}},"12":{"start":{"line":23,"column":2},"end":{"line":23,"column":null}},"13":{"start":{"line":26,"column":2},"end":{"line":26,"column":null}},"14":{"start":{"line":12,"column":13},"end":{"line":27,"column":null}}},"fnMap":{"0":{"name":"(anonymous_2)","decl":{"start":{"line":5,"column":0},"end":{"line":5,"column":12}},"loc":{"start":{"line":5,"column":20},"end":{"line":9,"column":1}}},"1":{"name":"(anonymous_3)","decl":{"start":{"line":13,"column":8},"end":{"line":13,"column":11}},"loc":{"start":{"line":13,"column":14},"end":{"line":13,"column":22}}}},"branchMap":{"0":{"loc":{"start":{"line":5,"column":12},"end":{"line":5,"column":null}},"type":"binary-expr","locations":[{"start":{"line":5,"column":12},"end":{"line":5,"column":20}},{"start":{"line":5,"column":20},"end":{"line":5,"column":null}}]}},"s":{"0":1,"1":1,"2":1,"3":1,"4":1,"5":1,"6":1,"7":1,"8":1,"9":2,"10":1,"11":1,"12":1,"13":1,"14":1},"f":{"0":1,"1":2},"b":{"0":[1,1]}}
,"/opt/Enterprise-Deployment-Suite/backend/src/auth/strategies/entraID/entraId.config.service.ts": {"path":"/opt/Enterprise-Deployment-Suite/backend/src/auth/strategies/entraID/entraId.config.service.ts","statementMap":{"0":{"start":{"line":1,"column":0},"end":{"line":1,"column":44}},"1":{"start":{"line":2,"column":0},"end":{"line":2,"column":47}},"2":{"start":{"line":5,"column":7},"end":{"line":23,"column":null}},"3":{"start":{"line":6,"column":31},"end":{"line":6,"column":46}},"4":{"start":{"line":9,"column":4},"end":{"line":9,"column":84}},"5":{"start":{"line":13,"column":4},"end":{"line":13,"column":63}},"6":{"start":{"line":17,"column":4},"end":{"line":17,"column":63}},"7":{"start":{"line":21,"column":4},"end":{"line":21,"column":14}},"8":{"start":{"line":5,"column":13},"end":{"line":5,"column":33}},"9":{"start":{"line":5,"column":13},"end":{"line":23,"column":null}}},"fnMap":{"0":{"name":"(anonymous_2)","decl":{"start":{"line":6,"column":2},"end":{"line":6,"column":31}},"loc":{"start":{"line":6,"column":59},"end":{"line":6,"column":63}}},"1":{"name":"(anonymous_3)","decl":{"start":{"line":8,"column":2},"end":{"line":8,"column":6}},"loc":{"start":{"line":8,"column":14},"end":{"line":10,"column":3}}},"2":{"name":"(anonymous_4)","decl":{"start":{"line":12,"column":2},"end":{"line":12,"column":6}},"loc":{"start":{"line":12,"column":14},"end":{"line":14,"column":3}}},"3":{"name":"(anonymous_5)","decl":{"start":{"line":16,"column":2},"end":{"line":16,"column":6}},"loc":{"start":{"line":16,"column":14},"end":{"line":18,"column":3}}},"4":{"name":"(anonymous_6)","decl":{"start":{"line":20,"column":2},"end":{"line":20,"column":6}},"loc":{"start":{"line":20,"column":22},"end":{"line":22,"column":3}}}},"branchMap":{},"s":{"0":1,"1":1,"2":1,"3":2,"4":0,"5":4,"6":2,"7":0,"8":1,"9":1},"f":{"0":2,"1":0,"2":4,"3":2,"4":0},"b":{}}
,"/opt/Enterprise-Deployment-Suite/backend/src/auth/strategies/entraID/entraId.controller.ts": {"path":"/opt/Enterprise-Deployment-Suite/backend/src/auth/strategies/entraID/entraId.controller.ts","statementMap":{"0":{"start":{"line":2,"column":0},"end":{"line":2,"column":40}},"1":{"start":{"line":3,"column":0},"end":{"line":3,"column":52}},"2":{"start":{"line":4,"column":0},"end":{"line":4,"column":62}},"3":{"start":{"line":6,"column":0},"end":{"line":6,"column":71}},"4":{"start":{"line":8,"column":0},"end":{"line":8,"column":66}},"5":{"start":{"line":10,"column":0},"end":{"line":10,"column":75}},"6":{"start":{"line":11,"column":0},"end":{"line":11,"column":81}},"7":{"start":{"line":12,"column":0},"end":{"line":12,"column":75}},"8":{"start":{"line":13,"column":0},"end":{"line":13,"column":51}},"9":{"start":{"line":17,"column":7},"end":{"line":43,"column":null}},"10":{"start":{"line":19,"column":21},"end":{"line":19,"column":34}},"11":{"start":{"line":20,"column":21},"end":{"line":20,"column":42}},"12":{"start":{"line":32,"column":24},"end":{"line":32,"column":74}},"13":{"start":{"line":34,"column":19},"end":{"line":38,"column":6}},"14":{"start":{"line":39,"column":4},"end":{"line":39,"column":53}},"15":{"start":{"line":41,"column":4},"end":{"line":41,"column":23}},"16":{"start":{"line":17,"column":13},"end":{"line":17,"column":30}},"17":{"start":{"line":26,"column":8},"end":{"line":42,"column":null}},"18":{"start":{"line":17,"column":13},"end":{"line":43,"column":null}}},"fnMap":{"0":{"name":"(anonymous_4)","decl":{"start":{"line":18,"column":2},"end":{"line":18,"column":null}},"loc":{"start":{"line":20,"column":61},"end":{"line":21,"column":6}}},"1":{"name":"(anonymous_5)","decl":{"start":{"line":26,"column":2},"end":{"line":26,"column":7}},"loc":{"start":{"line":30,"column":31},"end":{"line":42,"column":3}}}},"branchMap":{},"s":{"0":1,"1":1,"2":1,"3":1,"4":1,"5":1,"6":1,"7":1,"8":1,"9":1,"10":2,"11":2,"12":0,"13":0,"14":0,"15":0,"16":1,"17":1,"18":1},"f":{"0":2,"1":0},"b":{}}
,"/opt/Enterprise-Deployment-Suite/backend/src/auth/strategies/entraID/entraId.guard.ts": {"path":"/opt/Enterprise-Deployment-Suite/backend/src/auth/strategies/entraID/entraId.guard.ts","statementMap":{"0":{"start":{"line":1,"column":0},"end":{"line":1,"column":75}},"1":{"start":{"line":2,"column":0},"end":{"line":2,"column":45}},"2":{"start":{"line":5,"column":7},"end":{"line":14,"column":null}},"3":{"start":{"line":6,"column":19},"end":{"line":6,"column":59}},"4":{"start":{"line":8,"column":4},"end":{"line":11,"column":5}},"5":{"start":{"line":9,"column":6},"end":{"line":9,"column":28}},"6":{"start":{"line":10,"column":6},"end":{"line":10,"column":78}},"7":{"start":{"line":12,"column":4},"end":{"line":12,"column":16}},"8":{"start":{"line":5,"column":13},"end":{"line":5,"column":29}},"9":{"start":{"line":5,"column":13},"end":{"line":14,"column":null}}},"fnMap":{"0":{"name":"(anonymous_1)","decl":{"start":{"line":5,"column":7},"end":{"line":5,"column":13}},"loc":{"start":{"line":5,"column":7},"end":{"line":14,"column":1}}},"1":{"name":"(anonymous_2)","decl":{"start":{"line":7,"column":2},"end":{"line":7,"column":15}},"loc":{"start":{"line":7,"column":31},"end":{"line":13,"column":3}}}},"branchMap":{"0":{"loc":{"start":{"line":8,"column":4},"end":{"line":11,"column":5}},"type":"if","locations":[{"start":{"line":8,"column":4},"end":{"line":11,"column":5}}]},"1":{"loc":{"start":{"line":8,"column":8},"end":{"line":8,"column":20}},"type":"binary-expr","locations":[{"start":{"line":8,"column":8},"end":{"line":8,"column":11}},{"start":{"line":8,"column":15},"end":{"line":8,"column":20}}]},"2":{"loc":{"start":{"line":10,"column":12},"end":{"line":10,"column":77}},"type":"binary-expr","locations":[{"start":{"line":10,"column":12},"end":{"line":10,"column":15}},{"start":{"line":10,"column":19},"end":{"line":10,"column":77}}]},"3":{"loc":{"start":{"line":10,"column":45},"end":{"line":10,"column":76}},"type":"binary-expr","locations":[{"start":{"line":10,"column":45},"end":{"line":10,"column":58}},{"start":{"line":10,"column":62},"end":{"line":10,"column":76}}]}},"s":{"0":1,"1":1,"2":1,"3":4,"4":0,"5":0,"6":0,"7":0,"8":1,"9":1},"f":{"0":4,"1":0},"b":{"0":[0],"1":[0,0],"2":[0,0],"3":[0,0]}}
,"/opt/Enterprise-Deployment-Suite/backend/src/auth/strategies/entraID/entraId.strategy.ts": {"path":"/opt/Enterprise-Deployment-Suite/backend/src/auth/strategies/entraID/entraId.strategy.ts","statementMap":{"0":{"start":{"line":1,"column":0},"end":{"line":1,"column":36}},"1":{"start":{"line":2,"column":0},"end":{"line":2,"column":52}},"2":{"start":{"line":4,"column":0},"end":{"line":4,"column":52}},"3":{"start":{"line":5,"column":0},"end":{"line":5,"column":52}},"4":{"start":{"line":7,"column":0},"end":{"line":7,"column":64}},"5":{"start":{"line":10,"column":7},"end":{"line":35,"column":null}},"6":{"start":{"line":13,"column":4},"end":{"line":29,"column":7}},"7":{"start":{"line":25,"column":10},"end":{"line":25,"column":60}},"8":{"start":{"line":26,"column":10},"end":{"line":26,"column":18}},"9":{"start":{"line":12,"column":33},"end":{"line":12,"column":46}},"10":{"start":{"line":11,"column":19},"end":{"line":11,"column":58}},"11":{"start":{"line":33,"column":4},"end":{"line":33,"column":19}},"12":{"start":{"line":10,"column":13},"end":{"line":10,"column":28}},"13":{"start":{"line":10,"column":13},"end":{"line":35,"column":null}}},"fnMap":{"0":{"name":"(anonymous_2)","decl":{"start":{"line":12,"column":2},"end":{"line":12,"column":33}},"loc":{"start":{"line":12,"column":66},"end":{"line":30,"column":3}}},"1":{"name":"(anonymous_3)","decl":{"start":{"line":24,"column":31},"end":{"line":24,"column":32}},"loc":{"start":{"line":24,"column":43},"end":{"line":27,"column":9}}},"2":{"name":"(anonymous_4)","decl":{"start":{"line":32,"column":2},"end":{"line":32,"column":10}},"loc":{"start":{"line":32,"column":27},"end":{"line":34,"column":3}}}},"branchMap":{},"s":{"0":1,"1":1,"2":1,"3":1,"4":1,"5":1,"6":2,"7":0,"8":0,"9":2,"10":2,"11":0,"12":1,"13":1},"f":{"0":2,"1":0,"2":0},"b":{}}
,"/opt/Enterprise-Deployment-Suite/backend/src/auth/strategies/jwt/app-auth.guard.ts": {"path":"/opt/Enterprise-Deployment-Suite/backend/src/auth/strategies/jwt/app-auth.guard.ts","statementMap":{"0":{"start":{"line":3,"column":0},"end":{"line":3,"column":62}},"1":{"start":{"line":4,"column":0},"end":{"line":4,"column":41}},"2":{"start":{"line":5,"column":0},"end":{"line":5,"column":45}},"3":{"start":{"line":7,"column":0},"end":{"line":7,"column":66}},"4":{"start":{"line":10,"column":7},"end":{"line":27,"column":null}},"5":{"start":{"line":12,"column":4},"end":{"line":12,"column":21}},"6":{"start":{"line":11,"column":22},"end":{"line":11,"column":33}},"7":{"start":{"line":16,"column":21},"end":{"line":19,"column":6}},"8":{"start":{"line":20,"column":4},"end":{"line":22,"column":5}},"9":{"start":{"line":21,"column":6},"end":{"line":21,"column":18}},"10":{"start":{"line":24,"column":19},"end":{"line":24,"column":45}},"11":{"start":{"line":25,"column":4},"end":{"line":25,"column":18}},"12":{"start":{"line":10,"column":13},"end":{"line":10,"column":25}},"13":{"start":{"line":10,"column":13},"end":{"line":27,"column":null}}},"fnMap":{"0":{"name":"(anonymous_2)","decl":{"start":{"line":11,"column":2},"end":{"line":11,"column":22}},"loc":{"start":{"line":11,"column":42},"end":{"line":13,"column":3}}},"1":{"name":"(anonymous_3)","decl":{"start":{"line":15,"column":2},"end":{"line":15,"column":13}},"loc":{"start":{"line":15,"column":39},"end":{"line":26,"column":3}}}},"branchMap":{"0":{"loc":{"start":{"line":20,"column":4},"end":{"line":22,"column":5}},"type":"if","locations":[{"start":{"line":20,"column":4},"end":{"line":22,"column":5}}]}},"s":{"0":1,"1":1,"2":1,"3":1,"4":1,"5":2,"6":2,"7":8,"8":8,"9":0,"10":8,"11":8,"12":1,"13":1},"f":{"0":2,"1":8},"b":{"0":[0]}}
,"/opt/Enterprise-Deployment-Suite/backend/src/auth/strategies/jwt/device-auth.guard.ts": {"path":"/opt/Enterprise-Deployment-Suite/backend/src/auth/strategies/jwt/device-auth.guard.ts","statementMap":{"0":{"start":{"line":1,"column":0},"end":{"line":1,"column":98}},"1":{"start":{"line":2,"column":0},"end":{"line":2,"column":87}},"2":{"start":{"line":3,"column":0},"end":{"line":3,"column":61}},"3":{"start":{"line":5,"column":0},"end":{"line":5,"column":83}},"4":{"start":{"line":6,"column":0},"end":{"line":6,"column":41}},"5":{"start":{"line":9,"column":7},"end":{"line":30,"column":null}},"6":{"start":{"line":12,"column":12},"end":{"line":12,"column":23}},"7":{"start":{"line":13,"column":12},"end":{"line":13,"column":27}},"8":{"start":{"line":10,"column":19},"end":{"line":10,"column":54}},"9":{"start":{"line":17,"column":20},"end":{"line":17,"column":55}},"10":{"start":{"line":18,"column":24},"end":{"line":18,"column":57}},"11":{"start":{"line":20,"column":19},"end":{"line":20,"column":71}},"12":{"start":{"line":21,"column":4},"end":{"line":21,"column":29}},"13":{"start":{"line":22,"column":4},"end":{"line":25,"column":5}},"14":{"start":{"line":23,"column":6},"end":{"line":23,"column":44}},"15":{"start":{"line":24,"column":6},"end":{"line":24,"column":98}},"16":{"start":{"line":27,"column":4},"end":{"line":27,"column":28}},"17":{"start":{"line":28,"column":4},"end":{"line":28,"column":16}},"18":{"start":{"line":9,"column":13},"end":{"line":9,"column":24}},"19":{"start":{"line":9,"column":13},"end":{"line":30,"column":null}}},"fnMap":{"0":{"name":"(anonymous_2)","decl":{"start":{"line":11,"column":2},"end":{"line":11,"column":null}},"loc":{"start":{"line":13,"column":41},"end":{"line":14,"column":6}}},"1":{"name":"(anonymous_3)","decl":{"start":{"line":16,"column":2},"end":{"line":16,"column":7}},"loc":{"start":{"line":16,"column":45},"end":{"line":29,"column":3}}}},"branchMap":{"0":{"loc":{"start":{"line":22,"column":4},"end":{"line":25,"column":5}},"type":"if","locations":[{"start":{"line":22,"column":4},"end":{"line":25,"column":5}}]}},"s":{"0":1,"1":1,"2":1,"3":1,"4":1,"5":1,"6":2,"7":2,"8":2,"9":0,"10":0,"11":0,"12":0,"13":0,"14":0,"15":0,"16":0,"17":0,"18":1,"19":1},"f":{"0":2,"1":0},"b":{"0":[0]}}
,"/opt/Enterprise-Deployment-Suite/backend/src/auth/strategies/jwt/jwt.service.ts": {"path":"/opt/Enterprise-Deployment-Suite/backend/src/auth/strategies/jwt/jwt.service.ts","statementMap":{"0":{"start":{"line":4,"column":0},"end":{"line":4,"column":44}},"1":{"start":{"line":5,"column":0},"end":{"line":5,"column":41}},"2":{"start":{"line":10,"column":7},"end":{"line":26,"column":null}},"3":{"start":{"line":11,"column":22},"end":{"line":11,"column":34}},"4":{"start":{"line":14,"column":38},"end":{"line":18,"column":6}},"5":{"start":{"line":20,"column":4},"end":{"line":24,"column":6}},"6":{"start":{"line":10,"column":13},"end":{"line":10,"column":27}},"7":{"start":{"line":10,"column":13},"end":{"line":26,"column":null}}},"fnMap":{"0":{"name":"(anonymous_2)","decl":{"start":{"line":11,"column":2},"end":{"line":11,"column":22}},"loc":{"start":{"line":11,"column":44},"end":{"line":11,"column":48}}},"1":{"name":"(anonymous_3)","decl":{"start":{"line":13,"column":2},"end":{"line":13,"column":7}},"loc":{"start":{"line":13,"column":39},"end":{"line":25,"column":3}}}},"branchMap":{},"s":{"0":1,"1":1,"2":1,"3":2,"4":0,"5":0,"6":1,"7":1},"f":{"0":2,"1":0},"b":{}}
,"/opt/Enterprise-Deployment-Suite/backend/src/auth/strategies/jwt/jwt.strategy.ts": {"path":"/opt/Enterprise-Deployment-Suite/backend/src/auth/strategies/jwt/jwt.strategy.ts","statementMap":{"0":{"start":{"line":1,"column":0},"end":{"line":1,"column":40}},"1":{"start":{"line":2,"column":0},"end":{"line":2,"column":65}},"2":{"start":{"line":4,"column":0},"end":{"line":4,"column":52}},"3":{"start":{"line":5,"column":0},"end":{"line":5,"column":52}},"4":{"start":{"line":10,"column":7},"end":{"line":25,"column":null}},"5":{"start":{"line":14,"column":4},"end":{"line":17,"column":7}},"6":{"start":{"line":11,"column":19},"end":{"line":11,"column":54}},"7":{"start":{"line":21,"column":4},"end":{"line":21,"column":84}},"8":{"start":{"line":23,"column":4},"end":{"line":23,"column":19}},"9":{"start":{"line":10,"column":13},"end":{"line":10,"column":24}},"10":{"start":{"line":10,"column":13},"end":{"line":25,"column":null}}},"fnMap":{"0":{"name":"(anonymous_2)","decl":{"start":{"line":13,"column":2},"end":{"line":13,"column":14}},"loc":{"start":{"line":13,"column":43},"end":{"line":18,"column":3}}},"1":{"name":"(anonymous_3)","decl":{"start":{"line":20,"column":2},"end":{"line":20,"column":7}},"loc":{"start":{"line":20,"column":42},"end":{"line":24,"column":3}}}},"branchMap":{},"s":{"0":1,"1":1,"2":1,"3":1,"4":1,"5":2,"6":2,"7":0,"8":0,"9":1,"10":1},"f":{"0":2,"1":0},"b":{}}
,"/opt/Enterprise-Deployment-Suite/backend/src/auth/strategies/refreshtoken/refresh-token.entity.ts": {"path":"/opt/Enterprise-Deployment-Suite/backend/src/auth/strategies/refreshtoken/refresh-token.entity.ts","statementMap":{"0":{"start":{"line":1,"column":0},"end":{"line":1,"column":65}},"1":{"start":{"line":2,"column":0},"end":{"line":2,"column":66}},"2":{"start":{"line":4,"column":0},"end":{"line":4,"column":62}},"3":{"start":{"line":6,"column":13},"end":{"line":6,"column":61}},"4":{"start":{"line":9,"column":7},"end":{"line":24,"column":null}},"5":{"start":{"line":9,"column":13},"end":{"line":9,"column":31}},"6":{"start":{"line":14,"column":2},"end":{"line":14,"column":null}},"7":{"start":{"line":17,"column":2},"end":{"line":17,"column":null}},"8":{"start":{"line":20,"column":2},"end":{"line":20,"column":null}},"9":{"start":{"line":23,"column":2},"end":{"line":23,"column":null}},"10":{"start":{"line":22,"column":19},"end":{"line":22,"column":32}},"11":{"start":{"line":9,"column":13},"end":{"line":24,"column":null}}},"fnMap":{"0":{"name":"(anonymous_2)","decl":{"start":{"line":22,"column":13},"end":{"line":22,"column":16}},"loc":{"start":{"line":22,"column":19},"end":{"line":22,"column":32}}}},"branchMap":{},"s":{"0":1,"1":1,"2":1,"3":1,"4":1,"5":1,"6":1,"7":1,"8":1,"9":1,"10":6,"11":1},"f":{"0":6},"b":{}}
,"/opt/Enterprise-Deployment-Suite/backend/src/auth/strategies/refreshtoken/refresh-token.out.dto.ts": {"path":"/opt/Enterprise-Deployment-Suite/backend/src/auth/strategies/refreshtoken/refresh-token.out.dto.ts","statementMap":{"0":{"start":{"line":3,"column":0},"end":{"line":3,"column":13}}},"fnMap":{},"branchMap":{},"s":{"0":0},"f":{},"b":{}}
,"/opt/Enterprise-Deployment-Suite/backend/src/auth/strategies/refreshtoken/refresh-token.register.dto.ts": {"path":"/opt/Enterprise-Deployment-Suite/backend/src/auth/strategies/refreshtoken/refresh-token.register.dto.ts","statementMap":{"0":{"start":{"line":1,"column":0},"end":{"line":1,"column":13}}},"fnMap":{},"branchMap":{},"s":{"0":0},"f":{},"b":{}}
,"/opt/Enterprise-Deployment-Suite/backend/src/auth/strategies/refreshtoken/refreshtoken.module.ts": {"path":"/opt/Enterprise-Deployment-Suite/backend/src/auth/strategies/refreshtoken/refreshtoken.module.ts","statementMap":{"0":{"start":{"line":1,"column":0},"end":{"line":1,"column":40}},"1":{"start":{"line":3,"column":0},"end":{"line":3,"column":51}},"2":{"start":{"line":5,"column":0},"end":{"line":5,"column":60}},"3":{"start":{"line":6,"column":0},"end":{"line":6,"column":61}},"4":{"start":{"line":14,"column":7},"end":{"line":14,"column":null}},"5":{"start":{"line":14,"column":13},"end":{"line":14,"column":31}},"6":{"start":{"line":14,"column":13},"end":{"line":14,"column":null}}},"fnMap":{},"branchMap":{},"s":{"0":1,"1":1,"2":1,"3":1,"4":1,"5":1,"6":1},"f":{},"b":{}}
,"/opt/Enterprise-Deployment-Suite/backend/src/auth/strategies/refreshtoken/refreshtoken.service.ts": {"path":"/opt/Enterprise-Deployment-Suite/backend/src/auth/strategies/refreshtoken/refreshtoken.service.ts","statementMap":{"0":{"start":{"line":3,"column":0},"end":{"line":3,"column":87}},"1":{"start":{"line":4,"column":0},"end":{"line":4,"column":104}},"2":{"start":{"line":5,"column":0},"end":{"line":5,"column":74}},"3":{"start":{"line":7,"column":0},"end":{"line":7,"column":52}},"4":{"start":{"line":9,"column":0},"end":{"line":9,"column":66}},"5":{"start":{"line":10,"column":0},"end":{"line":10,"column":53}},"6":{"start":{"line":12,"column":0},"end":{"line":12,"column":60}},"7":{"start":{"line":15,"column":21},"end":{"line":15,"column":23}},"8":{"start":{"line":16,"column":23},"end":{"line":16,"column":31}},"9":{"start":{"line":18,"column":16},"end":{"line":19,"column":68}},"10":{"start":{"line":19,"column":2},"end":{"line":19,"column":68}},"11":{"start":{"line":22,"column":7},"end":{"line":94,"column":null}},"12":{"start":{"line":27,"column":21},"end":{"line":27,"column":45}},"13":{"start":{"line":28,"column":21},"end":{"line":28,"column":25}},"14":{"start":{"line":23,"column":19},"end":{"line":23,"column":62}},"15":{"start":{"line":32,"column":4},"end":{"line":32,"column":58}},"16":{"start":{"line":33,"column":4},"end":{"line":33,"column":66}},"17":{"start":{"line":34,"column":18},"end":{"line":34,"column":66}},"18":{"start":{"line":35,"column":4},"end":{"line":35,"column":41}},"19":{"start":{"line":36,"column":4},"end":{"line":36,"column":17}},"20":{"start":{"line":40,"column":4},"end":{"line":40,"column":58}},"21":{"start":{"line":41,"column":24},"end":{"line":41,"column":90}},"22":{"start":{"line":43,"column":4},"end":{"line":48,"column":5}},"23":{"start":{"line":44,"column":6},"end":{"line":47,"column":8}},"24":{"start":{"line":50,"column":4},"end":{"line":50,"column":93}},"25":{"start":{"line":51,"column":4},"end":{"line":51,"column":40}},"26":{"start":{"line":52,"column":4},"end":{"line":52,"column":47}},"27":{"start":{"line":54,"column":4},"end":{"line":54,"column":31}},"28":{"start":{"line":58,"column":4},"end":{"line":58,"column":57}},"29":{"start":{"line":62,"column":4},"end":{"line":62,"column":76}},"30":{"start":{"line":68,"column":16},"end":{"line":68,"column":26}},"31":{"start":{"line":69,"column":4},"end":{"line":79,"column":6}},"32":{"start":{"line":83,"column":4},"end":{"line":83,"column":64}},"33":{"start":{"line":84,"column":4},"end":{"line":87,"column":7}},"34":{"start":{"line":91,"column":4},"end":{"line":91,"column":48}},"35":{"start":{"line":92,"column":4},"end":{"line":92,"column":83}},"36":{"start":{"line":22,"column":13},"end":{"line":22,"column":32}},"37":{"start":{"line":22,"column":13},"end":{"line":94,"column":null}}},"fnMap":{"0":{"name":"(anonymous_4)","decl":{"start":{"line":18,"column":16},"end":{"line":18,"column":17}},"loc":{"start":{"line":19,"column":2},"end":{"line":19,"column":68}}},"1":{"name":"(anonymous_5)","decl":{"start":{"line":25,"column":2},"end":{"line":25,"column":null}},"loc":{"start":{"line":28,"column":38},"end":{"line":29,"column":6}}},"2":{"name":"(anonymous_6)","decl":{"start":{"line":31,"column":2},"end":{"line":31,"column":7}},"loc":{"start":{"line":31,"column":62},"end":{"line":37,"column":3}}},"3":{"name":"(anonymous_7)","decl":{"start":{"line":39,"column":2},"end":{"line":39,"column":7}},"loc":{"start":{"line":39,"column":49},"end":{"line":55,"column":3}}},"4":{"name":"(anonymous_8)","decl":{"start":{"line":57,"column":2},"end":{"line":57,"column":7}},"loc":{"start":{"line":57,"column":46},"end":{"line":59,"column":3}}},"5":{"name":"(anonymous_9)","decl":{"start":{"line":61,"column":2},"end":{"line":61,"column":7}},"loc":{"start":{"line":61,"column":42},"end":{"line":63,"column":3}}},"6":{"name":"(anonymous_10)","decl":{"start":{"line":65,"column":2},"end":{"line":65,"column":7}},"loc":{"start":{"line":66,"column":43},"end":{"line":80,"column":3}}},"7":{"name":"(anonymous_11)","decl":{"start":{"line":82,"column":2},"end":{"line":82,"column":7}},"loc":{"start":{"line":82,"column":72},"end":{"line":88,"column":3}}},"8":{"name":"(anonymous_12)","decl":{"start":{"line":90,"column":2},"end":{"line":90,"column":7}},"loc":{"start":{"line":90,"column":47},"end":{"line":93,"column":3}}}},"branchMap":{"0":{"loc":{"start":{"line":43,"column":4},"end":{"line":48,"column":5}},"type":"if","locations":[{"start":{"line":43,"column":4},"end":{"line":48,"column":5}}]},"1":{"loc":{"start":{"line":43,"column":8},"end":{"line":43,"column":45}},"type":"binary-expr","locations":[{"start":{"line":43,"column":8},"end":{"line":43,"column":20}},{"start":{"line":43,"column":24},"end":{"line":43,"column":45}}]}},"s":{"0":1,"1":1,"2":1,"3":1,"4":1,"5":1,"6":1,"7":1,"8":1,"9":1,"10":0,"11":1,"12":2,"13":2,"14":2,"15":0,"16":0,"17":0,"18":0,"19":0,"20":0,"21":0,"22":0,"23":0,"24":0,"25":0,"26":0,"27":0,"28":0,"29":0,"30":0,"31":0,"32":0,"33":0,"34":0,"35":0,"36":1,"37":1},"f":{"0":0,"1":2,"2":0,"3":0,"4":0,"5":0,"6":0,"7":0,"8":0},"b":{"0":[0],"1":[0,0]}}
,"/opt/Enterprise-Deployment-Suite/backend/src/core/config/core.config.module.ts": {"path":"/opt/Enterprise-Deployment-Suite/backend/src/core/config/core.config.module.ts","statementMap":{"0":{"start":{"line":1,"column":0},"end":{"line":1,"column":48}},"1":{"start":{"line":2,"column":0},"end":{"line":2,"column":46}},"2":{"start":{"line":4,"column":0},"end":{"line":4,"column":58}},"3":{"start":{"line":23,"column":7},"end":{"line":23,"column":null}},"4":{"start":{"line":23,"column":13},"end":{"line":23,"column":29}},"5":{"start":{"line":23,"column":13},"end":{"line":23,"column":null}}},"fnMap":{},"branchMap":{},"s":{"0":1,"1":1,"2":1,"3":1,"4":1,"5":1},"f":{},"b":{}}
,"/opt/Enterprise-Deployment-Suite/backend/src/core/config/core.config.service.ts": {"path":"/opt/Enterprise-Deployment-Suite/backend/src/core/config/core.config.service.ts","statementMap":{"0":{"start":{"line":1,"column":0},"end":{"line":1,"column":30}},"1":{"start":{"line":3,"column":0},"end":{"line":3,"column":44}},"2":{"start":{"line":4,"column":0},"end":{"line":4,"column":47}},"3":{"start":{"line":12,"column":7},"end":{"line":55,"column":null}},"4":{"start":{"line":18,"column":4},"end":{"line":18,"column":62}},"5":{"start":{"line":25,"column":4},"end":{"line":25,"column":54}},"6":{"start":{"line":32,"column":4},"end":{"line":32,"column":46}},"7":{"start":{"line":39,"column":4},"end":{"line":39,"column":56}},"8":{"start":{"line":46,"column":4},"end":{"line":46,"column":55}},"9":{"start":{"line":53,"column":4},"end":{"line":53,"column":49}},"10":{"start":{"line":12,"column":13},"end":{"line":12,"column":30}},"11":{"start":{"line":12,"column":13},"end":{"line":55,"column":null}}},"fnMap":{"0":{"name":"(anonymous_1)","decl":{"start":{"line":17,"column":2},"end":{"line":17,"column":13}},"loc":{"start":{"line":17,"column":23},"end":{"line":19,"column":3}}},"1":{"name":"(anonymous_2)","decl":{"start":{"line":24,"column":2},"end":{"line":24,"column":13}},"loc":{"start":{"line":24,"column":25},"end":{"line":26,"column":3}}},"2":{"name":"(anonymous_3)","decl":{"start":{"line":31,"column":2},"end":{"line":31,"column":13}},"loc":{"start":{"line":31,"column":22},"end":{"line":33,"column":3}}},"3":{"name":"(anonymous_4)","decl":{"start":{"line":38,"column":2},"end":{"line":38,"column":13}},"loc":{"start":{"line":38,"column":21},"end":{"line":40,"column":3}}},"4":{"name":"(anonymous_5)","decl":{"start":{"line":45,"column":2},"end":{"line":45,"column":13}},"loc":{"start":{"line":45,"column":23},"end":{"line":47,"column":3}}},"5":{"name":"(anonymous_6)","decl":{"start":{"line":52,"column":9},"end":{"line":52,"column":13}},"loc":{"start":{"line":52,"column":13},"end":{"line":54,"column":3}}}},"branchMap":{},"s":{"0":1,"1":1,"2":1,"3":1,"4":3,"5":2,"6":2,"7":0,"8":0,"9":0,"10":1,"11":1},"f":{"0":3,"1":2,"2":2,"3":0,"4":0,"5":0},"b":{}}
,"/opt/Enterprise-Deployment-Suite/backend/src/core/email/email.config.service.ts": {"path":"/opt/Enterprise-Deployment-Suite/backend/src/core/email/email.config.service.ts","statementMap":{"0":{"start":{"line":1,"column":0},"end":{"line":1,"column":44}},"1":{"start":{"line":2,"column":0},"end":{"line":2,"column":47}},"2":{"start":{"line":5,"column":7},"end":{"line":64,"column":null}},"3":{"start":{"line":6,"column":31},"end":{"line":6,"column":39}},"4":{"start":{"line":9,"column":33},"end":{"line":16,"column":6}},"5":{"start":{"line":19,"column":4},"end":{"line":24,"column":5}},"6":{"start":{"line":20,"column":6},"end":{"line":23,"column":8}},"7":{"start":{"line":26,"column":4},"end":{"line":26,"column":19}},"8":{"start":{"line":29,"column":4},"end":{"line":29,"column":79}},"9":{"start":{"line":34,"column":4},"end":{"line":34,"column":45}},"10":{"start":{"line":38,"column":4},"end":{"line":38,"column":45}},"11":{"start":{"line":42,"column":4},"end":{"line":42,"column":59}},"12":{"start":{"line":46,"column":4},"end":{"line":46,"column":63}},"13":{"start":{"line":50,"column":4},"end":{"line":50,"column":79}},"14":{"start":{"line":54,"column":4},"end":{"line":54,"column":53}},"15":{"start":{"line":58,"column":4},"end":{"line":58,"column":45}},"16":{"start":{"line":62,"column":4},"end":{"line":62,"column":50}},"17":{"start":{"line":5,"column":13},"end":{"line":5,"column":31}},"18":{"start":{"line":5,"column":13},"end":{"line":64,"column":null}}},"fnMap":{"0":{"name":"(anonymous_2)","decl":{"start":{"line":6,"column":2},"end":{"line":6,"column":31}},"loc":{"start":{"line":6,"column":52},"end":{"line":6,"column":56}}},"1":{"name":"(anonymous_3)","decl":{"start":{"line":8,"column":2},"end":{"line":8,"column":13}},"loc":{"start":{"line":8,"column":22},"end":{"line":27,"column":3}}},"2":{"name":"(anonymous_4)","decl":{"start":{"line":28,"column":2},"end":{"line":28,"column":14}},"loc":{"start":{"line":28,"column":18},"end":{"line":30,"column":3}}},"3":{"name":"(anonymous_5)","decl":{"start":{"line":32,"column":2},"end":{"line":32,"column":14}},"loc":{"start":{"line":32,"column":18},"end":{"line":35,"column":3}}},"4":{"name":"(anonymous_6)","decl":{"start":{"line":37,"column":2},"end":{"line":37,"column":14}},"loc":{"start":{"line":37,"column":22},"end":{"line":39,"column":3}}},"5":{"name":"(anonymous_7)","decl":{"start":{"line":41,"column":2},"end":{"line":41,"column":14}},"loc":{"start":{"line":41,"column":20},"end":{"line":43,"column":3}}},"6":{"name":"(anonymous_8)","decl":{"start":{"line":45,"column":2},"end":{"line":45,"column":14}},"loc":{"start":{"line":45,"column":23},"end":{"line":47,"column":3}}},"7":{"name":"(anonymous_9)","decl":{"start":{"line":49,"column":2},"end":{"line":49,"column":13}},"loc":{"start":{"line":49,"column":17},"end":{"line":51,"column":3}}},"8":{"name":"(anonymous_10)","decl":{"start":{"line":53,"column":2},"end":{"line":53,"column":13}},"loc":{"start":{"line":53,"column":28},"end":{"line":55,"column":3}}},"9":{"name":"(anonymous_11)","decl":{"start":{"line":57,"column":2},"end":{"line":57,"column":14}},"loc":{"start":{"line":57,"column":22},"end":{"line":59,"column":3}}},"10":{"name":"(anonymous_12)","decl":{"start":{"line":61,"column":2},"end":{"line":61,"column":14}},"loc":{"start":{"line":61,"column":21},"end":{"line":63,"column":3}}}},"branchMap":{"0":{"loc":{"start":{"line":19,"column":4},"end":{"line":24,"column":5}},"type":"if","locations":[{"start":{"line":19,"column":4},"end":{"line":24,"column":5}}]}},"s":{"0":1,"1":1,"2":1,"3":2,"4":6,"5":6,"6":0,"7":6,"8":6,"9":6,"10":0,"11":6,"12":6,"13":0,"14":0,"15":6,"16":6,"17":1,"18":1},"f":{"0":2,"1":6,"2":6,"3":6,"4":0,"5":6,"6":6,"7":0,"8":0,"9":6,"10":6},"b":{"0":[0]}}
,"/opt/Enterprise-Deployment-Suite/backend/src/core/email/email.module.ts": {"path":"/opt/Enterprise-Deployment-Suite/backend/src/core/email/email.module.ts","statementMap":{"0":{"start":{"line":1,"column":0},"end":{"line":1,"column":48}},"1":{"start":{"line":3,"column":0},"end":{"line":3,"column":60}},"2":{"start":{"line":4,"column":0},"end":{"line":4,"column":47}},"3":{"start":{"line":12,"column":7},"end":{"line":12,"column":null}},"4":{"start":{"line":12,"column":13},"end":{"line":12,"column":24}},"5":{"start":{"line":12,"column":13},"end":{"line":12,"column":null}}},"fnMap":{},"branchMap":{},"s":{"0":1,"1":1,"2":1,"3":1,"4":1,"5":1},"f":{},"b":{}}
,"/opt/Enterprise-Deployment-Suite/backend/src/core/email/email.service.ts": {"path":"/opt/Enterprise-Deployment-Suite/backend/src/core/email/email.service.ts","statementMap":{"0":{"start":{"line":1,"column":0},"end":{"line":1,"column":58}},"1":{"start":{"line":3,"column":0},"end":{"line":3,"column":52}},"2":{"start":{"line":5,"column":0},"end":{"line":5,"column":90}},"3":{"start":{"line":6,"column":0},"end":{"line":6,"column":81}},"4":{"start":{"line":7,"column":0},"end":{"line":7,"column":60}},"5":{"start":{"line":10,"column":7},"end":{"line":71,"column":null}},"6":{"start":{"line":14,"column":31},"end":{"line":14,"column":44}},"7":{"start":{"line":12,"column":19},"end":{"line":12,"column":55}},"8":{"start":{"line":22,"column":4},"end":{"line":24,"column":6}},"9":{"start":{"line":25,"column":4},"end":{"line":25,"column":67}},"10":{"start":{"line":27,"column":4},"end":{"line":32,"column":5}},"11":{"start":{"line":28,"column":6},"end":{"line":28,"column":64}},"12":{"start":{"line":30,"column":6},"end":{"line":30,"column":79}},"13":{"start":{"line":31,"column":6},"end":{"line":31,"column":22}},"14":{"start":{"line":36,"column":4},"end":{"line":44,"column":5}},"15":{"start":{"line":37,"column":6},"end":{"line":37,"column":50}},"16":{"start":{"line":38,"column":6},"end":{"line":43,"column":7}},"17":{"start":{"line":39,"column":8},"end":{"line":42,"column":10}},"18":{"start":{"line":46,"column":17},"end":{"line":51,"column":6}},"19":{"start":{"line":53,"column":4},"end":{"line":58,"column":32}},"20":{"start":{"line":55,"column":8},"end":{"line":55,"column":85}},"21":{"start":{"line":56,"column":8},"end":{"line":56,"column":31}},"22":{"start":{"line":62,"column":4},"end":{"line":68,"column":5}},"23":{"start":{"line":63,"column":6},"end":{"line":63,"column":35}},"24":{"start":{"line":65,"column":6},"end":{"line":67,"column":7}},"25":{"start":{"line":66,"column":8},"end":{"line":66,"column":41}},"26":{"start":{"line":69,"column":4},"end":{"line":69,"column":17}},"27":{"start":{"line":10,"column":13},"end":{"line":10,"column":25}},"28":{"start":{"line":10,"column":13},"end":{"line":71,"column":null}}},"fnMap":{"0":{"name":"(anonymous_2)","decl":{"start":{"line":14,"column":2},"end":{"line":14,"column":31}},"loc":{"start":{"line":14,"column":62},"end":{"line":14,"column":66}}},"1":{"name":"(anonymous_3)","decl":{"start":{"line":21,"column":2},"end":{"line":21,"column":7}},"loc":{"start":{"line":21,"column":20},"end":{"line":33,"column":3}}},"2":{"name":"(anonymous_4)","decl":{"start":{"line":35,"column":2},"end":{"line":35,"column":7}},"loc":{"start":{"line":35,"column":77},"end":{"line":59,"column":3}}},"3":{"name":"(anonymous_5)","decl":{"start":{"line":54,"column":12},"end":{"line":54,"column":15}},"loc":{"start":{"line":54,"column":18},"end":{"line":57,"column":7}}},"4":{"name":"(anonymous_6)","decl":{"start":{"line":61,"column":10},"end":{"line":61,"column":15}},"loc":{"start":{"line":61,"column":52},"end":{"line":70,"column":3}}}},"branchMap":{"0":{"loc":{"start":{"line":27,"column":4},"end":{"line":32,"column":5}},"type":"if","locations":[{"start":{"line":27,"column":4},"end":{"line":32,"column":5}},{"start":{"line":29,"column":11},"end":{"line":32,"column":5}}]},"1":{"loc":{"start":{"line":36,"column":4},"end":{"line":44,"column":5}},"type":"if","locations":[{"start":{"line":36,"column":4},"end":{"line":44,"column":5}}]},"2":{"loc":{"start":{"line":38,"column":6},"end":{"line":43,"column":7}},"type":"if","locations":[{"start":{"line":38,"column":6},"end":{"line":43,"column":7}}]},"3":{"loc":{"start":{"line":65,"column":6},"end":{"line":67,"column":7}},"type":"if","locations":[{"start":{"line":65,"column":6},"end":{"line":67,"column":7}}]}},"s":{"0":1,"1":1,"2":1,"3":1,"4":1,"5":1,"6":2,"7":2,"8":2,"9":2,"10":2,"11":2,"12":0,"13":0,"14":0,"15":0,"16":0,"17":0,"18":0,"19":0,"20":0,"21":0,"22":2,"23":2,"24":0,"25":0,"26":0,"27":1,"28":1},"f":{"0":2,"1":2,"2":0,"3":0,"4":2},"b":{"0":[2,0],"1":[0],"2":[0],"3":[0]}}
,"/opt/Enterprise-Deployment-Suite/backend/src/core/errorhandling/exceptions/bad-request.mti-exception.ts": {"path":"/opt/Enterprise-Deployment-Suite/backend/src/core/errorhandling/exceptions/bad-request.mti-exception.ts","statementMap":{"0":{"start":{"line":1,"column":0},"end":{"line":1,"column":44}},"1":{"start":{"line":3,"column":0},"end":{"line":3,"column":51}},"2":{"start":{"line":11,"column":4},"end":{"line":11,"column":54}},"3":{"start":{"line":8,"column":13},"end":{"line":8,"column":37}},"4":{"start":{"line":6,"column":0},"end":{"line":6,"column":13}}},"fnMap":{"0":{"name":"(anonymous_0)","decl":{"start":{"line":7,"column":2},"end":{"line":7,"column":null}},"loc":{"start":{"line":9,"column":67},"end":{"line":12,"column":3}}}},"branchMap":{},"s":{"0":1,"1":1,"2":0,"3":0,"4":1},"f":{"0":0},"b":{}}
,"/opt/Enterprise-Deployment-Suite/backend/src/core/errorhandling/exceptions/forbidden.mti-exception.ts": {"path":"/opt/Enterprise-Deployment-Suite/backend/src/core/errorhandling/exceptions/forbidden.mti-exception.ts","statementMap":{"0":{"start":{"line":1,"column":0},"end":{"line":1,"column":44}},"1":{"start":{"line":3,"column":0},"end":{"line":3,"column":51}},"2":{"start":{"line":8,"column":4},"end":{"line":8,"column":52}},"3":{"start":{"line":6,"column":0},"end":{"line":6,"column":13}}},"fnMap":{"0":{"name":"(anonymous_0)","decl":{"start":{"line":7,"column":2},"end":{"line":7,"column":14}},"loc":{"start":{"line":7,"column":82},"end":{"line":9,"column":3}}}},"branchMap":{},"s":{"0":1,"1":1,"2":0,"3":1},"f":{"0":0},"b":{}}
,"/opt/Enterprise-Deployment-Suite/backend/src/core/errorhandling/exceptions/internal.mti-exception.ts": {"path":"/opt/Enterprise-Deployment-Suite/backend/src/core/errorhandling/exceptions/internal.mti-exception.ts","statementMap":{"0":{"start":{"line":1,"column":0},"end":{"line":1,"column":44}},"1":{"start":{"line":3,"column":0},"end":{"line":3,"column":51}},"2":{"start":{"line":8,"column":4},"end":{"line":8,"column":64}},"3":{"start":{"line":6,"column":0},"end":{"line":6,"column":13}}},"fnMap":{"0":{"name":"(anonymous_0)","decl":{"start":{"line":7,"column":2},"end":{"line":7,"column":14}},"loc":{"start":{"line":7,"column":82},"end":{"line":9,"column":3}}}},"branchMap":{},"s":{"0":1,"1":1,"2":0,"3":1},"f":{"0":0},"b":{}}
,"/opt/Enterprise-Deployment-Suite/backend/src/core/errorhandling/exceptions/mit-exception.ts": {"path":"/opt/Enterprise-Deployment-Suite/backend/src/core/errorhandling/exceptions/mit-exception.ts","statementMap":{"0":{"start":{"line":1,"column":0},"end":{"line":1,"column":59}},"1":{"start":{"line":11,"column":4},"end":{"line":11,"column":84}},"2":{"start":{"line":18,"column":4},"end":{"line":21,"column":6}},"3":{"start":{"line":5,"column":0},"end":{"line":5,"column":13}}},"fnMap":{"0":{"name":"(anonymous_0)","decl":{"start":{"line":6,"column":2},"end":{"line":6,"column":null}},"loc":{"start":{"line":9,"column":29},"end":{"line":12,"column":3}}},"1":{"name":"(anonymous_1)","decl":{"start":{"line":14,"column":10},"end":{"line":14,"column":16}},"loc":{"start":{"line":16,"column":66},"end":{"line":22,"column":3}}}},"branchMap":{"0":{"loc":{"start":{"line":8,"column":4},"end":{"line":8,"column":91}},"type":"default-arg","locations":[{"start":{"line":8,"column":69},"end":{"line":8,"column":91}}]}},"s":{"0":1,"1":0,"2":0,"3":1},"f":{"0":0,"1":0},"b":{"0":[0]}}
,"/opt/Enterprise-Deployment-Suite/backend/src/core/errorhandling/exceptions/mti.error-codes.enum.ts": {"path":"/opt/Enterprise-Deployment-Suite/backend/src/core/errorhandling/exceptions/mti.error-codes.enum.ts","statementMap":{"0":{"start":{"line":1,"column":0},"end":{"line":1,"column":null}},"1":{"start":{"line":2,"column":2},"end":{"line":2,"column":null}},"2":{"start":{"line":3,"column":2},"end":{"line":3,"column":null}},"3":{"start":{"line":4,"column":2},"end":{"line":4,"column":null}},"4":{"start":{"line":5,"column":2},"end":{"line":5,"column":null}},"5":{"start":{"line":6,"column":2},"end":{"line":6,"column":null}},"6":{"start":{"line":7,"column":2},"end":{"line":7,"column":null}},"7":{"start":{"line":8,"column":2},"end":{"line":8,"column":null}},"8":{"start":{"line":9,"column":2},"end":{"line":9,"column":null}},"9":{"start":{"line":10,"column":2},"end":{"line":10,"column":null}},"10":{"start":{"line":11,"column":2},"end":{"line":11,"column":null}},"11":{"start":{"line":12,"column":2},"end":{"line":12,"column":null}},"12":{"start":{"line":13,"column":2},"end":{"line":13,"column":null}},"13":{"start":{"line":14,"column":2},"end":{"line":14,"column":null}},"14":{"start":{"line":15,"column":2},"end":{"line":15,"column":null}},"15":{"start":{"line":16,"column":2},"end":{"line":16,"column":null}},"16":{"start":{"line":17,"column":2},"end":{"line":17,"column":null}}},"fnMap":{"0":{"name":"(anonymous_0)","decl":{"start":{"line":1,"column":0},"end":{"line":1,"column":12}},"loc":{"start":{"line":1,"column":25},"end":{"line":18,"column":1}}}},"branchMap":{"0":{"loc":{"start":{"line":1,"column":12},"end":{"line":1,"column":null}},"type":"binary-expr","locations":[{"start":{"line":1,"column":12},"end":{"line":1,"column":25}},{"start":{"line":1,"column":25},"end":{"line":1,"column":null}}]}},"s":{"0":1,"1":1,"2":1,"3":1,"4":1,"5":1,"6":1,"7":1,"8":1,"9":1,"10":1,"11":1,"12":1,"13":1,"14":1,"15":1,"16":1},"f":{"0":1},"b":{"0":[1,1]}}
,"/opt/Enterprise-Deployment-Suite/backend/src/core/errorhandling/exceptions/not-found.mti-exception.ts": {"path":"/opt/Enterprise-Deployment-Suite/backend/src/core/errorhandling/exceptions/not-found.mti-exception.ts","statementMap":{"0":{"start":{"line":1,"column":0},"end":{"line":1,"column":44}},"1":{"start":{"line":3,"column":0},"end":{"line":3,"column":51}},"2":{"start":{"line":8,"column":4},"end":{"line":8,"column":52}},"3":{"start":{"line":6,"column":0},"end":{"line":6,"column":13}}},"fnMap":{"0":{"name":"(anonymous_0)","decl":{"start":{"line":7,"column":2},"end":{"line":7,"column":14}},"loc":{"start":{"line":7,"column":82},"end":{"line":9,"column":3}}}},"branchMap":{},"s":{"0":1,"1":1,"2":0,"3":1},"f":{"0":0},"b":{}}
,"/opt/Enterprise-Deployment-Suite/backend/src/core/errorhandling/exceptions/unauthorized.mti-exception.ts": {"path":"/opt/Enterprise-Deployment-Suite/backend/src/core/errorhandling/exceptions/unauthorized.mti-exception.ts","statementMap":{"0":{"start":{"line":1,"column":0},"end":{"line":1,"column":44}},"1":{"start":{"line":3,"column":0},"end":{"line":3,"column":51}},"2":{"start":{"line":8,"column":4},"end":{"line":8,"column":55}},"3":{"start":{"line":6,"column":0},"end":{"line":6,"column":13}}},"fnMap":{"0":{"name":"(anonymous_0)","decl":{"start":{"line":7,"column":2},"end":{"line":7,"column":14}},"loc":{"start":{"line":7,"column":82},"end":{"line":9,"column":3}}}},"branchMap":{},"s":{"0":1,"1":1,"2":0,"3":1},"f":{"0":0},"b":{}}
,"/opt/Enterprise-Deployment-Suite/backend/src/core/logging/logging.module.ts": {"path":"/opt/Enterprise-Deployment-Suite/backend/src/core/logging/logging.module.ts","statementMap":{"0":{"start":{"line":1,"column":0},"end":{"line":1,"column":48}},"1":{"start":{"line":3,"column":0},"end":{"line":3,"column":47}},"2":{"start":{"line":24,"column":7},"end":{"line":24,"column":null}},"3":{"start":{"line":24,"column":13},"end":{"line":24,"column":30}},"4":{"start":{"line":24,"column":13},"end":{"line":24,"column":null}}},"fnMap":{},"branchMap":{},"s":{"0":1,"1":1,"2":1,"3":1,"4":1},"f":{},"b":{}}
,"/opt/Enterprise-Deployment-Suite/backend/src/core/logging/logging.service.ts": {"path":"/opt/Enterprise-Deployment-Suite/backend/src/core/logging/logging.service.ts","statementMap":{"0":{"start":{"line":1,"column":0},"end":{"line":1,"column":59}},"1":{"start":{"line":4,"column":7},"end":{"line":4,"column":null}},"2":{"start":{"line":4,"column":13},"end":{"line":4,"column":23}},"3":{"start":{"line":4,"column":13},"end":{"line":4,"column":null}}},"fnMap":{},"branchMap":{},"s":{"0":1,"1":1,"2":1,"3":1},"f":{},"b":{}}
,"/opt/Enterprise-Deployment-Suite/backend/src/core/persistence/base.entity.ts": {"path":"/opt/Enterprise-Deployment-Suite/backend/src/core/persistence/base.entity.ts","statementMap":{"0":{"start":{"line":1,"column":0},"end":{"line":1,"column":82}},"1":{"start":{"line":3,"column":0},"end":{"line":3,"column":66}},"2":{"start":{"line":6,"column":7},"end":{"line":16,"column":null}},"3":{"start":{"line":9,"column":2},"end":{"line":9,"column":42}},"4":{"start":{"line":12,"column":2},"end":{"line":12,"column":31}},"5":{"start":{"line":15,"column":2},"end":{"line":15,"column":31}},"6":{"start":{"line":6,"column":22},"end":{"line":6,"column":36}},"7":{"start":{"line":9,"column":2},"end":{"line":9,"column":null}},"8":{"start":{"line":12,"column":2},"end":{"line":12,"column":null}},"9":{"start":{"line":15,"column":2},"end":{"line":15,"column":null}},"10":{"start":{"line":14,"column":30},"end":{"line":14,"column":40}},"11":{"start":{"line":6,"column":22},"end":{"line":16,"column":null}}},"fnMap":{"0":{"name":"(anonymous_2)","decl":{"start":{"line":6,"column":7},"end":{"line":6,"column":22}},"loc":{"start":{"line":6,"column":7},"end":{"line":16,"column":1}}},"1":{"name":"(anonymous_3)","decl":{"start":{"line":14,"column":24},"end":{"line":14,"column":27}},"loc":{"start":{"line":14,"column":30},"end":{"line":14,"column":40}}}},"branchMap":{},"s":{"0":1,"1":1,"2":1,"3":368,"4":368,"5":368,"6":1,"7":1,"8":1,"9":1,"10":4,"11":1},"f":{"0":368,"1":4},"b":{}}
,"/opt/Enterprise-Deployment-Suite/backend/src/core/persistence/base.repository.ts": {"path":"/opt/Enterprise-Deployment-Suite/backend/src/core/persistence/base.repository.ts","statementMap":{"0":{"start":{"line":1,"column":0},"end":{"line":1,"column":51}},"1":{"start":{"line":5,"column":0},"end":{"line":5,"column":13}}},"fnMap":{},"branchMap":{},"s":{"0":1,"1":1},"f":{},"b":{}}
,"/opt/Enterprise-Deployment-Suite/backend/src/core/persistence/core-persistence.config.service.ts": {"path":"/opt/Enterprise-Deployment-Suite/backend/src/core/persistence/core-persistence.config.service.ts","statementMap":{"0":{"start":{"line":1,"column":0},"end":{"line":1,"column":31}},"1":{"start":{"line":3,"column":0},"end":{"line":3,"column":52}},"2":{"start":{"line":5,"column":0},"end":{"line":5,"column":76}},"3":{"start":{"line":6,"column":0},"end":{"line":6,"column":49}},"4":{"start":{"line":7,"column":0},"end":{"line":7,"column":47}},"5":{"start":{"line":8,"column":0},"end":{"line":8,"column":47}},"6":{"start":{"line":10,"column":0},"end":{"line":10,"column":57}},"7":{"start":{"line":11,"column":0},"end":{"line":11,"column":64}},"8":{"start":{"line":12,"column":0},"end":{"line":12,"column":60}},"9":{"start":{"line":13,"column":0},"end":{"line":13,"column":49}},"10":{"start":{"line":15,"column":0},"end":{"line":15,"column":66}},"11":{"start":{"line":16,"column":0},"end":{"line":16,"column":81}},"12":{"start":{"line":17,"column":0},"end":{"line":17,"column":91}},"13":{"start":{"line":18,"column":0},"end":{"line":18,"column":55}},"14":{"start":{"line":19,"column":0},"end":{"line":19,"column":69}},"15":{"start":{"line":25,"column":7},"end":{"line":112,"column":null}},"16":{"start":{"line":28,"column":31},"end":{"line":28,"column":39}},"17":{"start":{"line":26,"column":19},"end":{"line":26,"column":60}},"18":{"start":{"line":34,"column":4},"end":{"line":59,"column":6}},"19":{"start":{"line":46,"column":8},"end":{"line":46,"column":92}},"20":{"start":{"line":64,"column":4},"end":{"line":75,"column":5}},"21":{"start":{"line":67,"column":8},"end":{"line":67,"column":40}},"22":{"start":{"line":69,"column":8},"end":{"line":69,"column":40}},"23":{"start":{"line":71,"column":8},"end":{"line":71,"column":45}},"24":{"start":{"line":74,"column":8},"end":{"line":74,"column":41}},"25":{"start":{"line":79,"column":4},"end":{"line":82,"column":6}},"26":{"start":{"line":85,"column":4},"end":{"line":88,"column":6}},"27":{"start":{"line":91,"column":4},"end":{"line":94,"column":6}},"28":{"start":{"line":97,"column":4},"end":{"line":100,"column":6}},"29":{"start":{"line":103,"column":4},"end":{"line":110,"column":6}},"30":{"start":{"line":25,"column":13},"end":{"line":25,"column":37}},"31":{"start":{"line":25,"column":13},"end":{"line":112,"column":null}}},"fnMap":{"0":{"name":"(anonymous_2)","decl":{"start":{"line":28,"column":2},"end":{"line":28,"column":31}},"loc":{"start":{"line":28,"column":56},"end":{"line":28,"column":60}}},"1":{"name":"(anonymous_3)","decl":{"start":{"line":33,"column":2},"end":{"line":33,"column":23}},"loc":{"start":{"line":33,"col
[...]
,"/opt/Enterprise-Deployment-Suite/backend/src/vpn/types/vpn-type.service.ts": {"path":"/opt/Enterprise-Deployment-Suite/backend/src/vpn/types/vpn-type.service.ts","statementMap":{"0":{"start":{"line":1,"column":0},"end":{"line":1,"column":36}},"1":{"start":{"line":3,"column":0},"end":{"line":3,"column":40}},"2":{"start":{"line":9,"column":19},"end":{"line":9,"column":61}},"3":{"start":{"line":16,"column":25},"end":{"line":16,"column":37}},"4":{"start":{"line":17,"column":4},"end":{"line":19,"column":6}},"5":{"start":{"line":20,"column":4},"end":{"line":26,"column":6}},"6":{"start":{"line":34,"column":4},"end":{"line":34,"column":28}},"7":{"start":{"line":36,"column":4},"end":{"line":36,"column":40}},"8":{"start":{"line":37,"column":4},"end":{"line":37,"column":26}},"9":{"start":{"line":38,"column":4},"end":{"line":38,"column":30}},"10":{"start":{"line":39,"column":4},"end":{"line":39,"column":37}},"11":{"start":{"line":41,"column":4},"end":{"line":41,"column":22}},"12":{"start":{"line":8,"column":0},"end":{"line":8,"column":22}}},"fnMap":{"0":{"name":"(anonymous_0)","decl":{"start":{"line":8,"column":0},"end":{"line":8,"column":22}},"loc":{"start":{"line":8,"column":0},"end":{"line":43,"column":1}}},"1":{"name":"(anonymous_1)","decl":{"start":{"line":15,"column":2},"end":{"line":15,"column":7}},"loc":{"start":{"line":15,"column":41},"end":{"line":27,"column":3}}},"2":{"name":"(anonymous_2)","decl":{"start":{"line":25,"column":12},"end":{"line":25,"column":17}},"loc":{"start":{"line":25,"column":23},"end":{"line":25,"column":26}}},"3":{"name":"(anonymous_3)","decl":{"start":{"line":33,"column":2},"end":{"line":33,"column":7}},"loc":{"start":{"line":33,"column":50},"end":{"line":42,"column":3}}},"4":{"name":"(anonymous_4)","decl":{"start":{"line":39,"column":22},"end":{"line":39,"column":27}},"loc":{"start":{"line":39,"column":33},"end":{"line":39,"column":36}}}},"branchMap":{},"s":{"0":1,"1":1,"2":4,"3":0,"4":0,"5":0,"6":0,"7":0,"8":0,"9":0,"10":0,"11":0,"12":1},"f":{"0":4,"1":0,"2":0,"3":0,"4":0},"b":{}}
,"/opt/Enterprise-Deployment-Suite/backend/src/vpn/types/openconnect/openconnect-vpn.service.ts": {"path":"/opt/Enterprise-Deployment-Suite/backend/src/vpn/types/openconnect/openconnect-vpn.service.ts","statementMap":{"0":{"start":{"line":1,"column":0},"end":{"line":1,"column":101}},"1":{"start":{"line":2,"column":0},"end":{"line":2,"column":87}},"2":{"start":{"line":3,"column":0},"end":{"line":3,"column":74}},"3":{"start":{"line":6,"column":0},"end":{"line":6,"column":66}},"4":{"start":{"line":8,"column":0},"end":{"line":8,"column":53}},"5":{"start":{"line":9,"column":0},"end":{"line":9,"column":80}},"6":{"start":{"line":12,"column":7},"end":{"line":63,"column":null}},"7":{"start":{"line":16,"column":21},"end":{"line":16,"column":64}},"8":{"start":{"line":14,"column":4},"end":{"line":14,"column":40}},"9":{"start":{"line":19,"column":4},"end":{"line":33,"column":5}},"10":{"start":{"line":29,"column":6},"end":{"line":32,"column":8}},"11":{"start":{"line":35,"column":23},"end":{"line":35,"column":57}},"12":{"start":{"line":37,"column":4},"end":{"line":44,"column":6}},"13":{"start":{"line":46,"column":4},"end":{"line":46,"column":25}},"14":{"start":{"line":47,"column":4},"end":{"line":47,"column":22}},"15":{"start":{"line":51,"column":4},"end":{"line":59,"column":5}},"16":{"start":{"line":58,"column":6},"end":{"line":58,"column":13}},"17":{"start":{"line":61,"column":4},"end":{"line":61,"column":46}},"18":{"start":{"line":12,"column":13},"end":{"line":12,"column":34}},"19":{"start":{"line":12,"column":13},"end":{"line":63,"column":null}}},"fnMap":{"0":{"name":"(anonymous_1)","decl":{"start":{"line":12,"column":7},"end":{"line":12,"column":13}},"loc":{"start":{"line":12,"column":7},"end":{"line":63,"column":1}}},"1":{"name":"(anonymous_2)","decl":{"start":{"line":13,"column":2},"end":{"line":13,"column":7}},"loc":{"start":{"line":13,"column":20},"end":{"line":15,"column":3}}},"2":{"name":"(anonymous_3)","decl":{"start":{"line":18,"column":11},"end":{"line":18,"column":16}},"loc":{"start":{"line":18,"column":50},"end":{"line":48,"column":3}}},"3":{"name":"(anonymous_4)","decl":{"start":{"line":50,"column":11},"end":{"line":50,"column":16}},"loc":{"start":{"line":50,"column":59},"end":{"line":62,"column":3}}}},"branchMap":{"0":{"loc":{"start":{"line":19,"column":4},"end":{"line":33,"column":5}},"type":"if","locations":[{"start":{"line":19,"column":4},"end":{"line":33,"column":5}}]},"1":{"loc":{"start":{"line":20,"column":6},"end":{"line":27,"column":42}},"type":"binary-expr","locations":[{"start":{"line":20,"column":7},"end":{"line":20,"column":47}},{"start":{"line":21,"column":8},"end":{"line":21,"column":40}},{"start":{"line":22,"column":8},"end":{"line":22,"column":34}},{"start":{"line":23,"column":8},"end":{"line":23,"column":43}},{"start":{"line":24,"column":6},"end":{"line":24,"column":32}},{"start":{"line":25,"column":6},"end":{"line":25,"column":41}},{"start":{"line":26,"column":6},"end":{"line":26,"column":41}},{"start":{"line":27,"column":6},"end":{"line":27,"column":42}}]},"2":{"loc":{"start":{"line":38,"column":26},"end":{"line":38,"column":45}},"type":"binary-expr","locations":[{"start":{"line":38,"column":26},"end":{"line":38,"column":38}},{"start":{"line":38,"column":42},"end":{"line":38,"column":45}}]},"3":{"loc":{"start":{"line":51,"column":4},"end":{"line":59,"column":5}},"type":"if","locations":[{"start":{"line":51,"column":4},"end":{"line":59,"column":5}}]},"4":{"loc":{"start":{"line":52,"column":6},"end":{"line":56,"column":20}},"type":"binary-expr","locations":[{"start":{"line":52,"column":7},"end":{"line":52,"column":58}},{"start":{"line":53,"column":8},"end":{"line":53,"column":51}},{"start":{"line":54,"column":8},"end":{"line":54,"column":45}},{"start":{"line":55,"column":8},"end":{"line":55,"column":54}},{"start":{"line":56,"column":6},"end":{"line":56,"column":20}}]}},"s":{"0":1,"1":1,"2":1,"3":1,"4":1,"5":1,"6":1,"7":2,"8":2,"9":0,"10":0,"11":0,"12":0,"13":0,"14":0,"15":0,"16":0,"17":0,"18":1,"19":1},"f":{"0":2,"1":2,"2":0,"3":0},"b":{"0":[0],"1":[0,0,0,0,0,0,0,0],"2":[0,0],"3":[0],"4":[0,0,0,0,0]}}
,"/opt/Enterprise-Deployment-Suite/backend/src/vpn/types/openconnect/lib/exec.ts": {"path":"/opt/Enterprise-Deployment-Suite/backend/src/vpn/types/openconnect/lib/exec.ts","statementMap":{"0":{"start":{"line":1,"column":0},"end":{"line":1,"column":46}},"1":{"start":{"line":2,"column":0},"end":{"line":2,"column":29}},"2":{"start":{"line":4,"column":16},"end":{"line":4,"column":49}},"3":{"start":{"line":18,"column":20},"end":{"line":38,"column":1}},"4":{"start":{"line":19,"column":18},"end":{"line":19,"column":34}},"5":{"start":{"line":20,"column":16},"end":{"line":20,"column":29}},"6":{"start":{"line":21,"column":2},"end":{"line":32,"column":3}},"7":{"start":{"line":22,"column":41},"end":{"line":22,"column":45}},"8":{"start":{"line":23,"column":4},"end":{"line":25,"column":5}},"9":{"start":{"line":24,"column":6},"end":{"line":24,"column":63}},"10":{"start":{"line":24,"column":49},"end":{"line":24,"column":61}},"11":{"start":{"line":26,"column":4},"end":{"line":28,"column":5}},"12":{"start":{"line":27,"column":6},"end":{"line":27,"column":64}},"13":{"start":{"line":27,"column":49},"end":{"line":27,"column":62}},"14":{"start":{"line":29,"column":4},"end":{"line":31,"column":5}},"15":{"start":{"line":30,"column":6},"end":{"line":30,"column":57}},"16":{"start":{"line":30,"column":42},"end":{"line":30,"column":55}},"17":{"start":{"line":35,"column":29},"end":{"line":35,"column":42}},"18":{"start":{"line":36,"column":2},"end":{"line":36,"column":38}},"19":{"start":{"line":36,"column":14},"end":{"line":36,"column":38}},"20":{"start":{"line":37,"column":2},"end":{"line":37,"column":16}},"21":{"start":{"line":18,"column":13},"end":{"line":18,"column":20}}},"fnMap":{"0":{"name":"(anonymous_0)","decl":{"start":{"line":18,"column":20},"end":{"line":18,"column":25}},"loc":{"start":{"line":18,"column":62},"end":{"line":38,"column":1}}},"1":{"name":"(anonymous_1)","decl":{"start":{"line":24,"column":31},"end":{"line":24,"column":32}},"loc":{"start":{"line":24,"column":49},"end":{"line":24,"column":61}}},"2":{"name":"(anonymous_2)","decl":{"start":{"line":27,"column":31},"end":{"line":27,"column":32}},"loc":{"start":{"line":27,"column":49},"end":{"line":27,"column":62}}},"3":{"name":"(anonymous_3)","decl":{"start":{"line":30,"column":24},"end":{"line":30,"column":25}},"loc":{"start":{"line":30,"column":42},"end":{"line":30,"column":55}}}},"branchMap":{"0":{"loc":{"start":{"line":21,"column":2},"end":{"line":32,"column":3}},"type":"if","locations":[{"start":{"line":21,"column":2},"end":{"line":32,"column":3}}]},"1":{"loc":{"start":{"line":23,"column":4},"end":{"line":25,"column":5}},"type":"if","locations":[{"start":{"line":23,"column":4},"end":{"line":25,"column":5}}]},"2":{"loc":{"start":{"line":23,"column":8},"end":{"line":23,"column":51}},"type":"binary-expr","locations":[{"start":{"line":23,"column":8},"end":{"line":23,"column":14}},{"start":{"line":23,"column":18},"end":{"line":23,"column":51}}]},"3":{"loc":{"start":{"line":26,"column":4},"end":{"line":28,"column":5}},"type":"if","locations":[{"start":{"line":26,"column":4},"end":{"line":28,"column":5}}]},"4":{"loc":{"start":{"line":26,"column":8},"end":{"line":26,"column":53}},"type":"binary-expr","locations":[{"start":{"line":26,"column":8},"end":{"line":26,"column":15}},{"start":{"line":26,"column":19},"end":{"line":26,"column":53}}]},"5":{"loc":{"start":{"line":29,"column":4},"end":{"line":31,"column":5}},"type":"if","locations":[{"start":{"line":29,"column":4},"end":{"line":31,"column":5}}]},"6":{"loc":{"start":{"line":29,"column":8},"end":{"line":29,"column":53}},"type":"binary-expr","locations":[{"start":{"line":29,"column":8},"end":{"line":29,"column":15}},{"start":{"line":29,"column":19},"end":{"line":29,"column":53}}]},"7":{"loc":{"start":{"line":36,"column":2},"end":{"line":36,"column":38}},"type":"if","locations":[{"start":{"line":36,"column":2},"end":{"line":36,"column":38}}]}},"s":{"0":1,"1":1,"2":1,"3":1,"4":2,"5":2,"6":2,"7":0,"8":0,"9":0,"10":0,"11":0,"12":0,"13":0,"14":0,"15":0,"16":0,"17":2,"18":2,"19":0,"20":2,"21":1},"f":{"0":2,"1":0,"2":0,"3":0},"b":{"0":[0],"1":[0],"2":[0,0],"3":[0],"4":[0,0],"5":[0],"6":[0,0],"7":[0]}}
,"/opt/Enterprise-Deployment-Suite/backend/src/vpn/types/openconnect/lib/openconnect.helper.ts": {"path":"/opt/Enterprise-Deployment-Suite/backend/src/vpn/types/openconnect/lib/openconnect.helper.ts","statementMap":{"0":{"start":{"line":1,"column":0},"end":{"line":1,"column":30}},"1":{"start":{"line":3,"column":23},"end":{"line":25,"column":1}},"2":{"start":{"line":11,"column":2},"end":{"line":24,"column":3}},"3":{"start":{"line":12,"column":4},"end":{"line":21,"column":6}},"4":{"start":{"line":15,"column":21},"end":{"line":15,"column":35}},"5":{"start":{"line":18,"column":10},"end":{"line":18,"column":38}},"6":{"start":{"line":23,"column":4},"end":{"line":23,"column":21}},"7":{"start":{"line":3,"column":13},"end":{"line":3,"column":23}},"8":{"start":{"line":32,"column":43},"end":{"line":39,"column":1}},"9":{"start":{"line":33,"column":2},"end":{"line":38,"column":3}},"10":{"start":{"line":34,"column":20},"end":{"line":34,"column":55}},"11":{"start":{"line":35,"column":4},"end":{"line":35,"column":19}},"12":{"start":{"line":37,"column":4},"end":{"line":37,"column":94}},"13":{"start":{"line":32,"column":13},"end":{"line":32,"column":43}}},"fnMap":{"0":{"name":"(anonymous_0)","decl":{"start":{"line":3,"column":23},"end":{"line":3,"column":28}},"loc":{"start":{"line":10,"column":4},"end":{"line":25,"column":1}}},"1":{"name":"(anonymous_1)","decl":{"start":{"line":15,"column":16},"end":{"line":15,"column":17}},"loc":{"start":{"line":15,"column":21},"end":{"line":15,"column":35}}},"2":{"name":"(anonymous_2)","decl":{"start":{"line":17,"column":17},"end":{"line":17,"column":20}},"loc":{"start":{"line":17,"column":22},"end":{"line":19,"column":9}}},"3":{"name":"(anonymous_3)","decl":{"start":{"line":32,"column":43},"end":{"line":32,"column":48}},"loc":{"start":{"line":32,"column":54},"end":{"line":39,"column":1}}}},"branchMap":{},"s":{"0":1,"1":1,"2":0,"3":0,"4":0,"5":0,"6":0,"7":1,"8":1,"9":2,"10":2,"11":2,"12":0,"13":1},"f":{"0":0,"1":0,"2":0,"3":2},"b":{}}
,"/opt/Enterprise-Deployment-Suite/backend/src/vpn/types/wireguard/wireguard-vpn.service.ts": {"path":"/opt/Enterprise-Deployment-Suite/backend/src/vpn/types/wireguard/wireguard-vpn.service.ts","statementMap":{"0":{"start":{"line":1,"column":0},"end":{"line":1,"column":33}},"1":{"start":{"line":2,"column":0},"end":{"line":2,"column":28}},"2":{"start":{"line":3,"column":0},"end":{"line":3,"column":101}},"3":{"start":{"line":4,"column":0},"end":{"line":4,"column":87}},"4":{"start":{"line":5,"column":0},"end":{"line":5,"column":74}},"5":{"start":{"line":7,"column":0},"end":{"line":7,"column":43}},"6":{"start":{"line":9,"column":0},"end":{"line":9,"column":52}},"7":{"start":{"line":11,"column":0},"end":{"line":11,"column":53}},"8":{"start":{"line":13,"column":28},"end":{"line":15,"column":1}},"9":{"start":{"line":14,"column":2},"end":{"line":14,"column":59}},"10":{"start":{"line":18,"column":7},"end":{"line":75,"column":null}},"11":{"start":{"line":19,"column":21},"end":{"line":19,"column":64}},"12":{"start":{"line":22,"column":4},"end":{"line":35,"column":5}},"13":{"start":{"line":31,"column":6},"end":{"line":34,"column":8}},"14":{"start":{"line":37,"column":23},"end":{"line":37,"column":57}},"15":{"start":{"line":39,"column":21},"end":{"line":39,"column":55}},"16":{"start":{"line":40,"column":28},"end":{"line":54,"column":6}},"17":{"start":{"line":56,"column":4},"end":{"line":56,"column":40}},"18":{"start":{"line":57,"column":4},"end":{"line":57,"column":31}},"19":{"start":{"line":59,"column":4},"end":{"line":59,"column":25}},"20":{"start":{"line":60,"column":4},"end":{"line":63,"column":6}},"21":{"start":{"line":61,"column":6},"end":{"line":61,"column":35}},"22":{"start":{"line":62,"column":6},"end":{"line":62,"column":51}},"23":{"start":{"line":65,"column":4},"end":{"line":65,"column":22}},"24":{"start":{"line":69,"column":4},"end":{"line":71,"column":5}},"25":{"start":{"line":70,"column":6},"end":{"line":70,"column":13}},"26":{"start":{"line":73,"column":4},"end":{"line":73,"column":46}},"27":{"start":{"line":18,"column":13},"end":{"line":18,"column":32}},"28":{"start":{"line":18,"column":13},"end":{"line":75,"column":null}}},"fnMap":{"0":{"name":"(anonymous_1)","decl":{"start":{"line":13,"column":28},"end":{"line":13,"column":29}},"loc":{"start":{"line":13,"column":61},"end":{"line":15,"column":1}}},"1":{"name":"(anonymous_2)","decl":{"start":{"line":18,"column":7},"end":{"line":18,"column":13}},"loc":{"start":{"line":18,"column":7},"end":{"line":75,"column":1}}},"2":{"name":"(anonymous_3)","decl":{"start":{"line":21,"column":11},"end":{"line":21,"column":16}},"loc":{"start":{"line":21,"column":50},"end":{"line":66,"column":3}}},"3":{"name":"(anonymous_4)","decl":{"start":{"line":60,"column":22},"end":{"line":60,"column":27}},"loc":{"start":{"line":60,"column":33},"end":{"line":63,"column":5}}},"4":{"name":"(anonymous_5)","decl":{"start":{"line":68,"column":11},"end":{"line":68,"column":16}},"loc":{"start":{"line":68,"column":59},"end":{"line":74,"column":3}}}},"branchMap":{"0":{"loc":{"start":{"line":22,"column":4},"end":{"line":35,"column":5}},"type":"if","locations":[{"start":{"line":22,"column":4},"end":{"line":35,"column":5}}]},"1":{"loc":{"start":{"line":23,"column":6},"end":{"line":29,"column":40}},"type":"binary-expr","locations":[{"start":{"line":23,"column":6},"end":{"line":23,"column":39}},{"start":{"line":24,"column":6},"end":{"line":24,"column":30}},{"start":{"line":25,"column":6},"end":{"line":25,"column":41}},{"start":{"line":26,"column":6},"end":{"line":26,"column":39}},{"start":{"line":27,"column":6},"end":{"line":27,"column":50}},{"start":{"line":28,"column":6},"end":{"line":28,"column":41}},{"start":{"line":29,"column":6},"end":{"line":29,"column":40}}]},"2":{"loc":{"start":{"line":50,"column":46},"end":{"line":50,"column":67}},"type":"binary-expr","locations":[{"start":{"line":50,"column":46},"end":{"line":50,"column":58}},{"start":{"line":50,"column":62},"end":{"line":50,"column":67}}]},"3":{"loc":{"start":{"line":69,"column":4},"end":{"line":71,"column":5}},"type":"if","locations":[{"start":{"line":69,"column":4},"end":{"line":71,"column":5}}]},"4":{"loc":{"start":{"line":69,"column":8},"end":{"line":69,"column":70}},"type":"binary-expr","locations":[{"start":{"line":69,"column":8},"end":{"line":69,"column":52}},{"start":{"line":69,"column":56},"end":{"line":69,"column":70}}]}},"s":{"0":1,"1":1,"2":1,"3":1,"4":1,"5":1,"6":1,"7":1,"8":1,"9":0,"10":1,"11":2,"12":0,"13":0,"14":0,"15":0,"16":0,"17":0,"18":0,"19":0,"20":0,"21":0,"22":0,"23":0,"24":0,"25":0,"26":0,"27":1,"28":1},"f":{"0":0,"1":2,"2":0,"3":0,"4":0},"b":{"0":[0],"1":[0,0,0,0,0,0,0],"2":[0,0],"3":[0],"4":[0,0]}}
,"/opt/Enterprise-Deployment-Suite/backend/test/testutils/auth.testutil.ts": {"path":"/opt/Enterprise-Deployment-Suite/backend/test/testutils/auth.testutil.ts","statementMap":{"0":{"start":{"line":6,"column":0},"end":{"line":6,"column":7}},"1":{"start":{"line":12,"column":0},"end":{"line":12,"column":7}},"2":{"start":{"line":18,"column":0},"end":{"line":18,"column":16}},"3":{"start":{"line":22,"column":0},"end":{"line":22,"column":7}},"4":{"start":{"line":1,"column":0},"end":{"line":1,"column":36}},"5":{"start":{"line":3,"column":0},"end":{"line":3,"column":47}},"6":{"start":{"line":8,"column":18},"end":{"line":8,"column":65}},"7":{"start":{"line":9,"column":2},"end":{"line":9,"column":71}},"8":{"start":{"line":14,"column":18},"end":{"line":14,"column":65}},"9":{"start":{"line":15,"column":2},"end":{"line":15,"column":64}},"10":{"start":{"line":19,"column":2},"end":{"line":19,"column":27}},"11":{"start":{"line":23,"column":18},"end":{"line":23,"column":65}},"12":{"start":{"line":25,"column":2},"end":{"line":25,"column":72}}},"fnMap":{"0":{"name":"getValidJwt","decl":{"start":{"line":6,"column":22},"end":{"line":6,"column":33}},"loc":{"start":{"line":6,"column":33},"end":{"line":10,"column":1}}},"1":{"name":"getInvalidJwt","decl":{"start":{"line":12,"column":22},"end":{"line":12,"column":35}},"loc":{"start":{"line":12,"column":35},"end":{"line":16,"column":1}}},"2":{"name":"getMalformedJwt","decl":{"start":{"line":18,"column":16},"end":{"line":18,"column":31}},"loc":{"start":{"line":18,"column":31},"end":{"line":20,"column":1}}},"3":{"name":"getExpiredJwt","decl":{"start":{"line":22,"column":22},"end":{"line":22,"column":35}},"loc":{"start":{"line":22,"column":35},"end":{"line":26,"column":1}}}},"branchMap":{},"s":{"0":1,"1":1,"2":1,"3":1,"4":1,"5":1,"6":2,"7":2,"8":1,"9":1,"10":1,"11":2,"12":2},"f":{"0":2,"1":1,"2":1,"3":2},"b":{}}
,"/opt/Enterprise-Deployment-Suite/backend/test/testutils/config.testutil.ts": {"path":"/opt/Enterprise-Deployment-Suite/backend/test/testutils/config.testutil.ts","statementMap":{"0":{"start":{"line":1,"column":13},"end":{"line":3,"column":2}}},"fnMap":{},"branchMap":{},"s":{"0":1},"f":{},"b":{}}
,"/opt/Enterprise-Deployment-Suite/backend/test/testutils/setup.testutil.ts": {"path":"/opt/Enterprise-Deployment-Suite/backend/test/testutils/setup.testutil.ts","statementMap":{"0":{"start":{"line":6,"column":0},"end":{"line":6,"column":7}},"1":{"start":{"line":3,"column":0},"end":{"line":3,"column":47}},"2":{"start":{"line":7,"column":2},"end":{"line":9,"column":3}},"3":{"start":{"line":8,"column":4},"end":{"line":8,"column":29}}},"fnMap":{"0":{"name":"setupTestbed","decl":{"start":{"line":6,"column":22},"end":{"line":6,"column":34}},"loc":{"start":{"line":6,"column":56},"end":{"line":10,"column":1}}}},"branchMap":{},"s":{"0":1,"1":1,"2":1,"3":1},"f":{"0":1},"b":{}}
,"/opt/Enterprise-Deployment-Suite/backend/types/dhcp.d.ts": {"path":"/opt/Enterprise-Deployment-Suite/backend/types/dhcp.d.ts","statementMap":{},"fnMap":{},"branchMap":{},"s":{},"f":{},"b":{}}
}
