TN:
SF:debug/customers.e2e-sspec.ts
FN:8,(anonymous_0)
FN:11,(anonymous_1)
FN:20,(anonymous_2)
FN:24,(anonymous_3)
FN:29,(anonymous_4)
FNF:5
FNH:0
FNDA:0,(anonymous_0)
FNDA:0,(anonymous_1)
FNDA:0,(anonymous_2)
FNDA:0,(anonymous_3)
FNDA:0,(anonymous_4)
DA:1,0
DA:4,0
DA:6,0
DA:8,0
DA:11,0
DA:12,0
DA:16,0
DA:17,0
DA:20,0
DA:21,0
DA:24,0
DA:25,0
DA:26,0
DA:29,0
DA:30,0
DA:31,0
LF:16
LH:0
BRF:0
BRH:0
end_of_record
TN:
SF:debug/devices.e2e-sspec.ts
FN:8,(anonymous_0)
FN:11,(anonymous_1)
FN:20,(anonymous_2)
FN:24,(anonymous_3)
FN:30,(anonymous_4)
FNF:5
FNH:0
FNDA:0,(anonymous_0)
FNDA:0,(anonymous_1)
FNDA:0,(anonymous_2)
FNDA:0,(anonymous_3)
FNDA:0,(anonymous_4)
DA:1,0
DA:4,0
DA:6,0
DA:8,0
DA:11,0
DA:12,0
DA:16,0
DA:17,0
DA:20,0
DA:21,0
DA:24,0
DA:25,0
DA:26,0
DA:30,0
DA:31,0
DA:33,0
LF:16
LH:0
BRF:0
BRH:0
end_of_record
TN:
SF:debug/images.e2e-sspec.ts
FN:8,(anonymous_0)
FN:11,(anonymous_1)
FN:20,(anonymous_2)
FN:24,(anonymous_3)
FN:29,(anonymous_4)
FNF:5
FNH:0
FNDA:0,(anonymous_0)
FNDA:0,(anonymous_1)
FNDA:0,(anonymous_2)
FNDA:0,(anonymous_3)
FNDA:0,(anonymous_4)
DA:1,0
DA:4,0
DA:6,0
DA:8,0
DA:11,0
DA:12,0
DA:16,0
DA:17,0
DA:20,0
DA:21,0
DA:24,0
DA:25,0
DA:26,0
DA:29,0
DA:30,0
DA:31,0
LF:16
LH:0
BRF:0
BRH:0
end_of_record
TN:
SF:debug/jobs.e2e-sspec.ts
FN:8,(anonymous_0)
FN:11,(anonymous_1)
FN:20,(anonymous_2)
FN:24,(anonymous_3)
FN:29,(anonymous_4)
FN:34,(anonymous_5)
FNF:6
FNH:0
FNDA:0,(anonymous_0)
FNDA:0,(anonymous_1)
FNDA:0,(anonymous_2)
FNDA:0,(anonymous_3)
FNDA:0,(anonymous_4)
FNDA:0,(anonymous_5)
DA:1,0
DA:4,0
DA:6,0
DA:8,0
DA:11,0
DA:12,0
DA:16,0
DA:17,0
DA:20,0
DA:21,0
DA:24,0
DA:25,0
DA:26,0
DA:29,0
DA:30,0
DA:31,0
DA:34,0
DA:35,0
DA:36,0
LF:19
LH:0
BRF:0
BRH:0
end_of_record
TN:
SF:debug/network.e2e-sspec.ts
FN:8,(anonymous_0)
FN:11,(anonymous_1)
FN:20,(anonymous_2)
FN:24,(anonymous_3)
FN:29,(anonymous_4)
FNF:5
FNH:0
FNDA:0,(anonymous_0)
FNDA:0,(anonymous_1)
FNDA:0,(anonymous_2)
FNDA:0,(anonymous_3)
FNDA:0,(anonymous_4)
DA:1,0
DA:4,0
DA:6,0
DA:8,0
DA:11,0
DA:12,0
DA:16,0
DA:17,0
DA:20,0
DA:21,0
DA:24,0
DA:25,0
DA:26,0
DA:29,0
DA:30,0
DA:31,0
LF:16
LH:0
BRF:0
BRH:0
end_of_record
TN:
SF:debug/system.e2e-sspec.ts
FN:8,(anonymous_0)
FN:11,(anonymous_1)
FN:20,(anonymous_2)
FN:24,(anonymous_3)
FNF:4
FNH:0
FNDA:0,(anonymous_0)
FNDA:0,(anonymous_1)
FNDA:0,(anonymous_2)
FNDA:0,(anonymous_3)
DA:1,0
DA:4,0
DA:6,0
DA:8,0
DA:11,0
DA:12,0
DA:16,0
DA:17,0
DA:20,0
DA:21,0
DA:24,0
DA:25,0
DA:26,0
LF:13
LH:0
BRF:0
BRH:0
end_of_record
TN:
SF:debug/vpn.e2e-sspec.ts
FN:8,(anonymous_0)
FN:11,(anonymous_1)
FN:20,(anonymous_2)
FN:24,(anonymous_3)
FN:29,(anonymous_4)
FN:34,(anonymous_5)
FNF:6
FNH:0
FNDA:0,(anonymous_0)
FNDA:0,(anonymous_1)
FNDA:0,(anonymous_2)
FNDA:0,(anonymous_3)
FNDA:0,(anonymous_4)
FNDA:0,(anonymous_5)
DA:1,0
DA:4,0
DA:6,0
DA:8,0
DA:11,0
DA:12,0
DA:16,0
DA:17,0
DA:20,0
DA:21,0
DA:24,0
DA:25,0
DA:26,0
DA:29,0
DA:30,0
DA:31,0
DA:34,0
DA:35,0
DA:36,0
LF:19
LH:0
BRF:0
BRH:0
end_of_record
TN:
SF:src/auth/auth.config.service.ts
FN:10,(anonymous_2)
FN:35,(anonymous_3)
FN:45,(anonymous_4)
FN:12,(anonymous_5)
FN:19,(anonymous_6)
FN:23,(anonymous_7)
FN:27,(anonymous_8)
FN:31,(anonymous_9)
FNF:8
FNH:8
FNDA:4,(anonymous_2)
FNDA:2,(anonymous_3)
FNDA:2,(anonymous_4)
FNDA:4,(anonymous_5)
FNDA:2,(anonymous_6)
FNDA:4,(anonymous_7)
FNDA:4,(anonymous_8)
FNDA:2,(anonymous_9)
DA:2,1
DA:3,1
DA:5,1
DA:9,1
DA:10,4
DA:13,4
DA:14,4
DA:15,0
DA:17,4
DA:20,2
DA:24,4
DA:28,4
DA:32,2
DA:35,4
DA:45,4
LF:15
LH:14
BRDA:14,0,0,0
BRF:1
BRH:0
end_of_record
TN:
SF:src/auth/auth.controller.ts
FN:19,(anonymous_4)
FN:25,(anonymous_5)
FN:30,(anonymous_6)
FN:35,(anonymous_7)
FN:45,(anonymous_8)
FN:54,(anonymous_9)
FN:57,(anonymous_10)
FN:62,(anonymous_11)
FNF:8
FNH:1
FNDA:2,(anonymous_4)
FNDA:0,(anonymous_5)
FNDA:0,(anonymous_6)
FNDA:0,(anonymous_7)
FNDA:0,(anonymous_8)
FNDA:0,(anonymous_9)
FNDA:0,(anonymous_10)
FNDA:0,(anonymous_11)
DA:1,1
DA:3,1
DA:4,1
DA:5,1
DA:6,1
DA:10,1
DA:14,1
DA:17,1
DA:18,2
DA:20,2
DA:21,2
DA:25,1
DA:26,0
DA:30,1
DA:31,0
DA:35,1
DA:38,0
DA:40,0
DA:45,1
DA:48,0
DA:50,0
DA:54,1
DA:57,1
DA:58,0
DA:62,1
DA:66,0
LF:26
LH:18
BRF:0
BRH:0
end_of_record
TN:
SF:src/auth/auth.module.ts
FNF:0
FNH:0
DA:1,1
DA:2,1
DA:3,1
DA:5,1
DA:7,1
DA:8,1
DA:9,1
DA:10,1
DA:11,1
DA:12,1
DA:13,1
DA:14,1
DA:15,1
DA:16,1
DA:17,1
DA:18,1
DA:44,1
LF:17
LH:17
BRF:0
BRH:0
end_of_record
TN:
SF:src/auth/auth.service.ts
FN:16,(anonymous_4)
FN:24,(anonymous_5)
FN:43,(anonymous_6)
FN:54,(anonymous_7)
FN:60,(anonymous_8)
FN:66,(anonymous_9)
FN:70,(anonymous_10)
FN:75,(anonymous_11)
FNF:8
FNH:1
FNDA:2,(anonymous_4)
FNDA:0,(anonymous_5)
FNDA:0,(anonymous_6)
FNDA:0,(anonymous_7)
FNDA:0,(anonymous_8)
FNDA:0,(anonymous_9)
FNDA:0,(anonymous_10)
FNDA:0,(anonymous_11)
DA:1,1
DA:3,1
DA:4,1
DA:7,1
DA:9,1
DA:10,1
DA:13,1
DA:14,2
DA:18,2
DA:19,2
DA:20,2
DA:21,2
DA:25,0
DA:27,0
DA:28,0
DA:29,0
DA:37,0
DA:38,0
DA:40,0
DA:44,0
DA:46,0
DA:48,0
DA:49,0
DA:51,0
DA:55,0
DA:57,0
DA:61,0
DA:63,0
DA:67,0
DA:71,0
DA:72,0
DA:76,0
DA:77,0
LF:33
LH:12
BRDA:27,0,0,0
BRF:1
BRH:0
end_of_record
TN:
SF:src/auth/decorators/device-token.decorator.ts
FN:9,(anonymous_0)
FNF:1
FNH:1
FNDA:2,(anonymous_0)
DA:2,1
DA:4,1
DA:5,1
DA:7,1
DA:9,1
DA:10,2
LF:6
LH:6
BRF:0
BRH:0
end_of_record
TN:
SF:src/auth/decorators/device.decorator.ts
FN:3,(anonymous_0)
FNF:1
FNH:0
FNDA:0,(anonymous_0)
DA:1,1
DA:3,1
DA:4,0
DA:5,0
LF:4
LH:2
BRF:0
BRH:0
end_of_record
TN:
SF:src/auth/decorators/public.decorator.ts
FN:4,(anonymous_0)
FNF:1
FNH:1
FNDA:3,(anonymous_0)
DA:1,1
DA:3,1
DA:4,3
LF:3
LH:3
BRF:0
BRH:0
end_of_record
TN:
SF:src/auth/dto/login.result.dto.ts
FN:7,(anonymous_0)
FNF:1
FNH:0
FNDA:0,(anonymous_0)
DA:6,0
DA:8,0
DA:9,0
LF:3
LH:0
BRF:0
BRH:0
end_of_record
TN:
SF:src/auth/entities/account.entity.ts
FN:5,(anonymous_2)
FN:13,(anonymous_3)
FNF:2
FNH:2
FNDA:1,(anonymous_2)
FNDA:2,(anonymous_3)
DA:1,1
DA:3,1
DA:5,1
DA:6,1
DA:7,1
DA:8,1
DA:12,1
DA:13,2
DA:14,1
DA:17,1
DA:20,1
DA:23,1
DA:26,1
LF:13
LH:13
BRDA:5,0,0,1
BRDA:5,0,1,1
BRF:2
BRH:2
end_of_record
TN:
SF:src/auth/strategies/entraID/entraId.config.service.ts
FN:6,(anonymous_2)
FN:8,(anonymous_3)
FN:12,(anonymous_4)
FN:16,(anonymous_5)
FN:20,(anonymous_6)
FNF:5
FNH:3
FNDA:2,(anonymous_2)
FNDA:0,(anonymous_3)
FNDA:4,(anonymous_4)
FNDA:2,(anonymous_5)
FNDA:0,(anonymous_6)
DA:1,1
DA:2,1
DA:5,1
DA:6,2
DA:9,0
DA:13,4
DA:17,2
DA:21,0
LF:8
LH:6
BRF:0
BRH:0
end_of_record
TN:
SF:src/auth/strategies/entraID/entraId.controller.ts
FN:18,(anonymous_4)
FN:26,(anonymous_5)
FNF:2
FNH:1
FNDA:2,(anonymous_4)
FNDA:0,(anonymous_5)
DA:2,1
DA:3,1
DA:4,1
DA:6,1
DA:8,1
DA:10,1
DA:11,1
DA:12,1
DA:13,1
DA:17,1
DA:19,2
DA:20,2
DA:26,1
DA:32,0
DA:34,0
DA:39,0
DA:41,0
LF:17
LH:13
BRF:0
BRH:0
end_of_record
TN:
SF:src/auth/strategies/entraID/entraId.guard.ts
FN:5,(anonymous_1)
FN:7,(anonymous_2)
FNF:2
FNH:1
FNDA:4,(anonymous_1)
FNDA:0,(anonymous_2)
DA:1,1
DA:2,1
DA:5,1
DA:6,4
DA:8,0
DA:9,0
DA:10,0
DA:12,0
LF:8
LH:4
BRDA:8,0,0,0
BRDA:8,1,0,0
BRDA:8,1,1,0
BRDA:10,2,0,0
BRDA:10,2,1,0
BRDA:10,3,0,0
BRDA:10,3,1,0
BRF:7
BRH:0
end_of_record
TN:
SF:src/auth/strategies/entraID/entraId.strategy.ts
FN:12,(anonymous_2)
FN:24,(anonymous_3)
FN:32,(anonymous_4)
FNF:3
FNH:1
FNDA:2,(anonymous_2)
FNDA:0,(anonymous_3)
FNDA:0,(anonymous_4)
DA:1,1
DA:2,1
DA:4,1
DA:5,1
DA:7,1
DA:10,1
DA:11,2
DA:12,2
DA:13,2
DA:25,0
DA:26,0
DA:33,0
LF:12
LH:9
BRF:0
BRH:0
end_of_record
TN:
SF:src/auth/strategies/jwt/app-auth.guard.ts
FN:11,(anonymous_2)
FN:15,(anonymous_3)
FNF:2
FNH:2
FNDA:2,(anonymous_2)
FNDA:8,(anonymous_3)
DA:3,1
DA:4,1
DA:5,1
DA:7,1
DA:10,1
DA:11,2
DA:12,2
DA:16,8
DA:20,8
DA:21,0
DA:24,8
DA:25,8
LF:12
LH:11
BRDA:20,0,0,0
BRF:1
BRH:0
end_of_record
TN:
SF:src/auth/strategies/jwt/device-auth.guard.ts
FN:11,(anonymous_2)
FN:16,(anonymous_3)
FNF:2
FNH:1
FNDA:2,(anonymous_2)
FNDA:0,(anonymous_3)
DA:1,1
DA:2,1
DA:3,1
DA:5,1
DA:6,1
DA:9,1
DA:10,2
DA:12,2
DA:13,2
DA:17,0
DA:18,0
DA:20,0
DA:21,0
DA:22,0
DA:23,0
DA:24,0
DA:27,0
DA:28,0
LF:18
LH:9
BRDA:22,0,0,0
BRF:1
BRH:0
end_of_record
TN:
SF:src/auth/strategies/jwt/jwt.service.ts
FN:11,(anonymous_2)
FN:13,(anonymous_3)
FNF:2
FNH:1
FNDA:2,(anonymous_2)
FNDA:0,(anonymous_3)
DA:4,1
DA:5,1
DA:10,1
DA:11,2
DA:14,0
DA:20,0
LF:6
LH:4
BRF:0
BRH:0
end_of_record
TN:
SF:src/auth/strategies/jwt/jwt.strategy.ts
FN:13,(anonymous_2)
FN:20,(anonymous_3)
FNF:2
FNH:1
FNDA:2,(anonymous_2)
FNDA:0,(anonymous_3)
DA:1,1
DA:2,1
DA:4,1
DA:5,1
DA:10,1
DA:11,2
DA:14,2
DA:21,0
DA:23,0
LF:9
LH:7
BRF:0
BRH:0
end_of_record
TN:
SF:src/auth/strategies/refreshtoken/refresh-token.entity.ts
FN:22,(anonymous_2)
FNF:1
FNH:1
FNDA:6,(anonymous_2)
DA:1,1
DA:2,1
DA:4,1
DA:6,1
DA:9,1
DA:14,1
DA:17,1
DA:20,1
DA:22,6
DA:23,1
LF:10
LH:10
BRF:0
BRH:0
end_of_record
TN:
SF:src/auth/strategies/refreshtoken/refresh-token.out.dto.ts
FNF:0
FNH:0
DA:3,0
LF:1
LH:0
BRF:0
BRH:0
end_of_record
TN:
SF:src/auth/strategies/refreshtoken/refresh-token.register.dto.ts
FNF:0
FNH:0
DA:1,0
LF:1
LH:0
BRF:0
BRH:0
end_of_record
TN:
SF:src/auth/strategies/refreshtoken/refreshtoken.module.ts
FNF:0
FNH:0
DA:1,1
DA:3,1
DA:5,1
DA:6,1
DA:14,1
LF:5
LH:5
BRF:0
BRH:0
end_of_record
TN:
SF:src/auth/strategies/refreshtoken/refreshtoken.service.ts
FN:18,(anonymous_4)
FN:25,(anonymous_5)
FN:31,(anonymous_6)
FN:39,(anonymous_7)
FN:57,(anonymous_8)
FN:61,(anonymous_9)
FN:65,(anonymous_10)
FN:82,(anonymous_11)
FN:90,(anonymous_12)
FNF:9
FNH:1
FNDA:0,(anonymous_4)
FNDA:2,(anonymous_5)
FNDA:0,(anonymous_6)
FNDA:0,(anonymous_7)
FNDA:0,(anonymous_8)
FNDA:0,(anonymous_9)
FNDA:0,(anonymous_10)
FNDA:0,(anonymous_11)
FNDA:0,(anonymous_12)
DA:3,1
DA:4,1
DA:5,1
DA:7,1
DA:9,1
DA:10,1
DA:12,1
DA:15,1
DA:16,1
DA:18,1
DA:19,0
DA:22,1
DA:23,2
DA:27,2
DA:28,2
DA:32,0
DA:33,0
DA:34,0
DA:35,0
DA:36,0
DA:40,0
DA:41,0
DA:43,0
DA:44,0
DA:50,0
DA:51,0
DA:52,0
DA:54,0
DA:58,0
DA:62,0
DA:68,0
DA:69,0
DA:83,0
DA:84,0
DA:91,0
DA:92,0
LF:36
LH:14
BRDA:43,0,0,0
BRDA:43,1,0,0
BRDA:43,1,1,0
BRF:3
BRH:0
end_of_record
TN:
SF:src/core/config/core.config.module.ts
FNF:0
FNH:0
DA:1,1
DA:2,1
DA:4,1
DA:23,1
LF:4
LH:4
BRF:0
BRH:0
end_of_record
TN:
SF:src/core/config/core.config.service.ts
FN:17,(anonymous_1)
FN:24,(anonymous_2)
FN:31,(anonymous_3)
FN:38,(anonymous_4)
FN:45,(anonymous_5)
FN:52,(anonymous_6)
FNF:6
FNH:3
FNDA:3,(anonymous_1)
FNDA:2,(anonymous_2)
FNDA:2,(anonymous_3)
FNDA:0,(anonymous_4)
FNDA:0,(anonymous_5)
FNDA:0,(anonymous_6)
DA:1,1
DA:3,1
DA:4,1
DA:12,1
DA:18,3
DA:25,2
DA:32,2
DA:39,0
DA:46,0
DA:53,0
LF:10
LH:7
BRF:0
BRH:0
end_of_record
TN:
SF:src/core/email/email.config.service.ts
FN:6,(anonymous_2)
FN:8,(anonymous_3)
FN:28,(anonymous_4)
FN:32,(anonymous_5)
FN:37,(anonymous_6)
FN:41,(anonymous_7)
FN:45,(anonymous_8)
FN:49,(anonymous_9)
FN:53,(anonymous_10)
FN:57,(anonymous_11)
FN:61,(anonymous_12)
FNF:11
FNH:8
FNDA:2,(anonymous_2)
FNDA:6,(anonymous_3)
FNDA:6,(anonymous_4)
FNDA:6,(anonymous_5)
FNDA:0,(anonymous_6)
FNDA:6,(anonymous_7)
FNDA:6,(anonymous_8)
FNDA:0,(anonymous_9)
FNDA:0,(anonymous_10)
FNDA:6,(anonymous_11)
FNDA:6,(anonymous_12)
DA:1,1
DA:2,1
DA:5,1
DA:6,2
DA:9,6
DA:19,6
DA:20,0
DA:26,6
DA:29,6
DA:34,6
DA:38,0
DA:42,6
DA:46,6
DA:50,0
DA:54,0
DA:58,6
DA:62,6
LF:17
LH:13
BRDA:19,0,0,0
BRF:1
BRH:0
end_of_record
TN:
SF:src/core/email/email.module.ts
FNF:0
FNH:0
DA:1,1
DA:3,1
DA:4,1
DA:12,1
LF:4
LH:4
BRF:0
BRH:0
end_of_record
TN:
SF:src/core/email/email.service.ts
FN:14,(anonymous_2)
FN:21,(anonymous_3)
FN:35,(anonymous_4)
FN:54,(anonymous_5)
FN:61,(anonymous_6)
FNF:5
FNH:3
FNDA:2,(anonymous_2)
FNDA:2,(anonymous_3)
FNDA:0,(anonymous_4)
FNDA:0,(anonymous_5)
FNDA:2,(anonymous_6)
DA:1,1
DA:3,1
DA:5,1
DA:6,1
DA:7,1
DA:10,1
DA:12,2
DA:14,2
DA:22,2
DA:25,2
DA:27,2
DA:28,2
DA:30,0
DA:31,0
DA:36,0
DA:37,0
DA:38,0
DA:39,0
DA:46,0
DA:53,0
DA:55,0
DA:56,0
DA:62,2
DA:63,2
DA:65,0
DA:66,0
DA:69,0
LF:27
LH:14
BRDA:27,0,0,2
BRDA:27,0,1,0
BRDA:36,1,0,0
BRDA:38,2,0,0
BRDA:65,3,0,0
BRF:5
BRH:1
end_of_record
TN:
SF:src/core/errorhandling/exceptions/bad-request.mti-exception.ts
FN:7,(anonymous_0)
FNF:1
FNH:0
FNDA:0,(anonymous_0)
DA:1,1
DA:3,1
DA:6,1
DA:8,0
DA:11,0
LF:5
LH:3
BRF:0
BRH:0
end_of_record
TN:
SF:src/core/errorhandling/exceptions/forbidden.mti-exception.ts
FN:7,(anonymous_0)
FNF:1
FNH:0
FNDA:0,(anonymous_0)
DA:1,1
DA:3,1
DA:6,1
DA:8,0
LF:4
LH:3
BRF:0
BRH:0
end_of_record
TN:
SF:src/core/errorhandling/exceptions/internal.mti-exception.ts
FN:7,(anonymous_0)
FNF:1
FNH:0
FNDA:0,(anonymous_0)
DA:1,1
DA:3,1
DA:6,1
DA:8,0
LF:4
LH:3
BRF:0
BRH:0
end_of_record
TN:
SF:src/core/errorhandling/exceptions/mit-exception.ts
FN:6,(anonymous_0)
FN:14,(anonymous_1)
FNF:2
FNH:0
FNDA:0,(anonymous_0)
FNDA:0,(anonymous_1)
DA:1,1
DA:5,1
DA:11,0
DA:18,0
LF:4
LH:2
BRDA:8,0,0,0
BRF:1
BRH:0
end_of_record
TN:
SF:src/core/errorhandling/exceptions/mti.error-codes.enum.ts
FN:1,(anonymous_0)
FNF:1
FNH:1
FNDA:1,(anonymous_0)
DA:1,1
DA:2,1
DA:3,1
DA:4,1
DA:5,1
DA:6,1
DA:7,1
DA:8,1
DA:9,1
DA:10,1
DA:11,1
DA:12,1
DA:13,1
DA:14,1
DA:15,1
DA:16,1
DA:17,1
LF:17
LH:17
BRDA:1,0,0,1
BRDA:1,0,1,1
BRF:2
BRH:2
end_of_record
TN:
SF:src/core/errorhandling/exceptions/not-found.mti-exception.ts
FN:7,(anonymous_0)
FNF:1
FNH:0
FNDA:0,(anonymous_0)
DA:1,1
DA:3,1
DA:6,1
DA:8,0
LF:4
LH:3
BRF:0
BRH:0
end_of_record
TN:
SF:src/core/errorhandling/exceptions/unauthorized.mti-exception.ts
FN:7,(anonymous_0)
FNF:1
FNH:0
FNDA:0,(anonymous_0)
DA:1,1
DA:3,1
DA:6,1
DA:8,0
LF:4
LH:3
BRF:0
BRH:0
end_of_record
TN:
SF:src/core/logging/logging.module.ts
FNF:0
FNH:0
DA:1,1
DA:3,1
DA:24,1
LF:3
LH:3
BRF:0
BRH:0
end_of_record
TN:
SF:src/core/logging/logging.service.ts
FNF:0
FNH:0
DA:1,1
DA:4,1
LF:2
LH:2
BRF:0
BRH:0
end_of_record
TN:
SF:src/core/persistence/base.entity.ts
FN:6,(anonymous_2)
FN:14,(anonymous_3)
FNF:2
FNH:2
FNDA:368,(anonymous_2)
FNDA:4,(anonymous_3)
DA:1,1
DA:3,1
DA:6,1
DA:9,368
DA:12,368
DA:14,4
DA:15,368
LF:7
LH:7
BRF:0
BRH:0
end_of_record
TN:
SF:src/core/persistence/base.repository.ts
FNF:0
FNH:0
DA:1,1
DA:5,1
LF:2
LH:2
BRF:0
BRH:0
end_of_record
TN:
SF:src/core/persistence/core-persistence.config.service.ts
FN:28,(anonymous_2)
FN:33,(anonymous_3)
FN:45,(anonymous_4)
FN:61,(anonymous_5)
FN:78,(anonymous_6)
FN:84,(anonymous_7)
FN:90,(anonymous_8)
FN:96,(anonymous_9)
FN:102,(anonymous_10)
FNF:9
FNH:4
FNDA:2,(anonymous_2)
FNDA:2,(anonymous_3)
FNDA:0,(anonymous_4)
FNDA:2,(anonymous_5)
FNDA:2,(anonymous_6)
FNDA:0,(anonymous_7)
FNDA:0,(anonymous_8)
FNDA:0,(anonymous_9)
FNDA:0,(anonymous_10)
DA:1,1
DA:3,1
DA:5,1
DA:6,1
DA:7,1
DA:8,1
DA:10,1
DA:11,1
DA:12,1
DA:13,1
DA:15,1
DA:16,1
DA:17,1
DA:18,1
DA:19,1
DA:25,1
DA:26,2
DA:28,2
DA:34,2
DA:46,0
DA:64,2
DA:67,0
DA:69,0
DA:71,0
DA:74,2
DA:79,2
DA:85,0
DA:91,0
DA:97,0
DA:103,0
LF:30
LH:22
BRDA:62,0,0,2
BRDA:64,1,0,0
BRDA:64,1,1,0
BRDA:64,1,2,0
BRDA:64,1,3,0
BRDA:64,1,4,2
BRDA:64,1,5,2
BRF:7
BRH:3
end_of_record
TN:
SF:src/core/persistence/core-persistence.module.ts
FN:23,(anonymous_2)
FN:27,(anonymous_3)
FNF:2
FNH:2
FNDA:2,(anonymous_2)
FNDA:2,(anonymous_3)
DA:1,1
DA:3,1
DA:4,1
DA:6,1
DA:22,1
DA:23,2
DA:28,2
DA:29,2
DA:31,2
LF:9
LH:9
BRF:0
BRH:0
end_of_record
TN:
SF:src/core/persistence/persistence.default-settings.ts
FNF:0
FNH:0
DA:1,1
LF:1
LH:1
BRF:0
BRH:0
end_of_record
TN:
SF:src/core/system/system.controller.ts
FN:7,(anonymous_2)
FN:10,(anonymous_3)
FNF:2
FNH:1
FNDA:2,(anonymous_2)
FNDA:0,(anonymous_3)
DA:1,1
DA:3,1
DA:6,1
DA:7,2
DA:10,1
DA:11,0
LF:6
LH:5
BRF:0
BRH:0
end_of_record
TN:
SF:src/core/system/system.module.ts
FNF:0
FNH:0
DA:1,1
DA:3,1
DA:4,1
DA:10,1
LF:4
LH:4
BRF:0
BRH:0
end_of_record
TN:
SF:src/core/system/system.service.ts
FN:7,(anonymous_1)
FN:32,(anonymous_2)
FN:33,(anonymous_3)
FN:35,(anonymous_4)
FN:38,(anonymous_5)
FN:40,(anonymous_6)
FN:42,(anonymous_7)
FN:45,(anonymous_8)
FN:52,(anonymous_9)
FNF:9
FNH:0
FNDA:0,(anonymous_1)
FNDA:0,(anonymous_2)
FNDA:0,(anonymous_3)
FNDA:0,(anonymous_4)
FNDA:0,(anonymous_5)
FNDA:0,(anonymous_6)
FNDA:0,(anonymous_7)
FNDA:0,(anonymous_8)
FNDA:0,(anonymous_9)
DA:1,1
DA:3,1
DA:6,1
DA:8,0
DA:33,0
DA:35,0
DA:38,0
DA:40,0
DA:42,0
DA:45,0
DA:46,0
DA:47,0
DA:48,0
DA:49,0
DA:52,0
LF:15
LH:3
BRDA:9,0,0,0
BRDA:9,0,1,0
BRF:2
BRH:0
end_of_record
TN:
SF:src/core/templateing/templating.config.service.ts
FN:7,(anonymous_2)
FN:9,(anonymous_3)
FNF:2
FNH:0
FNDA:0,(anonymous_2)
FNDA:0,(anonymous_3)
DA:1,0
DA:3,0
DA:6,0
DA:7,0
DA:10,0
LF:5
LH:0
BRF:0
BRH:0
end_of_record
TN:
SF:src/core/templateing/templating.module.ts
FNF:0
FNH:0
DA:1,0
DA:3,0
DA:4,0
DA:11,0
LF:4
LH:0
BRF:0
BRH:0
end_of_record
TN:
SF:src/core/templateing/templating.service.ts
FN:12,(anonymous_2)
FN:14,(anonymous_3)
FN:18,(anonymous_4)
FNF:3
FNH:0
FNDA:0,(anonymous_2)
FNDA:0,(anonymous_3)
FNDA:0,(anonymous_4)
DA:1,0
DA:2,0
DA:4,0
DA:6,0
DA:9,0
DA:12,0
DA:15,0
DA:19,0
LF:8
LH:0
BRF:0
BRH:0
end_of_record
TN:
SF:src/core/utils/crypto.helper.ts
FN:9,(anonymous_0)
FN:19,(anonymous_1)
FNF:2
FNH:2
FNDA:152,(anonymous_0)
FNDA:368,(anonymous_1)
DA:1,1
DA:9,1
DA:10,152
DA:11,152
DA:19,368
LF:5
LH:5
BRF:0
BRH:0
end_of_record
TN:
SF:src/customers/customers.controller.ts
FN:11,(anonymous_4)
FN:16,(anonymous_5)
FN:23,(anonymous_6)
FN:30,(anonymous_7)
FN:37,(anonymous_8)
FN:47,(anonymous_9)
FNF:6
FNH:1
FNDA:2,(anonymous_4)
FNDA:0,(anonymous_5)
FNDA:0,(anonymous_6)
FNDA:0,(anonymous_7)
FNDA:0,(anonymous_8)
FNDA:0,(anonymous_9)
DA:1,1
DA:2,1
DA:4,1
DA:5,1
DA:10,1
DA:11,2
DA:16,1
DA:17,0
DA:23,1
DA:24,0
DA:30,1
DA:31,0
DA:37,1
DA:41,0
DA:47,1
DA:48,0
LF:16
LH:11
BRF:0
BRH:0
end_of_record
TN:
SF:src/customers/customers.module.ts
FNF:0
FNH:0
DA:1,1
DA:3,1
DA:5,1
DA:6,1
DA:7,1
DA:15,1
LF:6
LH:6
BRF:0
BRH:0
end_of_record
TN:
SF:src/customers/customers.service.ts
FN:14,(anonymous_4)
FN:20,(anonymous_5)
FN:24,(anonymous_6)
FN:32,(anonymous_7)
FN:38,(anonymous_8)
FN:45,(anonymous_9)
FN:53,(anonymous_10)
FNF:7
FNH:1
FNDA:2,(anonymous_4)
FNDA:0,(anonymous_5)
FNDA:0,(anonymous_6)
FNDA:0,(anonymous_7)
FNDA:0,(anonymous_8)
FNDA:0,(anonymous_9)
FNDA:0,(anonymous_10)
DA:1,1
DA:3,1
DA:5,1
DA:6,1
DA:7,1
DA:10,1
DA:13,1
DA:16,2
DA:17,2
DA:21,0
DA:25,0
DA:26,0
DA:27,0
DA:29,0
DA:33,0
DA:34,0
DA:35,0
DA:39,0
DA:40,0
DA:41,0
DA:42,0
DA:46,0
DA:47,0
DA:54,0
DA:57,0
DA:59,0
DA:60,0
DA:62,0
DA:63,0
DA:65,0
DA:66,0
DA:68,0
DA:69,0
DA:71,0
DA:72,0
DA:74,0
DA:75,0
DA:77,0
DA:80,0
DA:81,0
LF:40
LH:9
BRDA:26,0,0,0
BRDA:57,1,0,0
BRDA:57,1,1,0
BRDA:57,1,2,0
BRDA:57,1,3,0
BRDA:57,1,4,0
BRDA:57,1,5,0
BRDA:57,1,6,0
BRF:8
BRH:0
end_of_record
TN:
SF:src/customers/dto/create-customer.dto.ts
FNF:0
FNH:0
DA:1,1
DA:3,1
DA:5,1
DA:9,1
DA:14,1
DA:19,1
DA:23,1
DA:27,1
LF:8
LH:8
BRF:0
BRH:0
end_of_record
TN:
SF:src/customers/entities/customer.entity.ts
FN:22,(anonymous_2)
FN:41,(anonymous_3)
FN:41,(anonymous_4)
FN:44,(anonymous_5)
FN:44,(anonymous_6)
FN:86,(anonymous_7)
FNF:6
FNH:6
FNDA:88,(anonymous_2)
FNDA:6,(anonymous_3)
FNDA:2,(anonymous_4)
FNDA:6,(anonymous_5)
FNDA:2,(anonymous_6)
FNDA:8,(anonymous_7)
DA:1,1
DA:2,1
DA:4,1
DA:6,1
DA:7,1
DA:10,1
DA:12,1
DA:15,1
DA:18,1
DA:22,1
DA:24,1
DA:27,1
DA:30,1
DA:33,1
DA:36,1
DA:39,1
DA:41,6
DA:42,88
DA:44,6
DA:45,88
DA:48,88
DA:51,1
DA:54,88
DA:57,1
DA:60,88
DA:63,1
DA:66,88
DA:69,1
DA:72,88
DA:75,1
DA:78,88
DA:81,1
DA:84,88
DA:86,8
DA:87,1
LF:35
LH:35
BRF:0
BRH:0
end_of_record
TN:
SF:src/devices/devices.controller.ts
FN:14,(anonymous_4)
FN:19,(anonymous_5)
FN:26,(anonymous_6)
FN:33,(anonymous_7)
FN:40,(anonymous_8)
FN:50,(anonymous_9)
FN:60,(anonymous_10)
FNF:7
FNH:1
FNDA:2,(anonymous_4)
FNDA:0,(anonymous_5)
FNDA:0,(anonymous_6)
FNDA:0,(anonymous_7)
FNDA:0,(anonymous_8)
FNDA:0,(anonymous_9)
FNDA:0,(anonymous_10)
DA:1,1
DA:3,1
DA:4,1
DA:6,1
DA:7,1
DA:8,1
DA:9,1
DA:13,1
DA:14,2
DA:19,1
DA:20,0
DA:26,1
DA:27,0
DA:33,1
DA:34,0
DA:40,1
DA:44,0
DA:50,1
DA:54,0
DA:60,1
DA:61,0
LF:21
LH:15
BRF:0
BRH:0
end_of_record
TN:
SF:src/devices/devices.module.ts
FNF:0
FNH:0
DA:1,1
DA:3,1
DA:5,1
DA:7,1
DA:8,1
DA:9,1
DA:10,1
DA:18,1
LF:8
LH:8
BRF:0
BRH:0
end_of_record
TN:
SF:src/devices/devices.service.ts
FN:23,(anonymous_4)
FN:31,(anonymous_5)
FN:35,(anonymous_6)
FN:40,(anonymous_7)
FN:45,(anonymous_8)
FN:53,(anonymous_9)
FN:61,(anonymous_10)
FN:76,(anonymous_11)
FN:86,(anonymous_12)
FN:97,(anonymous_13)
FN:102,(anonymous_14)
FNF:11
FNH:1
FNDA:2,(anonymous_4)
FNDA:0,(anonymous_5)
FNDA:0,(anonymous_6)
FNDA:0,(anonymous_7)
FNDA:0,(anonymous_8)
FNDA:0,(anonymous_9)
FNDA:0,(anonymous_10)
FNDA:0,(anonymous_11)
FNDA:0,(anonymous_12)
FNDA:0,(anonymous_13)
FNDA:0,(anonymous_14)
DA:1,1
DA:2,1
DA:3,1
DA:4,1
DA:5,1
DA:6,1
DA:7,1
DA:9,1
DA:11,1
DA:12,1
DA:14,1
DA:17,1
DA:20,1
DA:21,2
DA:25,2
DA:26,2
DA:27,2
DA:28,2
DA:32,0
DA:36,0
DA:37,0
DA:41,0
DA:42,0
DA:46,0
DA:47,0
DA:48,0
DA:50,0
DA:54,0
DA:58,0
DA:62,0
DA:66,0
DA:67,0
DA:73,0
DA:77,0
DA:78,0
DA:82,0
DA:83,0
DA:87,0
DA:88,0
DA:89,0
DA:90,0
DA:92,0
DA:93,0
DA:94,0
DA:98,0
DA:99,0
DA:106,0
DA:108,0
DA:112,0
DA:113,0
DA:116,0
DA:117,0
DA:118,0
DA:119,0
DA:125,0
DA:127,0
DA:128,0
DA:130,0
DA:135,0
DA:136,0
DA:138,0
DA:139,0
DA:140,0
DA:141,0
DA:143,0
DA:144,0
LF:66
LH:18
BRDA:47,0,0,0
BRDA:66,1,0,0
BRDA:88,2,0,0
BRDA:108,3,0,0
BRDA:109,4,0,0
BRDA:109,4,1,0
BRDA:117,5,0,0
BRDA:117,6,0,0
BRDA:117,6,1,0
BRDA:127,7,0,0
BRDA:127,7,1,0
BRF:11
BRH:0
end_of_record
TN:
SF:src/devices/dto/create-device.dto.ts
FNF:0
FNH:0
DA:1,1
DA:3,1
DA:5,1
DA:7,1
DA:11,1
DA:15,1
DA:19,1
DA:24,1
DA:29,1
DA:34,1
DA:39,1
DA:44,1
LF:12
LH:12
BRF:0
BRH:0
end_of_record
TN:
SF:src/devices/dto/device-config.dto.ts
FNF:0
FNH:0
DA:1,0
LF:1
LH:0
BRF:0
BRH:0
end_of_record
TN:
SF:src/devices/dto/update-device-info.dto.ts
FNF:0
FNH:0
DA:1,1
DA:3,1
DA:5,1
DA:8,1
DA:13,1
DA:18,1
DA:23,1
DA:28,1
DA:33,1
DA:38,1
DA:43,1
DA:48,1
DA:53,1
DA:58,1
DA:63,1
DA:68,1
DA:72,1
DA:76,1
LF:18
LH:18
BRF:0
BRH:0
end_of_record
TN:
SF:src/devices/entities/device.entity.ts
FN:8,(anonymous_2)
FN:18,(anonymous_3)
FN:22,(anonymous_4)
FN:25,(anonymous_5)
FNF:4
FNH:4
FNDA:1,(anonymous_2)
FNDA:64,(anonymous_3)
FNDA:2,(anonymous_4)
FNDA:6,(anonymous_5)
DA:1,1
DA:2,1
DA:4,1
DA:6,1
DA:8,1
DA:9,1
DA:10,1
DA:11,1
DA:12,1
DA:13,1
DA:14,1
DA:18,1
DA:20,1
DA:22,2
DA:23,1
DA:25,6
DA:26,1
DA:29,1
DA:32,1
DA:35,1
DA:38,1
DA:41,1
DA:44,64
DA:47,1
DA:50,64
DA:53,64
DA:56,64
DA:59,1
DA:62,1
DA:65,1
LF:30
LH:30
BRDA:8,0,0,1
BRDA:8,0,1,1
BRF:2
BRH:2
end_of_record
TN:
SF:src/images/images.controller.ts
FN:22,(anonymous_4)
FN:27,(anonymous_5)
FN:34,(anonymous_6)
FN:43,(anonymous_7)
FN:53,(anonymous_8)
FN:63,(anonymous_9)
FNF:6
FNH:1
FNDA:2,(anonymous_4)
FNDA:0,(anonymous_5)
FNDA:0,(anonymous_6)
FNDA:0,(anonymous_7)
FNDA:0,(anonymous_8)
FNDA:0,(anonymous_9)
DA:1,1
DA:12,1
DA:13,1
DA:15,1
DA:17,1
DA:21,1
DA:22,2
DA:27,1
DA:28,0
DA:34,1
DA:35,0
DA:43,1
DA:47,0
DA:53,1
DA:57,0
DA:63,1
DA:64,0
LF:17
LH:12
BRF:0
BRH:0
end_of_record
TN:
SF:src/images/images.module.ts
FNF:0
FNH:0
DA:1,1
DA:3,1
DA:5,1
DA:6,1
DA:7,1
DA:15,1
LF:6
LH:6
BRF:0
BRH:0
end_of_record
TN:
SF:src/images/images.service.ts
FN:14,(anonymous_4)
FN:20,(anonymous_5)
FN:24,(anonymous_6)
FN:32,(anonymous_7)
FN:56,(anonymous_8)
FN:63,(anonymous_9)
FNF:6
FNH:1
FNDA:2,(anonymous_4)
FNDA:0,(anonymous_5)
FNDA:0,(anonymous_6)
FNDA:0,(anonymous_7)
FNDA:0,(anonymous_8)
FNDA:0,(anonymous_9)
DA:1,1
DA:2,1
DA:4,1
DA:6,1
DA:7,1
DA:10,1
DA:13,1
DA:16,2
DA:17,2
DA:21,0
DA:25,0
DA:26,0
DA:27,0
DA:29,0
DA:33,0
DA:35,0
DA:37,0
DA:38,0
DA:41,0
DA:42,0
DA:43,0
DA:46,0
DA:52,0
DA:53,0
DA:57,0
DA:58,0
DA:59,0
DA:60,0
DA:64,0
DA:67,0
DA:68,0
DA:69,0
DA:75,0
LF:33
LH:9
BRDA:26,0,0,0
BRDA:35,1,0,0
BRDA:49,2,0,0
BRDA:49,2,1,0
BRDA:67,3,0,0
BRF:5
BRH:0
end_of_record
TN:
SF:src/images/dto/create-image.dto.ts
FNF:0
FNH:0
DA:1,1
DA:3,1
DA:5,1
DA:9,1
DA:14,1
DA:19,1
DA:24,1
DA:29,1
DA:33,1
LF:9
LH:9
BRF:0
BRH:0
end_of_record
TN:
SF:src/images/entities/image.entity.ts
FNF:0
FNH:0
DA:1,1
DA:3,1
DA:6,1
DA:8,1
DA:11,1
DA:14,1
DA:17,1
DA:20,1
DA:23,1
LF:9
LH:9
BRF:0
BRH:0
end_of_record
TN:
SF:src/integrations/itglue/itglue.config.service.ts
FN:8,(anonymous_2)
FN:10,(anonymous_3)
FN:21,(anonymous_4)
FN:25,(anonymous_5)
FNF:4
FNH:4
FNDA:4,(anonymous_2)
FNDA:2,(anonymous_3)
FNDA:2,(anonymous_4)
FNDA:2,(anonymous_5)
DA:1,1
DA:4,1
DA:7,1
DA:8,4
DA:11,2
DA:22,2
DA:26,2
LF:7
LH:7
BRF:0
BRH:0
end_of_record
TN:
SF:src/integrations/itglue/itglue.module.ts
FNF:0
FNH:0
DA:1,1
DA:2,1
DA:4,1
DA:5,1
DA:18,1
LF:5
LH:5
BRF:0
BRH:0
end_of_record
TN:
SF:src/integrations/itglue/itglue.service.ts
FN:25,(anonymous_2)
FN:374,(anonymous_3)
FN:402,(anonymous_4)
FN:415,(anonymous_5)
FN:433,(anonymous_6)
FN:450,(anonymous_7)
FN:27,(anonymous_8)
FN:30,(anonymous_9)
FN:44,(anonymous_10)
FN:47,(anonymous_11)
FN:61,(anonymous_12)
FN:69,(anonymous_13)
FN:77,(anonymous_14)
FN:87,(anonymous_15)
FN:90,(anonymous_16)
FN:104,(anonymous_17)
FN:113,(anonymous_18)
FN:123,(anonymous_19)
FN:128,(anonymous_20)
FN:136,(anonymous_21)
FN:146,(anonymous_22)
FN:157,(anonymous_23)
FN:165,(anonymous_24)
FN:184,(anonymous_25)
FN:216,(anonymous_26)
FN:230,(anonymous_27)
FN:243,(anonymous_28)
FN:257,(anonymous_29)
FN:270,(anonymous_30)
FN:293,(anonymous_31)
FN:306,(anonymous_32)
FN:323,(anonymous_33)
FN:358,(anonymous_34)
FNF:33
FNH:1
FNDA:2,(anonymous_2)
FNDA:0,(anonymous_3)
FNDA:0,(anonymous_4)
FNDA:0,(anonymous_5)
FNDA:0,(anonymous_6)
FNDA:0,(anonymous_7)
FNDA:0,(anonymous_8)
FNDA:0,(anonymous_9)
FNDA:0,(anonymous_10)
FNDA:0,(anonymous_11)
FNDA:0,(anonymous_12)
FNDA:0,(anonymous_13)
FNDA:0,(anonymous_14)
FNDA:0,(anonymous_15)
FNDA:0,(anonymous_16)
FNDA:0,(anonymous_17)
FNDA:0,(anonymous_18)
FNDA:0,(anonymous_19)
FNDA:0,(anonymous_20)
FNDA:0,(anonymous_21)
FNDA:0,(anonymous_22)
FNDA:0,(anonymous_23)
FNDA:0,(anonymous_24)
FNDA:0,(anonymous_25)
FNDA:0,(anonymous_26)
FNDA:0,(anonymous_27)
FNDA:0,(anonymous_28)
FNDA:0,(anonymous_29)
FNDA:0,(anonymous_30)
FNDA:0,(anonymous_31)
FNDA:0,(anonymous_32)
FNDA:0,(anonymous_33)
FNDA:0,(anonymous_34)
DA:1,1
DA:2,1
DA:3,1
DA:6,1
DA:7,1
DA:12,1
DA:14,1
DA:17,1
DA:18,1
DA:22,1
DA:23,2
DA:25,2
DA:28,0
DA:31,0
DA:38,0
DA:39,0
DA:41,0
DA:45,0
DA:48,0
DA:55,0
DA:56,0
DA:58,0
DA:62,0
DA:63,0
DA:64,0
DA:66,0
DA:70,0
DA:71,0
DA:78,0
DA:84,0
DA:88,0
DA:91,0
DA:98,0
DA:99,0
DA:101,0
DA:105,0
DA:107,0
DA:114,0
DA:122,0
DA:123,0
DA:125,0
DA:129,0
DA:130,0
DA:131,0
DA:133,0
DA:137,0
DA:140,0
DA:147,0
DA:148,0
DA:154,0
DA:158,0
DA:159,0
DA:166,0
DA:173,0
DA:174,0
DA:177,0
DA:178,0
DA:181,0
DA:189,0
DA:191,0
DA:192,0
DA:193,0
DA:194,0
DA:195,0
DA:201,0
DA:203,0
DA:204,0
DA:205,0
DA:206,0
DA:212,0
DA:221,0
DA:223,0
DA:224,0
DA:231,0
DA:232,0
DA:240,0
DA:248,0
DA:250,0
DA:251,0
DA:258,0
DA:259,0
DA:267,0
DA:275,0
DA:281,0
DA:282,0
DA:283,0
DA:285,0
DA:286,0
DA:287,0
DA:290,0
DA:296,0
DA:300,0
DA:307,0
DA:308,0
DA:316,0
DA:317,0
DA:320,0
DA:328,0
DA:332,0
DA:346,0
DA:347,0
DA:348,0
DA:352,0
DA:359,0
DA:360,0
DA:368,0
DA:371,0
DA:374,2
DA:379,0
DA:382,0
DA:396,0
DA:403,0
DA:404,0
DA:405,0
DA:406,0
DA:415,2
DA:419,0
DA:433,2
DA:438,0
DA:439,0
DA:441,0
DA:442,0
DA:450,2
DA:451,0
DA:452,0
DA:455,0
DA:456,0
LF:127
LH:16
BRDA:434,0,0,0
BRDA:436,1,0,0
BRDA:438,2,0,0
BRDA:450,3,0,0
BRDA:450,4,0,0
BRDA:451,5,0,0
BRDA:38,6,0,0
BRDA:38,7,0,0
BRDA:38,7,1,0
BRDA:55,8,0,0
BRDA:55,9,0,0
BRDA:55,9,1,0
BRDA:55,9,2,0
BRDA:63,10,0,0
BRDA:98,11,0,0
BRDA:98,12,0,0
BRDA:98,12,1,0
BRDA:122,13,0,0
BRDA:122,14,0,0
BRDA:122,14,1,0
BRDA:130,15,0,0
BRDA:173,16,0,0
BRDA:173,17,0,0
BRDA:173,17,1,0
BRDA:173,17,2,0
BRDA:177,18,0,0
BRDA:191,19,0,0
BRDA:191,19,1,0
BRDA:194,20,0,0
BRDA:194,21,0,0
BRDA:194,21,1,0
BRDA:205,22,0,0
BRDA:205,23,0,0
BRDA:205,23,1,0
BRDA:281,24,0,0
BRDA:285,25,0,0
BRDA:316,26,0,0
BRDA:316,27,0,0
BRDA:316,27,1,0
BRDA:316,27,2,0
BRDA:347,28,0,0
BRF:41
BRH:0
end_of_record
TN:
SF:src/integrations/itglue/dto/itglue-request.dto.ts
FNF:0
FNH:0
DA:3,0
LF:1
LH:0
BRF:0
BRH:0
end_of_record
TN:
SF:src/integrations/itglue/dto/itglue-searchresponse.dto.ts
FNF:0
FNH:0
DA:3,0
DA:8,0
DA:12,0
LF:3
LH:0
BRF:0
BRH:0
end_of_record
TN:
SF:src/integrations/itglue/interfaces/configuration-status.enum.ts
FN:1,(anonymous_0)
FNF:1
FNH:0
FNDA:0,(anonymous_0)
DA:1,0
DA:2,0
DA:3,0
DA:4,0
DA:5,0
LF:5
LH:0
BRDA:1,0,0,0
BRDA:1,0,1,0
BRF:2
BRH:0
end_of_record
TN:
SF:src/integrations/itglue/interfaces/configuration-type.enum.ts
FN:1,(anonymous_0)
FNF:1
FNH:1
FNDA:1,(anonymous_0)
DA:1,1
DA:2,1
DA:3,1
DA:4,1
DA:5,1
DA:6,1
DA:7,1
DA:8,1
DA:9,1
DA:10,1
DA:11,1
DA:12,1
DA:13,1
DA:14,1
DA:15,1
DA:16,1
DA:17,1
DA:18,1
DA:19,1
DA:20,1
DA:21,1
DA:22,1
DA:23,1
DA:24,1
DA:25,1
DA:26,1
DA:27,1
DA:28,1
DA:29,1
DA:30,1
DA:31,1
LF:31
LH:31
BRDA:1,0,0,1
BRDA:1,0,1,1
BRF:2
BRH:2
end_of_record
TN:
SF:src/integrations/itglue/interfaces/itglue-type.enum.ts
FN:1,(anonymous_0)
FNF:1
FNH:1
FNDA:1,(anonymous_0)
DA:1,1
DA:2,1
DA:3,1
DA:4,1
DA:5,1
LF:5
LH:5
BRDA:1,0,0,1
BRDA:1,0,1,1
BRF:2
BRH:2
end_of_record
TN:
SF:src/integrations/itglue/interfaces/itglue.operatingsystems.enum.ts
FN:1,(anonymous_0)
FNF:1
FNH:1
FNDA:1,(anonymous_0)
DA:1,1
DA:2,1
DA:3,1
DA:4,1
DA:5,1
DA:6,1
DA:7,1
DA:8,1
DA:9,1
DA:10,1
DA:11,1
DA:12,1
DA:13,1
DA:14,1
DA:15,1
DA:16,1
DA:17,1
DA:18,1
DA:19,1
DA:20,1
DA:21,1
DA:22,1
DA:23,1
DA:24,1
DA:25,1
DA:26,1
DA:27,1
DA:28,1
DA:29,1
DA:30,1
DA:31,1
DA:32,1
DA:33,1
DA:34,1
DA:35,1
DA:36,1
DA:37,1
DA:38,1
DA:39,1
DA:40,1
DA:41,1
DA:42,1
DA:43,1
DA:44,1
DA:45,1
DA:46,1
DA:47,1
DA:48,1
DA:49,1
DA:50,1
DA:51,1
DA:52,1
DA:53,1
DA:54,1
DA:55,1
DA:56,1
DA:57,1
DA:58,1
DA:59,1
DA:60,1
DA:61,1
DA:62,1
DA:63,1
DA:64,1
DA:65,1
DA:66,1
DA:67,1
DA:68,1
DA:69,1
DA:70,1
DA:71,1
DA:72,1
DA:73,1
DA:74,1
DA:75,1
DA:76,1
DA:77,1
DA:78,1
DA:79,1
DA:80,1
DA:81,1
DA:82,1
DA:83,1
DA:84,1
DA:85,1
DA:86,1
DA:87,1
DA:88,1
DA:89,1
DA:90,1
DA:91,1
DA:92,1
DA:93,1
DA:94,1
DA:95,1
DA:96,1
DA:97,1
DA:98,1
DA:99,1
DA:100,1
DA:101,1
DA:102,1
DA:103,1
DA:104,1
DA:105,1
DA:106,1
DA:107,1
DA:108,1
DA:109,1
DA:110,1
DA:111,1
DA:112,1
DA:113,1
DA:114,1
DA:115,1
DA:116,1
DA:117,1
DA:118,1
DA:119,1
DA:120,1
DA:121,1
DA:122,1
DA:123,1
DA:124,1
DA:125,1
DA:126,1
DA:127,1
DA:128,1
DA:129,1
DA:130,1
DA:131,1
DA:132,1
DA:133,1
DA:134,1
DA:135,1
DA:136,1
DA:137,1
DA:138,1
DA:139,1
DA:140,1
DA:141,1
DA:142,1
DA:143,1
DA:144,1
DA:145,1
DA:146,1
DA:147,1
DA:148,1
DA:149,1
DA:150,1
DA:151,1
DA:152,1
DA:153,1
DA:154,1
DA:155,1
DA:156,1
DA:157,1
DA:158,1
DA:159,1
DA:160,1
DA:161,1
DA:162,1
DA:163,1
DA:164,1
DA:165,1
DA:166,1
DA:167,1
DA:168,1
DA:169,1
DA:170,1
DA:171,1
DA:172,1
DA:173,1
DA:174,1
DA:175,1
DA:176,1
DA:177,1
DA:178,1
DA:179,1
DA:180,1
DA:181,1
DA:182,1
DA:183,1
DA:184,1
DA:185,1
DA:186,1
DA:187,1
DA:188,1
DA:189,1
DA:190,1
DA:191,1
DA:192,1
DA:193,1
DA:194,1
DA:195,1
DA:196,1
DA:197,1
DA:198,1
DA:199,1
DA:200,1
DA:201,1
DA:202,1
DA:203,1
DA:204,1
DA:205,1
DA:206,1
DA:207,1
DA:208,1
DA:209,1
DA:210,1
DA:211,1
DA:212,1
DA:213,1
DA:214,1
DA:215,1
DA:216,1
DA:217,1
DA:218,1
DA:219,1
DA:220,1
DA:221,1
DA:222,1
DA:223,1
DA:224,1
DA:225,1
DA:226,1
DA:227,1
DA:228,1
DA:229,1
DA:230,1
DA:231,1
DA:232,1
DA:233,1
DA:234,1
DA:235,1
DA:236,1
DA:237,1
DA:238,1
DA:239,1
DA:240,1
DA:241,1
DA:242,1
DA:243,1
DA:244,1
DA:245,1
DA:246,1
DA:247,1
DA:248,1
DA:249,1
DA:250,1
DA:251,1
DA:252,1
DA:253,1
DA:254,1
DA:255,1
DA:256,1
DA:257,1
DA:258,1
DA:259,1
DA:260,1
DA:261,1
DA:262,1
DA:263,1
DA:264,1
DA:265,1
DA:266,1
DA:267,1
DA:268,1
DA:269,1
DA:270,1
DA:271,1
DA:272,1
DA:273,1
DA:274,1
DA:275,1
DA:276,1
DA:277,1
DA:278,1
DA:279,1
DA:280,1
DA:281,1
DA:282,1
DA:283,1
DA:284,1
DA:285,1
DA:286,1
DA:287,1
DA:288,1
DA:289,1
DA:290,1
DA:291,1
DA:292,1
DA:293,1
DA:294,1
DA:295,1
DA:296,1
DA:297,1
DA:298,1
DA:299,1
DA:300,1
DA:301,1
DA:302,1
DA:303,1
DA:304,1
DA:305,1
DA:306,1
DA:307,1
DA:308,1
DA:309,1
DA:310,1
DA:311,1
DA:312,1
DA:313,1
DA:314,1
DA:315,1
DA:316,1
DA:317,1
DA:318,1
DA:319,1
DA:320,1
DA:321,1
DA:322,1
DA:323,1
DA:324,1
DA:325,1
DA:326,1
DA:327,1
DA:328,1
DA:329,1
DA:330,1
LF:330
LH:330
BRDA:1,0,0,1
BRDA:1,0,1,1
BRF:2
BRH:2
end_of_record
TN:
SF:src/integrations/itglue/interfaces/itglue.password-categories.enum.ts
FN:1,(anonymous_0)
FNF:1
FNH:1
FNDA:1,(anonymous_0)
DA:1,1
DA:2,1
LF:2
LH:2
BRDA:1,0,0,1
BRDA:1,0,1,1
BRF:2
BRH:2
end_of_record
TN:
SF:src/jobs/jobs.controller.ts
FN:18,(anonymous_4)
FN:23,(anonymous_5)
FN:30,(anonymous_6)
FN:37,(anonymous_7)
FN:52,(anonymous_8)
FN:61,(anonymous_9)
FN:68,(anonymous_10)
FN:75,(anonymous_11)
FN:82,(anonymous_12)
FN:92,(anonymous_13)
FNF:10
FNH:1
FNDA:2,(anonymous_4)
FNDA:0,(anonymous_5)
FNDA:0,(anonymous_6)
FNDA:0,(anonymous_7)
FNDA:0,(anonymous_8)
FNDA:0,(anonymous_9)
FNDA:0,(anonymous_10)
FNDA:0,(anonymous_11)
FNDA:0,(anonymous_12)
FNDA:0,(anonymous_13)
DA:1,1
DA:2,1
DA:3,1
DA:5,1
DA:6,1
DA:8,1
DA:9,1
DA:10,1
DA:11,1
DA:13,1
DA:17,1
DA:18,2
DA:23,1
DA:24,0
DA:30,1
DA:31,0
DA:37,1
DA:38,0
DA:52,1
DA:55,0
DA:61,1
DA:62,0
DA:68,1
DA:69,0
DA:75,1
DA:76,0
DA:82,1
DA:86,0
DA:92,1
DA:93,0
LF:30
LH:21
BRF:0
BRH:0
end_of_record
TN:
SF:src/jobs/jobs.module.ts
FNF:0
FNH:0
DA:1,1
DA:3,1
DA:5,1
DA:6,1
DA:7,1
DA:8,1
DA:9,1
DA:10,1
DA:11,1
DA:24,1
LF:10
LH:10
BRF:0
BRH:0
end_of_record
TN:
SF:src/jobs/jobs.service.ts
FN:25,(anonymous_4)
FN:35,(anonymous_5)
FN:43,(anonymous_6)
FN:54,(anonymous_7)
FN:63,(anonymous_8)
FN:101,(anonymous_9)
FN:141,(anonymous_10)
FN:157,(anonymous_11)
FN:172,(anonymous_12)
FN:179,(anonymous_13)
FN:184,(anonymous_14)
FN:213,(anonymous_15)
FN:218,(anonymous_16)
FNF:13
FNH:1
FNDA:2,(anonymous_4)
FNDA:0,(anonymous_5)
FNDA:0,(anonymous_6)
FNDA:0,(anonymous_7)
FNDA:0,(anonymous_8)
FNDA:0,(anonymous_9)
FNDA:0,(anonymous_10)
FNDA:0,(anonymous_11)
FNDA:0,(anonymous_12)
FNDA:0,(anonymous_13)
FNDA:0,(anonymous_14)
FNDA:0,(anonymous_15)
FNDA:0,(anonymous_16)
DA:1,1
DA:2,1
DA:3,1
DA:4,1
DA:6,1
DA:8,1
DA:9,1
DA:11,1
DA:12,1
DA:13,1
DA:18,1
DA:19,1
DA:22,1
DA:23,2
DA:27,2
DA:28,2
DA:29,2
DA:30,2
DA:31,2
DA:32,2
DA:36,0
DA:37,0
DA:44,0
DA:45,0
DA:48,0
DA:49,0
DA:51,0
DA:55,0
DA:56,0
DA:57,0
DA:58,0
DA:59,0
DA:60,0
DA:67,0
DA:68,0
DA:70,0
DA:71,0
DA:77,0
DA:78,0
DA:84,0
DA:92,0
DA:94,0
DA:95,0
DA:97,0
DA:98,0
DA:104,0
DA:108,0
DA:110,0
DA:111,0
DA:117,0
DA:118,0
DA:126,0
DA:130,0
DA:136,0
DA:137,0
DA:138,0
DA:142,0
DA:143,0
DA:144,0
DA:146,0
DA:153,0
DA:154,0
DA:158,0
DA:159,0
DA:161,0
DA:162,0
DA:163,0
DA:164,0
DA:175,0
DA:176,0
DA:180,0
DA:181,0
DA:185,0
DA:186,0
DA:191,0
DA:192,0
DA:195,0
DA:197,0
DA:198,0
DA:204,0
DA:205,0
DA:207,0
DA:214,0
DA:215,0
DA:219,0
LF:85
LH:20
BRDA:48,0,0,0
BRDA:65,1,0,0
BRDA:70,2,0,0
BRDA:77,3,0,0
BRDA:110,4,0,0
BRDA:150,5,0,0
BRDA:150,5,1,0
BRDA:161,6,0,0
BRDA:191,7,0,0
BRDA:191,7,1,0
BRF:10
BRH:0
end_of_record
TN:
SF:src/jobs/dto/client-info.dto.ts
FNF:0
FNH:0
DA:1,1
DA:3,1
DA:5,1
DA:9,1
DA:13,1
LF:5
LH:5
BRF:0
BRH:0
end_of_record
TN:
SF:src/jobs/dto/create-job.dto.ts
FN:7,(anonymous_2)
FNF:1
FNH:0
FNDA:0,(anonymous_2)
DA:1,1
DA:3,1
DA:5,1
DA:7,1
DA:11,1
DA:16,1
DA:21,1
DA:25,1
LF:8
LH:8
BRF:0
BRH:0
end_of_record
TN:
SF:src/jobs/dto/job-status.query.dto.ts
FNF:0
FNH:0
DA:1,1
DA:3,1
DA:5,1
DA:7,1
LF:4
LH:4
BRF:0
BRH:0
end_of_record
TN:
SF:src/jobs/dto/register-job.dto.ts
FNF:0
FNH:0
DA:1,1
DA:2,1
DA:4,1
DA:6,1
DA:9,1
DA:12,1
DA:15,1
LF:7
LH:7
BRF:0
BRH:0
end_of_record
TN:
SF:src/jobs/dto/task-info.dto.ts
FNF:0
FNH:0
DA:1,1
DA:3,1
DA:6,1
DA:10,1
DA:14,1
DA:18,1
DA:22,1
DA:26,1
LF:8
LH:8
BRF:0
BRH:0
end_of_record
TN:
SF:src/jobs/entities/job-connections.entity.ts
FN:10,(anonymous_2)
FN:25,(anonymous_3)
FNF:2
FNH:2
FNDA:16,(anonymous_2)
FNDA:6,(anonymous_3)
DA:1,1
DA:3,1
DA:5,1
DA:6,1
DA:9,1
DA:11,16
DA:13,16
DA:17,1
DA:20,1
DA:23,1
DA:25,6
DA:26,1
LF:12
LH:12
BRF:0
BRH:0
end_of_record
TN:
SF:src/jobs/entities/job.entity.ts
FN:19,(anonymous_2)
FN:30,(anonymous_3)
FN:31,(anonymous_4)
FN:37,(anonymous_5)
FN:40,(anonymous_6)
FN:43,(anonymous_7)
FN:46,(anonymous_8)
FN:46,(anonymous_9)
FNF:8
FNH:8
FNDA:1,(anonymous_2)
FNDA:28,(anonymous_3)
FNDA:6,(anonymous_4)
FNDA:6,(anonymous_5)
FNDA:6,(anonymous_6)
FNDA:2,(anonymous_7)
FNDA:6,(anonymous_8)
FNDA:2,(anonymous_9)
DA:1,1
DA:3,1
DA:14,1
DA:15,1
DA:16,1
DA:17,1
DA:19,1
DA:20,1
DA:21,1
DA:22,1
DA:23,1
DA:24,1
DA:25,1
DA:26,1
DA:30,1
DA:31,6
DA:32,1
DA:35,1
DA:37,6
DA:38,1
DA:40,6
DA:41,1
DA:43,2
DA:44,28
DA:46,6
DA:50,28
DA:53,1
LF:27
LH:27
BRDA:19,0,0,1
BRDA:19,0,1,1
BRF:2
BRH:2
end_of_record
TN:
SF:src/network/network.config.service.ts
FN:7,(anonymous_2)
FN:9,(anonymous_3)
FN:13,(anonymous_4)
FN:17,(anonymous_5)
FN:21,(anonymous_6)
FNF:5
FNH:3
FNDA:2,(anonymous_2)
FNDA:6,(anonymous_3)
FNDA:12,(anonymous_4)
FNDA:0,(anonymous_5)
FNDA:0,(anonymous_6)
DA:1,1
DA:3,1
DA:6,1
DA:7,2
DA:10,6
DA:14,12
DA:18,0
DA:22,0
LF:8
LH:6
BRF:0
BRH:0
end_of_record
TN:
SF:src/network/network.controller.ts
FN:11,(anonymous_4)
FN:19,(anonymous_5)
FN:25,(anonymous_6)
FN:31,(anonymous_7)
FN:38,(anonymous_8)
FN:45,(anonymous_9)
FN:52,(anonymous_10)
FNF:7
FNH:1
FNDA:2,(anonymous_4)
FNDA:0,(anonymous_5)
FNDA:0,(anonymous_6)
FNDA:0,(anonymous_7)
FNDA:0,(anonymous_8)
FNDA:0,(anonymous_9)
FNDA:0,(anonymous_10)
DA:1,1
DA:2,1
DA:4,1
DA:5,1
DA:6,1
DA:10,1
DA:12,2
DA:13,2
DA:19,1
DA:20,0
DA:25,1
DA:26,0
DA:31,1
DA:32,0
DA:38,1
DA:39,0
DA:45,1
DA:46,0
DA:52,1
DA:53,0
LF:20
LH:14
BRF:0
BRH:0
end_of_record
TN:
SF:src/network/network.module.ts
FNF:0
FNH:0
DA:1,1
DA:3,1
DA:5,1
DA:6,1
DA:7,1
DA:8,1
DA:9,1
DA:17,1
LF:8
LH:8
BRF:0
BRH:0
end_of_record
TN:
SF:src/network/network.service.ts
FN:21,(anonymous_4)
FN:29,(anonymous_5)
FN:31,(anonymous_6)
FN:40,(anonymous_7)
FN:47,(anonymous_8)
FN:51,(anonymous_9)
FN:89,(anonymous_10)
FN:93,(anonymous_11)
FN:112,(anonymous_12)
FN:123,(anonymous_13)
FN:129,(anonymous_14)
FN:149,(anonymous_15)
FN:157,(anonymous_16)
FNF:13
FNH:9
FNDA:2,(anonymous_4)
FNDA:2,(anonymous_5)
FNDA:2,(anonymous_6)
FNDA:0,(anonymous_7)
FNDA:0,(anonymous_8)
FNDA:0,(anonymous_9)
FNDA:2,(anonymous_10)
FNDA:4,(anonymous_11)
FNDA:4,(anonymous_12)
FNDA:2,(anonymous_13)
FNDA:12,(anonymous_14)
FNDA:2,(anonymous_15)
FNDA:0,(anonymous_16)
DA:1,1
DA:2,1
DA:3,1
DA:5,1
DA:7,1
DA:8,1
DA:10,1
DA:12,1
DA:13,1
DA:14,1
DA:18,1
DA:19,2
DA:22,2
DA:24,2
DA:25,2
DA:26,2
DA:30,2
DA:31,2
DA:32,2
DA:33,2
DA:41,0
DA:48,0
DA:55,0
DA:57,0
DA:58,0
DA:64,0
DA:67,0
DA:68,0
DA:69,0
DA:71,0
DA:74,0
DA:76,0
DA:77,0
DA:78,0
DA:79,0
DA:81,0
DA:82,0
DA:83,0
DA:90,2
DA:93,4
DA:96,2
DA:97,4
DA:99,4
DA:101,4
DA:102,4
DA:105,0
DA:106,0
DA:112,4
DA:113,2
DA:114,0
DA:117,2
DA:124,2
DA:125,2
DA:127,2
DA:128,6
DA:130,12
DA:134,6
DA:135,4
DA:143,2
DA:150,2
DA:151,2
DA:158,0
DA:160,0
DA:161,0
LF:64
LH:40
BRDA:57,0,0,0
BRDA:67,1,0,0
BRDA:67,1,1,0
BRDA:99,2,0,4
BRDA:99,2,1,0
BRDA:113,3,0,0
BRDA:130,4,0,12
BRDA:130,4,1,12
BRDA:130,4,2,6
BRDA:130,4,3,6
BRDA:134,5,0,4
BRF:11
BRH:6
end_of_record
TN:
SF:src/network/dhcp/dhcp.config.service.ts
FN:7,(anonymous_2)
FN:9,(anonymous_3)
FNF:2
FNH:1
FNDA:2,(anonymous_2)
FNDA:0,(anonymous_3)
DA:1,1
DA:3,1
DA:6,1
DA:7,2
DA:10,0
LF:5
LH:4
BRF:0
BRH:0
end_of_record
TN:
SF:src/network/dhcp/dhcp.module.ts
FNF:0
FNH:0
DA:1,1
DA:3,1
DA:5,1
DA:6,1
DA:7,1
DA:15,1
LF:6
LH:6
BRF:0
BRH:0
end_of_record
TN:
SF:src/network/dhcp/dhcp.service.ts
FN:17,(anonymous_4)
FN:80,(anonymous_5)
FN:84,(anonymous_6)
FN:89,(anonymous_7)
FN:97,(anonymous_8)
FN:106,(anonymous_9)
FN:118,(anonymous_10)
FN:125,(anonymous_11)
FN:138,(anonymous_12)
FN:142,(anonymous_13)
FN:149,(anonymous_14)
FN:151,(anonymous_15)
FN:156,(anonymous_16)
FN:161,(anonymous_17)
FN:162,(anonymous_18)
FNF:15
FNH:4
FNDA:2,(anonymous_4)
FNDA:1,(anonymous_5)
FNDA:0,(anonymous_6)
FNDA:2,(anonymous_7)
FNDA:0,(anonymous_8)
FNDA:0,(anonymous_9)
FNDA:0,(anonymous_10)
FNDA:0,(anonymous_11)
FNDA:0,(anonymous_12)
FNDA:0,(anonymous_13)
FNDA:1,(anonymous_14)
FNDA:0,(anonymous_15)
FNDA:0,(anonymous_16)
FNDA:0,(anonymous_17)
FNDA:0,(anonymous_18)
DA:1,1
DA:2,1
DA:4,1
DA:6,1
DA:7,1
DA:9,1
DA:10,1
DA:13,1
DA:14,2
DA:15,2
DA:18,2
DA:20,2
DA:23,2
DA:28,2
DA:33,2
DA:38,2
DA:43,2
DA:48,2
DA:53,2
DA:58,2
DA:63,2
DA:68,2
DA:73,2
DA:81,1
DA:85,0
DA:86,0
DA:90,2
DA:92,2
DA:93,0
DA:98,0
DA:99,0
DA:101,0
DA:102,0
DA:107,0
DA:108,0
DA:109,0
DA:112,0
DA:115,0
DA:119,0
DA:120,0
DA:121,0
DA:126,0
DA:128,0
DA:137,0
DA:138,0
DA:139,0
DA:142,0
DA:143,0
DA:146,0
DA:150,1
DA:151,1
DA:152,1
DA:153,1
DA:157,0
DA:161,1
DA:162,0
DA:164,0
DA:165,0
DA:168,0
DA:175,0
DA:178,0
DA:180,0
DA:183,0
DA:187,0
DA:191,0
LF:65
LH:31
BRDA:101,0,0,0
BRDA:108,1,0,0
BRDA:119,2,0,0
BRDA:165,3,0,0
BRDA:165,3,1,0
BRDA:178,4,0,0
BRDA:178,4,1,0
BRDA:178,4,2,0
BRDA:178,4,3,0
BRDA:178,4,4,0
BRF:10
BRH:0
end_of_record
TN:
SF:src/network/dhcp/dto/configure-dhcp.dto.ts
FN:5,(anonymous_2)
FNF:1
FNH:0
FNDA:0,(anonymous_2)
DA:1,1
DA:3,1
DA:5,1
DA:8,1
DA:13,1
DA:17,1
DA:22,1
DA:27,1
DA:32,1
DA:37,1
DA:41,1
DA:46,1
LF:12
LH:12
BRF:0
BRH:0
end_of_record
TN:
SF:src/network/dhcp/entities/dhcp-config.entity.ts
FN:7,(anonymous_2)
FN:22,(anonymous_3)
FN:50,(anonymous_4)
FNF:3
FNH:3
FNDA:60,(anonymous_2)
FNDA:44,(anonymous_3)
FNDA:6,(anonymous_4)
DA:1,1
DA:2,1
DA:4,1
DA:7,1
DA:9,60
DA:12,60
DA:15,60
DA:18,60
DA:22,1
DA:24,44
DA:27,44
DA:30,1
DA:33,1
DA:36,1
DA:39,1
DA:42,1
DA:45,1
DA:48,44
DA:50,6
DA:51,1
DA:54,44
LF:21
LH:21
BRF:0
BRH:0
end_of_record
TN:
SF:src/network/entities/network-address.entity.ts
FN:19,(anonymous_2)
FNF:1
FNH:1
FNDA:6,(anonymous_2)
DA:1,1
DA:3,1
DA:6,1
DA:8,1
DA:11,1
DA:14,1
DA:17,1
DA:19,6
DA:20,1
LF:9
LH:9
BRF:0
BRH:0
end_of_record
TN:
SF:src/network/entities/network-interface.entity.ts
FN:10,(anonymous_2)
FN:17,(anonymous_3)
FN:20,(anonymous_4)
FNF:3
FNH:3
FNDA:16,(anonymous_2)
FNDA:6,(anonymous_3)
FNDA:10,(anonymous_4)
DA:1,1
DA:3,1
DA:5,1
DA:7,1
DA:10,1
DA:12,1
DA:15,1
DA:17,6
DA:18,1
DA:20,10
DA:21,16
LF:11
LH:11
BRF:0
BRH:0
end_of_record
TN:
SF:src/network/utils/network.helper.ts
FN:10,getBroadcast
FN:12,(anonymous_1)
FN:19,(anonymous_2)
FN:27,(anonymous_3)
FNF:4
FNH:0
FNDA:0,getBroadcast
FNDA:0,(anonymous_1)
FNDA:0,(anonymous_2)
FNDA:0,(anonymous_3)
DA:10,0
DA:12,0
DA:16,0
DA:19,0
DA:24,0
DA:27,0
LF:6
LH:0
BRDA:16,0,0,0
BRDA:16,0,1,0
BRF:2
BRH:0
end_of_record
TN:
SF:src/pxe/pxe.module.ts
FNF:0
FNH:0
DA:1,1
DA:3,1
DA:4,1
DA:5,1
DA:12,1
LF:5
LH:5
BRF:0
BRH:0
end_of_record
TN:
SF:src/pxe/pxe.service.ts
FN:5,(anonymous_2)
FNF:1
FNH:0
FNDA:0,(anonymous_2)
DA:1,0
DA:4,0
LF:2
LH:0
BRF:0
BRH:0
end_of_record
TN:
SF:src/pxe/tftp/tftp.config.service.ts
FN:7,(anonymous_2)
FN:9,(anonymous_3)
FN:13,(anonymous_4)
FNF:3
FNH:2
FNDA:2,(anonymous_2)
FNDA:2,(anonymous_3)
FNDA:0,(anonymous_4)
DA:1,1
DA:3,1
DA:6,1
DA:7,2
DA:10,2
DA:14,0
LF:6
LH:5
BRF:0
BRH:0
end_of_record
TN:
SF:src/pxe/tftp/tftp.module.ts
FNF:0
FNH:0
DA:1,1
DA:3,1
DA:4,1
DA:11,1
LF:4
LH:4
BRF:0
BRH:0
end_of_record
TN:
SF:src/pxe/tftp/tftp.service.ts
FN:14,(anonymous_2)
FN:16,(anonymous_3)
FN:21,(anonymous_4)
FN:31,(anonymous_5)
FNF:4
FNH:3
FNDA:2,(anonymous_2)
FNDA:2,(anonymous_3)
FNDA:0,(anonymous_4)
FNDA:1,(anonymous_5)
DA:1,1
DA:2,1
DA:3,1
DA:5,1
DA:7,1
DA:10,1
DA:11,2
DA:14,2
DA:17,2
DA:19,2
DA:21,2
DA:22,0
DA:23,0
DA:24,0
DA:28,2
DA:32,1
DA:33,1
LF:17
LH:14
BRF:0
BRH:0
end_of_record
TN:
SF:src/pxe/tftp/tftp2.d.ts
FNF:0
FNH:0
LF:0
LH:0
BRF:0
BRH:0
end_of_record
TN:
SF:src/pxe/veeam/veaam.config.service.ts
FN:7,(anonymous_2)
FN:9,(anonymous_3)
FN:13,(anonymous_4)
FN:17,(anonymous_5)
FN:21,(anonymous_6)
FNF:5
FNH:1
FNDA:2,(anonymous_2)
FNDA:0,(anonymous_3)
FNDA:0,(anonymous_4)
FNDA:0,(anonymous_5)
FNDA:0,(anonymous_6)
DA:1,1
DA:3,1
DA:6,1
DA:7,2
DA:10,0
DA:14,0
DA:18,0
DA:22,0
LF:8
LH:4
BRF:0
BRH:0
end_of_record
TN:
SF:src/pxe/veeam/veeam.module.ts
FNF:0
FNH:0
DA:1,1
DA:3,1
DA:4,1
DA:11,1
LF:4
LH:4
BRF:0
BRH:0
end_of_record
TN:
SF:src/pxe/veeam/veeam.service.ts
FN:12,(anonymous_2)
FN:17,(anonymous_3)
FNF:2
FNH:1
FNDA:2,(anonymous_2)
FNDA:0,(anonymous_3)
DA:1,1
DA:2,1
DA:4,1
DA:6,1
DA:8,1
DA:11,1
DA:13,2
DA:14,2
DA:18,0
DA:28,0
LF:10
LH:8
BRDA:17,0,0,0
BRF:1
BRH:0
end_of_record
TN:
SF:src/pxe/winPe/capturing.service.ts
FN:11,(anonymous_2)
FN:13,(anonymous_3)
FN:24,(anonymous_4)
FN:39,(anonymous_5)
FN:47,(anonymous_6)
FN:51,(anonymous_7)
FN:64,(anonymous_8)
FN:68,(anonymous_9)
FN:72,(anonymous_10)
FN:82,(anonymous_11)
FNF:10
FNH:1
FNDA:2,(anonymous_2)
FNDA:0,(anonymous_3)
FNDA:0,(anonymous_4)
FNDA:0,(anonymous_5)
FNDA:0,(anonymous_6)
FNDA:0,(anonymous_7)
FNDA:0,(anonymous_8)
FNDA:0,(anonymous_9)
FNDA:0,(anonymous_10)
FNDA:0,(anonymous_11)
DA:1,1
DA:2,1
DA:3,1
DA:5,1
DA:7,1
DA:10,1
DA:11,2
DA:14,0
DA:15,0
DA:17,0
DA:18,0
DA:19,0
DA:21,0
DA:25,0
DA:35,0
DA:36,0
DA:40,0
DA:41,0
DA:48,0
DA:49,0
DA:51,0
DA:52,0
DA:62,0
DA:64,0
DA:65,0
DA:68,0
DA:69,0
DA:72,0
DA:73,0
DA:74,0
DA:76,0
DA:86,0
DA:87,0
DA:89,0
DA:90,0
DA:91,0
DA:93,0
LF:37
LH:7
BRDA:73,0,0,0
BRDA:73,0,1,0
BRF:2
BRH:0
end_of_record
TN:
SF:src/pxe/winPe/imaging.service.ts
FN:8,(anonymous_1)
FN:12,(anonymous_2)
FN:18,(anonymous_3)
FN:31,(anonymous_4)
FN:43,(anonymous_5)
FN:85,(anonymous_6)
FN:86,(anonymous_7)
FN:94,(anonymous_8)
FN:101,(anonymous_9)
FN:108,(anonymous_10)
FN:111,(anonymous_11)
FNF:11
FNH:1
FNDA:2,(anonymous_1)
FNDA:0,(anonymous_2)
FNDA:0,(anonymous_3)
FNDA:0,(anonymous_4)
FNDA:0,(anonymous_5)
FNDA:0,(anonymous_6)
FNDA:0,(anonymous_7)
FNDA:0,(anonymous_8)
FNDA:0,(anonymous_9)
FNDA:0,(anonymous_10)
FNDA:0,(anonymous_11)
DA:1,1
DA:2,1
DA:3,1
DA:5,1
DA:8,1
DA:9,2
DA:10,2
DA:13,0
DA:14,0
DA:15,0
DA:19,0
DA:26,0
DA:27,0
DA:32,0
DA:40,0
DA:44,0
DA:45,0
DA:82,0
DA:86,0
DA:87,0
DA:94,0
DA:95,0
DA:96,0
DA:102,0
DA:104,0
DA:105,0
DA:108,0
DA:109,0
DA:111,0
DA:112,0
DA:113,0
LF:31
LH:7
BRDA:95,0,0,0
BRDA:95,0,1,0
BRDA:101,1,0,0
BRDA:104,2,0,0
BRDA:112,3,0,0
BRDA:112,3,1,0
BRF:6
BRH:0
end_of_record
TN:
SF:src/pxe/winPe/winPe.config.service.ts
FN:7,(anonymous_2)
FN:9,(anonymous_3)
FNF:2
FNH:1
FNDA:2,(anonymous_2)
FNDA:0,(anonymous_3)
DA:1,1
DA:3,1
DA:6,1
DA:7,2
DA:10,0
LF:5
LH:4
BRF:0
BRH:0
end_of_record
TN:
SF:src/pxe/winPe/winPe.module.ts
FNF:0
FNH:0
DA:1,1
DA:3,1
DA:4,1
DA:5,1
DA:11,1
LF:5
LH:5
BRF:0
BRH:0
end_of_record
TN:
SF:src/staticFile/static-file.config.service.ts
FN:8,(anonymous_2)
FN:10,(anonymous_3)
FN:23,(anonymous_4)
FNF:3
FNH:3
FNDA:4,(anonymous_2)
FNDA:2,(anonymous_3)
FNDA:2,(anonymous_4)
DA:1,1
DA:3,1
DA:7,1
DA:8,4
DA:11,2
DA:24,2
LF:6
LH:6
BRF:0
BRH:0
end_of_record
TN:
SF:src/staticFile/static-file.module.ts
FNF:0
FNH:0
DA:1,1
DA:2,1
DA:4,1
DA:11,1
LF:4
LH:4
BRF:0
BRH:0
end_of_record
TN:
SF:src/users/user.module.ts
FNF:0
FNH:0
DA:1,1
DA:7,1
LF:2
LH:2
BRF:0
BRH:0
end_of_record
TN:
SF:src/users/entities/user.entity.ts
FN:5,(anonymous_2)
FN:19,(anonymous_3)
FNF:2
FNH:0
FNDA:0,(anonymous_2)
FNDA:0,(anonymous_3)
DA:1,0
DA:3,0
DA:5,0
DA:6,0
DA:7,0
DA:8,0
DA:12,0
DA:14,0
DA:17,0
DA:19,0
DA:20,0
DA:23,0
DA:26,0
LF:13
LH:0
BRDA:5,0,0,0
BRDA:5,0,1,0
BRF:2
BRH:0
end_of_record
TN:
SF:src/utils/decorators/auth-user.decorator.ts
FNF:0
FNH:0
DA:4,1
LF:1
LH:1
BRF:0
BRH:0
end_of_record
TN:
SF:src/utils/decorators/cookie.decorator.ts
FN:6,(anonymous_0)
FN:12,(anonymous_1)
FN:20,(anonymous_2)
FNF:3
FNH:0
FNDA:0,(anonymous_0)
FNDA:0,(anonymous_1)
FNDA:0,(anonymous_2)
DA:1,1
DA:6,1
DA:7,0
DA:9,0
DA:12,1
DA:13,0
DA:15,0
DA:17,0
DA:18,0
DA:20,0
DA:21,0
DA:28,0
LF:12
LH:3
BRF:0
BRH:0
end_of_record
TN:
SF:src/utils/decorators/user-agent.decorator.ts
FNF:0
FNH:0
DA:1,1
LF:1
LH:1
BRF:0
BRH:0
end_of_record
TN:
SF:src/vpn/vpn.controller.ts
FN:11,(anonymous_4)
FN:16,(anonymous_5)
FN:23,(anonymous_6)
FN:30,(anonymous_7)
FN:37,(anonymous_8)
FN:44,(anonymous_9)
FN:54,(anonymous_10)
FN:61,(anonymous_11)
FNF:8
FNH:1
FNDA:2,(anonymous_4)
FNDA:0,(anonymous_5)
FNDA:0,(anonymous_6)
FNDA:0,(anonymous_7)
FNDA:0,(anonymous_8)
FNDA:0,(anonymous_9)
FNDA:0,(anonymous_10)
FNDA:0,(anonymous_11)
DA:1,1
DA:2,1
DA:4,1
DA:6,1
DA:10,1
DA:11,2
DA:16,1
DA:17,0
DA:23,1
DA:24,0
DA:30,1
DA:31,0
DA:37,1
DA:38,0
DA:44,1
DA:48,0
DA:54,1
DA:55,0
DA:61,1
DA:62,0
LF:20
LH:13
BRF:0
BRH:0
end_of_record
TN:
SF:src/vpn/vpn.module.ts
FNF:0
FNH:0
DA:1,1
DA:3,1
DA:5,1
DA:6,1
DA:7,1
DA:8,1
DA:9,1
DA:10,1
DA:18,1
LF:9
LH:9
BRF:0
BRH:0
end_of_record
TN:
SF:src/vpn/vpn.service.ts
FN:24,(anonymous_4)
FN:31,(anonymous_5)
FN:35,(anonymous_6)
FN:46,(anonymous_7)
FN:48,(anonymous_8)
FN:56,(anonymous_9)
FN:60,(anonymous_10)
FN:65,(anonymous_11)
FN:88,(anonymous_12)
FN:112,(anonymous_13)
FN:126,(anonymous_14)
FN:136,(anonymous_15)
FN:149,(anonymous_16)
FN:154,(anonymous_17)
FN:156,(anonymous_18)
FNF:15
FNH:2
FNDA:2,(anonymous_4)
FNDA:0,(anonymous_5)
FNDA:0,(anonymous_6)
FNDA:0,(anonymous_7)
FNDA:0,(anonymous_8)
FNDA:0,(anonymous_9)
FNDA:0,(anonymous_10)
FNDA:0,(anonymous_11)
FNDA:0,(anonymous_12)
FNDA:0,(anonymous_13)
FNDA:0,(anonymous_14)
FNDA:0,(anonymous_15)
FNDA:0,(anonymous_16)
FNDA:1,(anonymous_17)
FNDA:0,(anonymous_18)
DA:1,1
DA:3,1
DA:4,1
DA:5,1
DA:6,1
DA:8,1
DA:10,1
DA:11,1
DA:12,1
DA:14,1
DA:16,1
DA:20,1
DA:22,2
DA:26,2
DA:27,2
DA:28,2
DA:32,0
DA:36,0
DA:37,0
DA:38,0
DA:43,0
DA:49,0
DA:51,0
DA:61,0
DA:62,0
DA:66,0
DA:68,0
DA:70,0
DA:71,0
DA:72,0
DA:73,0
DA:74,0
DA:79,0
DA:84,0
DA:85,0
DA:89,0
DA:91,0
DA:92,0
DA:93,0
DA:96,0
DA:98,0
DA:99,0
DA:100,0
DA:101,0
DA:102,0
DA:107,0
DA:108,0
DA:109,0
DA:113,0
DA:116,0
DA:117,0
DA:123,0
DA:127,0
DA:129,0
DA:130,0
DA:137,0
DA:138,0
DA:140,0
DA:141,0
DA:142,0
DA:143,0
DA:145,0
DA:149,0
DA:151,0
DA:156,1
LF:65
LH:17
BRDA:37,0,0,0
BRDA:68,1,0,0
BRDA:72,2,0,0
BRDA:91,3,0,0
BRDA:96,4,0,0
BRDA:100,5,0,0
BRDA:100,6,0,0
BRDA:100,6,1,0
BRDA:116,7,0,0
BRDA:132,8,0,0
BRDA:132,8,1,0
BRDA:136,9,0,0
BRDA:136,10,0,0
BRDA:141,11,0,0
BRDA:141,11,1,0
BRF:15
BRH:0
end_of_record
TN:
SF:src/vpn/dto/create-vpn-profile.dto.ts
FN:15,(anonymous_2)
FNF:1
FNH:0
FNDA:0,(anonymous_2)
DA:1,1
DA:11,1
DA:13,1
DA:15,1
DA:19,1
DA:23,1
DA:28,1
DA:33,1
DA:37,1
DA:42,1
DA:47,1
DA:52,1
DA:57,1
DA:61,1
DA:66,1
LF:15
LH:15
BRF:0
BRH:0
end_of_record
TN:
SF:src/vpn/entities/vpn-profile.entity.ts
FN:7,(anonymous_2)
FN:47,(anonymous_3)
FN:51,(anonymous_4)
FN:54,(anonymous_5)
FN:72,(anonymous_6)
FN:75,(anonymous_7)
FNF:6
FNH:6
FNDA:1,(anonymous_2)
FNDA:40,(anonymous_3)
FNDA:2,(anonymous_4)
FNDA:6,(anonymous_5)
FNDA:12,(anonymous_6)
FNDA:14,(anonymous_7)
DA:1,1
DA:3,1
DA:5,1
DA:7,1
DA:8,1
DA:9,1
DA:10,1
DA:11,1
DA:12,1
DA:13,1
DA:17,1
DA:19,1
DA:22,1
DA:25,1
DA:28,1
DA:31,1
DA:35,1
DA:37,1
DA:40,1
DA:43,1
DA:47,1
DA:49,1
DA:51,2
DA:52,1
DA:54,6
DA:55,1
DA:58,1
DA:61,1
DA:64,1
DA:67,1
DA:70,40
DA:72,12
DA:73,1
DA:75,14
DA:76,1
LF:35
LH:35
BRDA:7,0,0,1
BRDA:7,0,1,1
BRF:2
BRH:2
end_of_record
TN:
SF:src/vpn/types/vpn-type.service.ts
FN:8,(anonymous_0)
FN:15,(anonymous_1)
FN:25,(anonymous_2)
FN:33,(anonymous_3)
FN:39,(anonymous_4)
FNF:5
FNH:1
FNDA:4,(anonymous_0)
FNDA:0,(anonymous_1)
FNDA:0,(anonymous_2)
FNDA:0,(anonymous_3)
FNDA:0,(anonymous_4)
DA:1,1
DA:3,1
DA:8,1
DA:9,4
DA:16,0
DA:17,0
DA:20,0
DA:34,0
DA:36,0
DA:37,0
DA:38,0
DA:39,0
DA:41,0
LF:13
LH:4
BRF:0
BRH:0
end_of_record
TN:
SF:src/vpn/types/openconnect/openconnect-vpn.service.ts
FN:12,(anonymous_1)
FN:13,(anonymous_2)
FN:18,(anonymous_3)
FN:50,(anonymous_4)
FNF:4
FNH:2
FNDA:2,(anonymous_1)
FNDA:2,(anonymous_2)
FNDA:0,(anonymous_3)
FNDA:0,(anonymous_4)
DA:1,1
DA:2,1
DA:3,1
DA:6,1
DA:8,1
DA:9,1
DA:12,1
DA:14,2
DA:16,2
DA:19,0
DA:29,0
DA:35,0
DA:37,0
DA:46,0
DA:47,0
DA:51,0
DA:58,0
DA:61,0
LF:18
LH:9
BRDA:19,0,0,0
BRDA:20,1,0,0
BRDA:20,1,1,0
BRDA:20,1,2,0
BRDA:20,1,3,0
BRDA:20,1,4,0
BRDA:20,1,5,0
BRDA:20,1,6,0
BRDA:20,1,7,0
BRDA:38,2,0,0
BRDA:38,2,1,0
BRDA:51,3,0,0
BRDA:52,4,0,0
BRDA:52,4,1,0
BRDA:52,4,2,0
BRDA:52,4,3,0
BRDA:52,4,4,0
BRF:17
BRH:0
end_of_record
TN:
SF:src/vpn/types/openconnect/lib/exec.ts
FN:18,(anonymous_0)
FN:24,(anonymous_1)
FN:27,(anonymous_2)
FN:30,(anonymous_3)
FNF:4
FNH:1
FNDA:2,(anonymous_0)
FNDA:0,(anonymous_1)
FNDA:0,(anonymous_2)
FNDA:0,(anonymous_3)
DA:1,1
DA:2,1
DA:4,1
DA:18,1
DA:19,2
DA:20,2
DA:21,2
DA:22,0
DA:23,0
DA:24,0
DA:26,0
DA:27,0
DA:29,0
DA:30,0
DA:35,2
DA:36,2
DA:37,2
LF:17
LH:10
BRDA:21,0,0,0
BRDA:23,1,0,0
BRDA:23,2,0,0
BRDA:23,2,1,0
BRDA:26,3,0,0
BRDA:26,4,0,0
BRDA:26,4,1,0
BRDA:29,5,0,0
BRDA:29,6,0,0
BRDA:29,6,1,0
BRDA:36,7,0,0
BRF:11
BRH:0
end_of_record
TN:
SF:src/vpn/types/openconnect/lib/openconnect.helper.ts
FN:3,(anonymous_0)
FN:15,(anonymous_1)
FN:17,(anonymous_2)
FN:32,(anonymous_3)
FNF:4
FNH:1
FNDA:0,(anonymous_0)
FNDA:0,(anonymous_1)
FNDA:0,(anonymous_2)
FNDA:2,(anonymous_3)
DA:1,1
DA:3,1
DA:11,0
DA:12,0
DA:15,0
DA:18,0
DA:23,0
DA:32,1
DA:33,2
DA:34,2
DA:35,2
DA:37,0
LF:12
LH:6
BRF:0
BRH:0
end_of_record
TN:
SF:src/vpn/types/wireguard/wireguard-vpn.service.ts
FN:13,(anonymous_1)
FN:18,(anonymous_2)
FN:21,(anonymous_3)
FN:60,(anonymous_4)
FN:68,(anonymous_5)
FNF:5
FNH:1
FNDA:0,(anonymous_1)
FNDA:2,(anonymous_2)
FNDA:0,(anonymous_3)
FNDA:0,(anonymous_4)
FNDA:0,(anonymous_5)
DA:1,1
DA:2,1
DA:3,1
DA:4,1
DA:5,1
DA:7,1
DA:9,1
DA:11,1
DA:13,1
DA:14,0
DA:18,1
DA:19,2
DA:22,0
DA:31,0
DA:37,0
DA:39,0
DA:40,0
DA:56,0
DA:57,0
DA:59,0
DA:60,0
DA:61,0
DA:62,0
DA:65,0
DA:69,0
DA:70,0
DA:73,0
LF:27
LH:11
BRDA:22,0,0,0
BRDA:23,1,0,0
BRDA:23,1,1,0
BRDA:23,1,2,0
BRDA:23,1,3,0
BRDA:23,1,4,0
BRDA:23,1,5,0
BRDA:23,1,6,0
BRDA:50,2,0,0
BRDA:50,2,1,0
BRDA:69,3,0,0
BRDA:69,4,0,0
BRDA:69,4,1,0
BRF:13
BRH:0
end_of_record
TN:
SF:test/testutils/auth.testutil.ts
FN:6,getValidJwt
FN:12,getInvalidJwt
FN:18,getMalformedJwt
FN:22,getExpiredJwt
FNF:4
FNH:4
FNDA:2,getValidJwt
FNDA:1,getInvalidJwt
FNDA:1,getMalformedJwt
FNDA:2,getExpiredJwt
DA:1,1
DA:3,1
DA:6,1
DA:8,2
DA:9,2
DA:12,1
DA:14,1
DA:15,1
DA:18,1
DA:19,1
DA:22,1
DA:23,2
DA:25,2
LF:13
LH:13
BRF:0
BRH:0
end_of_record
TN:
SF:test/testutils/config.testutil.ts
FNF:0
FNH:0
DA:1,1
LF:1
LH:1
BRF:0
BRH:0
end_of_record
TN:
SF:test/testutils/setup.testutil.ts
FN:6,setupTestbed
FNF:1
FNH:1
FNDA:1,setupTestbed
DA:3,1
DA:6,1
DA:7,1
DA:8,1
LF:4
LH:4
BRF:0
BRH:0
end_of_record
TN:
SF:types/dhcp.d.ts
FNF:0
FNH:0
LF:0
LH:0
BRF:0
BRH:0
end_of_record
